[ 2014-01-28T11:15:39+08:00 ] 42.156.139.42 /service/index.php
INFO: [ app_begin ] --START--
INFO: ReadHtmlCache Behavior ::run [ RunTime:0.012829s ]
INFO: [ app_begin ] --END-- [ RunTime:0.013020s ]
NOTIC: [8] Undefined index: username /home/4/f/fangxinworld/www/service/Home/Lib/Action/IndexAction.class.php 第 5 行.

[ 2014-01-28T11:15:41+08:00 ] 42.156.139.42 /service/index.php/User/login.html
INFO: [ route_check ] --START--
INFO: CheckRoute Behavior ::run [ RunTime:0.005712s ]
INFO: [ route_check ] --END-- [ RunTime:0.005842s ]
INFO: [ app_begin ] --START--
INFO: ReadHtmlCache Behavior ::run [ RunTime:0.000897s ]
INFO: [ app_begin ] --END-- [ RunTime:0.000973s ]
INFO: [ view_parse ] --START--
INFO: ParseTemplate Behavior ::run [ RunTime:0.377008s ]
INFO: [ view_parse ] --END-- [ RunTime:0.377156s ]
INFO: [ view_filter ] --START--
INFO: ContentReplace Behavior ::run [ RunTime:0.005120s ]
INFO: TokenBuild Behavior ::run [ RunTime:0.007118s ]
INFO: WriteHtmlCache Behavior ::run [ RunTime:0.004518s ]
INFO: ShowRuntime Behavior ::run [ RunTime:0.001489s ]
INFO: [ view_filter ] --END-- [ RunTime:0.018503s ]
INFO: [ view_end ] --START--
INFO: ShowPageTrace Behavior ::run [ RunTime:0.007746s ]
INFO: [ view_end ] --END-- [ RunTime:0.007835s ]

