[ 2014-05-20T10:18:50+08:00 ] 58.218.185.27 /service/index.php
INFO: [ app_begin ] --START--
INFO: ReadHtmlCache Behavior ::run [ RunTime:0.015814s ]
INFO: [ app_begin ] --END-- [ RunTime:0.015974s ]
NOTIC: [8] Undefined index: username /home/4/f/fangxinworld/www/service/Home/Lib/Action/IndexAction.class.php 第 5 行.

[ 2014-05-20T10:18:50+08:00 ] 58.218.185.27 /service/index.php/User/login.html
INFO: [ route_check ] --START--
INFO: CheckRoute Behavior ::run [ RunTime:0.012780s ]
INFO: [ route_check ] --END-- [ RunTime:0.012930s ]
INFO: [ app_begin ] --START--
INFO: ReadHtmlCache Behavior ::run [ RunTime:0.000951s ]
INFO: [ app_begin ] --END-- [ RunTime:0.001034s ]
INFO: [ view_parse ] --START--
INFO: ParseTemplate Behavior ::run [ RunTime:0.081135s ]
INFO: [ view_parse ] --END-- [ RunTime:0.081247s ]
INFO: [ view_filter ] --START--
INFO: ContentReplace Behavior ::run [ RunTime:0.009030s ]
INFO: TokenBuild Behavior ::run [ RunTime:0.001584s ]
INFO: WriteHtmlCache Behavior ::run [ RunTime:0.006010s ]
INFO: ShowRuntime Behavior ::run [ RunTime:0.001712s ]
INFO: [ view_filter ] --END-- [ RunTime:0.018589s ]
INFO: [ view_end ] --START--
INFO: ShowPageTrace Behavior ::run [ RunTime:0.001827s ]
INFO: [ view_end ] --END-- [ RunTime:0.001908s ]

