[ 2014-08-12T10:38:49+08:00 ] 123.138.32.228 /service/index.php
INFO: [ app_begin ] --START--
INFO: ReadHtmlCache Behavior ::run [ RunTime:0.002142s ]
INFO: [ app_begin ] --END-- [ RunTime:0.002277s ]
NOTIC: [8] Undefined index: username /home/4/f/fangxinworld/www/service/Home/Lib/Action/IndexAction.class.php 第 5 行.

[ 2014-08-12T10:38:51+08:00 ] 123.138.32.228 /service/index.php/User/login.html
INFO: [ route_check ] --START--
INFO: CheckRoute Behavior ::run [ RunTime:0.002246s ]
INFO: [ route_check ] --END-- [ RunTime:0.002362s ]
INFO: [ app_begin ] --START--
INFO: ReadHtmlCache Behavior ::run [ RunTime:0.000810s ]
INFO: [ app_begin ] --END-- [ RunTime:0.000882s ]
INFO: [ view_parse ] --START--
INFO: ParseTemplate Behavior ::run [ RunTime:0.018920s ]
INFO: [ view_parse ] --END-- [ RunTime:0.018999s ]
INFO: [ view_filter ] --START--
INFO: ContentReplace Behavior ::run [ RunTime:0.001397s ]
INFO: TokenBuild Behavior ::run [ RunTime:0.001731s ]
INFO: WriteHtmlCache Behavior ::run [ RunTime:0.001334s ]
INFO: ShowRuntime Behavior ::run [ RunTime:0.001315s ]
INFO: [ view_filter ] --END-- [ RunTime:0.005971s ]
INFO: [ view_end ] --START--
INFO: ShowPageTrace Behavior ::run [ RunTime:0.001524s ]
INFO: [ view_end ] --END-- [ RunTime:0.001611s ]

[ 2014-08-12T10:39:27+08:00 ] 123.138.32.228 /service/index.php/User/logincheck
INFO: [ route_check ] --START--
INFO: CheckRoute Behavior ::run [ RunTime:0.001534s ]
INFO: [ route_check ] --END-- [ RunTime:0.001665s ]
INFO: [ app_begin ] --START--
INFO: ReadHtmlCache Behavior ::run [ RunTime:0.001114s ]
INFO: [ app_begin ] --END-- [ RunTime:0.001197s ]
SQL: SHOW COLUMNS FROM `think_user` [ RunTime:0.001460s ]
SQL: SELECT * FROM `think_user` WHERE ( uname='bjstry' ) LIMIT 1   [ RunTime:0.000241s ]
INFO: [ view_parse ] --START--
INFO: ParseTemplate Behavior ::run [ RunTime:0.014057s ]
INFO: [ view_parse ] --END-- [ RunTime:0.014151s ]
INFO: [ view_filter ] --START--
INFO: ContentReplace Behavior ::run [ RunTime:0.000965s ]
INFO: TokenBuild Behavior ::run [ RunTime:0.000973s ]
INFO: WriteHtmlCache Behavior ::run [ RunTime:0.000854s ]
INFO: ShowRuntime Behavior ::run [ RunTime:0.001056s ]
INFO: [ view_filter ] --END-- [ RunTime:0.004063s ]
INFO: [ view_end ] --START--
INFO: ShowPageTrace Behavior ::run [ RunTime:0.001219s ]
INFO: [ view_end ] --END-- [ RunTime:0.001314s ]

[ 2014-08-12T10:39:42+08:00 ] 123.138.32.228 /service/index.php/User/logincheck
INFO: [ route_check ] --START--
INFO: CheckRoute Behavior ::run [ RunTime:0.001443s ]
INFO: [ route_check ] --END-- [ RunTime:0.001569s ]
INFO: [ app_begin ] --START--
INFO: ReadHtmlCache Behavior ::run [ RunTime:0.001115s ]
INFO: [ app_begin ] --END-- [ RunTime:0.001197s ]
SQL: SHOW COLUMNS FROM `think_user` [ RunTime:0.033446s ]
SQL: SELECT * FROM `think_user` WHERE ( uname='白劲松' ) LIMIT 1   [ RunTime:0.001681s ]
INFO: [ view_parse ] --START--
INFO: ParseTemplate Behavior ::run [ RunTime:0.025042s ]
INFO: [ view_parse ] --END-- [ RunTime:0.025157s ]
INFO: [ view_filter ] --START--
INFO: ContentReplace Behavior ::run [ RunTime:0.000819s ]
INFO: TokenBuild Behavior ::run [ RunTime:0.002119s ]
INFO: WriteHtmlCache Behavior ::run [ RunTime:0.002107s ]
INFO: ShowRuntime Behavior ::run [ RunTime:0.001711s ]
INFO: [ view_filter ] --END-- [ RunTime:0.006977s ]
INFO: [ view_end ] --START--
INFO: ShowPageTrace Behavior ::run [ RunTime:0.001370s ]
INFO: [ view_end ] --END-- [ RunTime:0.001457s ]

[ 2014-08-12T10:39:59+08:00 ] 123.138.32.228 /service/index.php/User/userAdd
INFO: [ route_check ] --START--
INFO: CheckRoute Behavior ::run [ RunTime:0.001511s ]
INFO: [ route_check ] --END-- [ RunTime:0.001662s ]
INFO: [ app_begin ] --START--
INFO: ReadHtmlCache Behavior ::run [ RunTime:0.001044s ]
INFO: [ app_begin ] --END-- [ RunTime:0.001130s ]
SQL: SHOW COLUMNS FROM `think_user` [ RunTime:0.005323s ]
SQL: INSERT INTO `think_user` (`uname`,`upasswd`,`depart`) VALUES ('bjstry','e63a24f7969fc8ad072af2f72b4647b9','技术部') [ RunTime:0.000991s ]
INFO: [ view_parse ] --START--
INFO: ParseTemplate Behavior ::run [ RunTime:0.012758s ]
INFO: [ view_parse ] --END-- [ RunTime:0.012874s ]
INFO: [ view_filter ] --START--
INFO: ContentReplace Behavior ::run [ RunTime:0.000835s ]
INFO: TokenBuild Behavior ::run [ RunTime:0.001283s ]
INFO: WriteHtmlCache Behavior ::run [ RunTime:0.001018s ]
INFO: ShowRuntime Behavior ::run [ RunTime:0.001345s ]
INFO: [ view_filter ] --END-- [ RunTime:0.004796s ]
INFO: [ view_end ] --START--
INFO: ShowPageTrace Behavior ::run [ RunTime:0.001141s ]
INFO: [ view_end ] --END-- [ RunTime:0.001241s ]

[ 2014-08-12T10:40:01+08:00 ] 123.138.32.228 /service/index.php/User/login
INFO: [ route_check ] --START--
INFO: CheckRoute Behavior ::run [ RunTime:0.001314s ]
INFO: [ route_check ] --END-- [ RunTime:0.001492s ]
INFO: [ app_begin ] --START--
INFO: ReadHtmlCache Behavior ::run [ RunTime:0.001297s ]
INFO: [ app_begin ] --END-- [ RunTime:0.001423s ]
INFO: [ view_parse ] --START--
INFO: ParseTemplate Behavior ::run [ RunTime:0.019771s ]
INFO: [ view_parse ] --END-- [ RunTime:0.019915s ]
INFO: [ view_filter ] --START--
INFO: ContentReplace Behavior ::run [ RunTime:0.001679s ]
INFO: TokenBuild Behavior ::run [ RunTime:0.001486s ]
INFO: WriteHtmlCache Behavior ::run [ RunTime:0.000747s ]
INFO: ShowRuntime Behavior ::run [ RunTime:0.001293s ]
INFO: [ view_filter ] --END-- [ RunTime:0.005522s ]
INFO: [ view_end ] --START--
INFO: ShowPageTrace Behavior ::run [ RunTime:0.001552s ]
INFO: [ view_end ] --END-- [ RunTime:0.001674s ]

[ 2014-08-12T10:40:12+08:00 ] 123.138.32.228 /service/index.php/User/logincheck
INFO: [ route_check ] --START--
INFO: CheckRoute Behavior ::run [ RunTime:0.001352s ]
INFO: [ route_check ] --END-- [ RunTime:0.001472s ]
INFO: [ app_begin ] --START--
INFO: ReadHtmlCache Behavior ::run [ RunTime:0.001032s ]
INFO: [ app_begin ] --END-- [ RunTime:0.001113s ]
SQL: SHOW COLUMNS FROM `think_user` [ RunTime:0.000971s ]
SQL: SELECT * FROM `think_user` WHERE ( uname='bjstry' ) LIMIT 1   [ RunTime:0.000361s ]

[ 2014-08-12T10:40:13+08:00 ] 123.138.32.228 /service/index.php/Index/index.html
INFO: [ route_check ] --START--
INFO: CheckRoute Behavior ::run [ RunTime:0.000967s ]
INFO: [ route_check ] --END-- [ RunTime:0.001067s ]
INFO: [ app_begin ] --START--
INFO: ReadHtmlCache Behavior ::run [ RunTime:0.000719s ]
INFO: [ app_begin ] --END-- [ RunTime:0.000784s ]
INFO: [ view_parse ] --START--
INFO: ParseTemplate Behavior ::run [ RunTime:0.017988s ]
INFO: [ view_parse ] --END-- [ RunTime:0.018062s ]
INFO: [ view_filter ] --START--
INFO: ContentReplace Behavior ::run [ RunTime:0.000823s ]
INFO: TokenBuild Behavior ::run [ RunTime:0.001040s ]
INFO: WriteHtmlCache Behavior ::run [ RunTime:0.000875s ]
INFO: ShowRuntime Behavior ::run [ RunTime:0.001062s ]
INFO: [ view_filter ] --END-- [ RunTime:0.004053s ]
INFO: [ view_end ] --START--
INFO: ShowPageTrace Behavior ::run [ RunTime:0.001308s ]
INFO: [ view_end ] --END-- [ RunTime:0.001432s ]

[ 2014-08-12T10:40:13+08:00 ] 123.138.32.228 /service/index.php/Index/left.html
INFO: [ route_check ] --START--
INFO: CheckRoute Behavior ::run [ RunTime:0.001235s ]
INFO: [ route_check ] --END-- [ RunTime:0.001375s ]
INFO: [ app_begin ] --START--
INFO: ReadHtmlCache Behavior ::run [ RunTime:0.001000s ]
INFO: [ app_begin ] --END-- [ RunTime:0.001083s ]
NOTIC: [8] Constant THEME_NAME already defined /home/4/f/fangxinworld/www/service/ThinkPHP/Lib/Core/View.class.php 第 221 行.
NOTIC: [8] Constant THEME_PATH already defined /home/4/f/fangxinworld/www/service/ThinkPHP/Lib/Core/View.class.php 第 172 行.
NOTIC: [8] Constant APP_TMPL_PATH already defined /home/4/f/fangxinworld/www/service/ThinkPHP/Lib/Core/View.class.php 第 173 行.
INFO: [ view_parse ] --START--
INFO: ParseTemplate Behavior ::run [ RunTime:0.012363s ]
INFO: [ view_parse ] --END-- [ RunTime:0.012452s ]
INFO: [ view_filter ] --START--
INFO: ContentReplace Behavior ::run [ RunTime:0.000519s ]
INFO: TokenBuild Behavior ::run [ RunTime:0.000576s ]
INFO: WriteHtmlCache Behavior ::run [ RunTime:0.000466s ]
INFO: ShowRuntime Behavior ::run [ RunTime:0.000582s ]
INFO: [ view_filter ] --END-- [ RunTime:0.002299s ]
INFO: [ view_end ] --START--
INFO: ShowPageTrace Behavior ::run [ RunTime:0.000718s ]
INFO: [ view_end ] --END-- [ RunTime:0.000774s ]

[ 2014-08-12T10:40:13+08:00 ] 123.138.32.228 /service/index.php/Index/top.html
INFO: [ route_check ] --START--
INFO: CheckRoute Behavior ::run [ RunTime:0.000915s ]
INFO: [ route_check ] --END-- [ RunTime:0.001004s ]
INFO: [ app_begin ] --START--
INFO: ReadHtmlCache Behavior ::run [ RunTime:0.000750s ]
INFO: [ app_begin ] --END-- [ RunTime:0.000809s ]
NOTIC: [8] Constant THEME_NAME already defined /home/4/f/fangxinworld/www/service/ThinkPHP/Lib/Core/View.class.php 第 221 行.
NOTIC: [8] Constant THEME_PATH already defined /home/4/f/fangxinworld/www/service/ThinkPHP/Lib/Core/View.class.php 第 172 行.
NOTIC: [8] Constant APP_TMPL_PATH already defined /home/4/f/fangxinworld/www/service/ThinkPHP/Lib/Core/View.class.php 第 173 行.
INFO: [ view_parse ] --START--
INFO: ParseTemplate Behavior ::run [ RunTime:0.010627s ]
INFO: [ view_parse ] --END-- [ RunTime:0.010723s ]
INFO: [ view_filter ] --START--
INFO: ContentReplace Behavior ::run [ RunTime:0.000597s ]
INFO: TokenBuild Behavior ::run [ RunTime:0.000623s ]
INFO: WriteHtmlCache Behavior ::run [ RunTime:0.000510s ]
INFO: ShowRuntime Behavior ::run [ RunTime:0.000617s ]
INFO: [ view_filter ] --END-- [ RunTime:0.002508s ]
INFO: [ view_end ] --START--
INFO: ShowPageTrace Behavior ::run [ RunTime:0.000740s ]
INFO: [ view_end ] --END-- [ RunTime:0.000798s ]

[ 2014-08-12T10:40:14+08:00 ] 123.138.32.228 /service/index.php/Apply/applyTip.html
INFO: [ route_check ] --START--
INFO: CheckRoute Behavior ::run [ RunTime:0.001683s ]
INFO: [ route_check ] --END-- [ RunTime:0.001833s ]
INFO: [ app_begin ] --START--
INFO: ReadHtmlCache Behavior ::run [ RunTime:0.001348s ]
INFO: [ app_begin ] --END-- [ RunTime:0.001469s ]
NOTIC: [8] Constant THEME_NAME already defined /home/4/f/fangxinworld/www/service/ThinkPHP/Lib/Core/View.class.php 第 221 行.
NOTIC: [8] Constant THEME_PATH already defined /home/4/f/fangxinworld/www/service/ThinkPHP/Lib/Core/View.class.php 第 172 行.
NOTIC: [8] Constant APP_TMPL_PATH already defined /home/4/f/fangxinworld/www/service/ThinkPHP/Lib/Core/View.class.php 第 173 行.
INFO: [ view_parse ] --START--
INFO: ParseTemplate Behavior ::run [ RunTime:0.014334s ]
INFO: [ view_parse ] --END-- [ RunTime:0.014453s ]
INFO: [ view_filter ] --START--
INFO: ContentReplace Behavior ::run [ RunTime:0.000763s ]
INFO: TokenBuild Behavior ::run [ RunTime:0.000748s ]
INFO: WriteHtmlCache Behavior ::run [ RunTime:0.000629s ]
INFO: ShowRuntime Behavior ::run [ RunTime:0.000857s ]
INFO: [ view_filter ] --END-- [ RunTime:0.003213s ]
INFO: [ view_end ] --START--
INFO: ShowPageTrace Behavior ::run [ RunTime:0.001011s ]
INFO: [ view_end ] --END-- [ RunTime:0.001089s ]

[ 2014-08-12T10:40:28+08:00 ] 123.138.32.228 /service/index.php/Tech/workList
INFO: [ route_check ] --START--
INFO: CheckRoute Behavior ::run [ RunTime:0.001307s ]
INFO: [ route_check ] --END-- [ RunTime:0.001436s ]
INFO: [ app_begin ] --START--
INFO: ReadHtmlCache Behavior ::run [ RunTime:0.000929s ]
INFO: [ app_begin ] --END-- [ RunTime:0.001011s ]
SQL: SHOW COLUMNS FROM `think_apply` [ RunTime:0.003546s ]
SQL: SELECT COUNT(*) AS tp_count FROM `think_apply` WHERE ( `status` = 1 ) AND ( `assignstatus` = 1 ) AND ( `techreponsor` = 'bjstry' ) LIMIT 1   [ RunTime:0.009406s ]
SQL: SELECT * FROM `think_apply` WHERE ( `status` = 1 ) AND ( `assignstatus` = 1 ) AND ( `techreponsor` = 'bjstry' ) ORDER BY aid desc LIMIT 0,6   [ RunTime:0.002050s ]
INFO: [ view_parse ] --START--
INFO: ParseTemplate Behavior ::run [ RunTime:0.013450s ]
INFO: [ view_parse ] --END-- [ RunTime:0.013540s ]
INFO: [ view_filter ] --START--
INFO: ContentReplace Behavior ::run [ RunTime:0.000670s ]
INFO: TokenBuild Behavior ::run [ RunTime:0.000760s ]
INFO: WriteHtmlCache Behavior ::run [ RunTime:0.000561s ]
INFO: ShowRuntime Behavior ::run [ RunTime:0.000894s ]
INFO: [ view_filter ] --END-- [ RunTime:0.003099s ]
INFO: [ view_end ] --START--
INFO: ShowPageTrace Behavior ::run [ RunTime:0.001357s ]
INFO: [ view_end ] --END-- [ RunTime:0.001458s ]

[ 2014-08-12T10:40:32+08:00 ] 123.138.32.228 /service/index.php/User/infoManage/id/45
INFO: [ route_check ] --START--
INFO: CheckRoute Behavior ::run [ RunTime:0.001328s ]
INFO: [ route_check ] --END-- [ RunTime:0.001479s ]
INFO: [ app_begin ] --START--
INFO: ReadHtmlCache Behavior ::run [ RunTime:0.000745s ]
INFO: [ app_begin ] --END-- [ RunTime:0.000812s ]
SQL: SHOW COLUMNS FROM `think_user` [ RunTime:0.001788s ]
SQL: SELECT * FROM `think_user` WHERE ( id=45 ) LIMIT 1   [ RunTime:0.000473s ]
INFO: [ view_parse ] --START--
INFO: ParseTemplate Behavior ::run [ RunTime:0.012581s ]
INFO: [ view_parse ] --END-- [ RunTime:0.012702s ]
INFO: [ view_filter ] --START--
INFO: ContentReplace Behavior ::run [ RunTime:0.000757s ]
INFO: TokenBuild Behavior ::run [ RunTime:0.000786s ]
INFO: WriteHtmlCache Behavior ::run [ RunTime:0.000522s ]
INFO: ShowRuntime Behavior ::run [ RunTime:0.000873s ]
INFO: [ view_filter ] --END-- [ RunTime:0.003156s ]
INFO: [ view_end ] --START--
INFO: ShowPageTrace Behavior ::run [ RunTime:0.001038s ]
INFO: [ view_end ] --END-- [ RunTime:0.001126s ]

[ 2014-08-12T10:40:35+08:00 ] 123.138.32.228 /service/index.php/Apply/applyTip
INFO: [ route_check ] --START--
INFO: CheckRoute Behavior ::run [ RunTime:0.001801s ]
INFO: [ route_check ] --END-- [ RunTime:0.002009s ]
INFO: [ app_begin ] --START--
INFO: ReadHtmlCache Behavior ::run [ RunTime:0.001377s ]
INFO: [ app_begin ] --END-- [ RunTime:0.001502s ]
NOTIC: [8] Constant THEME_NAME already defined /home/4/f/fangxinworld/www/service/ThinkPHP/Lib/Core/View.class.php 第 221 行.
NOTIC: [8] Constant THEME_PATH already defined /home/4/f/fangxinworld/www/service/ThinkPHP/Lib/Core/View.class.php 第 172 行.
NOTIC: [8] Constant APP_TMPL_PATH already defined /home/4/f/fangxinworld/www/service/ThinkPHP/Lib/Core/View.class.php 第 173 行.
INFO: [ view_parse ] --START--
INFO: ParseTemplate Behavior ::run [ RunTime:0.011479s ]
INFO: [ view_parse ] --END-- [ RunTime:0.011605s ]
INFO: [ view_filter ] --START--
INFO: ContentReplace Behavior ::run [ RunTime:0.000736s ]
INFO: TokenBuild Behavior ::run [ RunTime:0.000804s ]
INFO: WriteHtmlCache Behavior ::run [ RunTime:0.000664s ]
INFO: ShowRuntime Behavior ::run [ RunTime:0.000836s ]
INFO: [ view_filter ] --END-- [ RunTime:0.003262s ]
INFO: [ view_end ] --START--
INFO: ShowPageTrace Behavior ::run [ RunTime:0.001010s ]
INFO: [ view_end ] --END-- [ RunTime:0.001091s ]

[ 2014-08-12T10:40:37+08:00 ] 123.138.32.228 /service/index.php/User/infoManage/id/45
INFO: [ route_check ] --START--
INFO: CheckRoute Behavior ::run [ RunTime:0.001214s ]
INFO: [ route_check ] --END-- [ RunTime:0.001344s ]
INFO: [ app_begin ] --START--
INFO: ReadHtmlCache Behavior ::run [ RunTime:0.000919s ]
INFO: [ app_begin ] --END-- [ RunTime:0.001002s ]
SQL: SHOW COLUMNS FROM `think_user` [ RunTime:0.008509s ]
SQL: SELECT * FROM `think_user` WHERE ( id=45 ) LIMIT 1   [ RunTime:0.000153s ]
INFO: [ view_parse ] --START--
INFO: ParseTemplate Behavior ::run [ RunTime:0.013013s ]
INFO: [ view_parse ] --END-- [ RunTime:0.013154s ]
INFO: [ view_filter ] --START--
INFO: ContentReplace Behavior ::run [ RunTime:0.000941s ]
INFO: TokenBuild Behavior ::run [ RunTime:0.001029s ]
INFO: WriteHtmlCache Behavior ::run [ RunTime:0.000848s ]
INFO: ShowRuntime Behavior ::run [ RunTime:0.001309s ]
INFO: [ view_filter ] --END-- [ RunTime:0.004432s ]
INFO: [ view_end ] --START--
INFO: ShowPageTrace Behavior ::run [ RunTime:0.001429s ]
INFO: [ view_end ] --END-- [ RunTime:0.001549s ]

[ 2014-08-12T10:40:46+08:00 ] 123.138.32.228 /service/index.php/Apply/applyTip
INFO: [ route_check ] --START--
INFO: CheckRoute Behavior ::run [ RunTime:0.001246s ]
INFO: [ route_check ] --END-- [ RunTime:0.001376s ]
INFO: [ app_begin ] --START--
INFO: ReadHtmlCache Behavior ::run [ RunTime:0.000906s ]
INFO: [ app_begin ] --END-- [ RunTime:0.000987s ]
NOTIC: [8] Constant THEME_NAME already defined /home/4/f/fangxinworld/www/service/ThinkPHP/Lib/Core/View.class.php 第 221 行.
NOTIC: [8] Constant THEME_PATH already defined /home/4/f/fangxinworld/www/service/ThinkPHP/Lib/Core/View.class.php 第 172 行.
NOTIC: [8] Constant APP_TMPL_PATH already defined /home/4/f/fangxinworld/www/service/ThinkPHP/Lib/Core/View.class.php 第 173 行.
INFO: [ view_parse ] --START--
INFO: ParseTemplate Behavior ::run [ RunTime:0.010579s ]
INFO: [ view_parse ] --END-- [ RunTime:0.010680s ]
INFO: [ view_filter ] --START--
INFO: ContentReplace Behavior ::run [ RunTime:0.000919s ]
INFO: TokenBuild Behavior ::run [ RunTime:0.000929s ]
INFO: WriteHtmlCache Behavior ::run [ RunTime:0.000737s ]
INFO: ShowRuntime Behavior ::run [ RunTime:0.000970s ]
INFO: [ view_filter ] --END-- [ RunTime:0.003840s ]
INFO: [ view_end ] --START--
INFO: ShowPageTrace Behavior ::run [ RunTime:0.001258s ]
INFO: [ view_end ] --END-- [ RunTime:0.001359s ]

[ 2014-08-12T10:41:16+08:00 ] 123.138.32.228 /service/index.php/Apply/applyTip
INFO: [ route_check ] --START--
INFO: CheckRoute Behavior ::run [ RunTime:0.004634s ]
INFO: [ route_check ] --END-- [ RunTime:0.004791s ]
INFO: [ app_begin ] --START--
INFO: ReadHtmlCache Behavior ::run [ RunTime:0.001120s ]
INFO: [ app_begin ] --END-- [ RunTime:0.001199s ]
NOTIC: [8] Constant THEME_NAME already defined /home/4/f/fangxinworld/www/service/ThinkPHP/Lib/Core/View.class.php 第 221 行.
NOTIC: [8] Constant THEME_PATH already defined /home/4/f/fangxinworld/www/service/ThinkPHP/Lib/Core/View.class.php 第 172 行.
NOTIC: [8] Constant APP_TMPL_PATH already defined /home/4/f/fangxinworld/www/service/ThinkPHP/Lib/Core/View.class.php 第 173 行.
INFO: [ view_parse ] --START--
INFO: ParseTemplate Behavior ::run [ RunTime:0.013735s ]
INFO: [ view_parse ] --END-- [ RunTime:0.013856s ]
INFO: [ view_filter ] --START--
INFO: ContentReplace Behavior ::run [ RunTime:0.001185s ]
INFO: TokenBuild Behavior ::run [ RunTime:0.001199s ]
INFO: WriteHtmlCache Behavior ::run [ RunTime:0.001000s ]
INFO: ShowRuntime Behavior ::run [ RunTime:0.001272s ]
INFO: [ view_filter ] --END-- [ RunTime:0.004987s ]
INFO: [ view_end ] --START--
INFO: ShowPageTrace Behavior ::run [ RunTime:0.001500s ]
INFO: [ view_end ] --END-- [ RunTime:0.001617s ]

[ 2014-08-12T10:41:17+08:00 ] 123.138.32.228 /service/index.php/Index/logout
INFO: [ route_check ] --START--
INFO: CheckRoute Behavior ::run [ RunTime:0.001116s ]
INFO: [ route_check ] --END-- [ RunTime:0.001239s ]
INFO: [ app_begin ] --START--
INFO: ReadHtmlCache Behavior ::run [ RunTime:0.001215s ]
INFO: [ app_begin ] --END-- [ RunTime:0.001349s ]
INFO: [ view_parse ] --START--
INFO: ParseTemplate Behavior ::run [ RunTime:0.013945s ]
INFO: [ view_parse ] --END-- [ RunTime:0.014101s ]
INFO: [ view_filter ] --START--
INFO: ContentReplace Behavior ::run [ RunTime:0.000973s ]
INFO: TokenBuild Behavior ::run [ RunTime:0.000935s ]
INFO: WriteHtmlCache Behavior ::run [ RunTime:0.000832s ]
INFO: ShowRuntime Behavior ::run [ RunTime:0.001106s ]
INFO: [ view_filter ] --END-- [ RunTime:0.004141s ]
INFO: [ view_end ] --START--
INFO: ShowPageTrace Behavior ::run [ RunTime:0.001364s ]
INFO: [ view_end ] --END-- [ RunTime:0.001468s ]

[ 2014-08-12T10:41:19+08:00 ] 123.138.32.228 /service/index.php/User/login
INFO: [ route_check ] --START--
INFO: CheckRoute Behavior ::run [ RunTime:0.001208s ]
INFO: [ route_check ] --END-- [ RunTime:0.001332s ]
INFO: [ app_begin ] --START--
INFO: ReadHtmlCache Behavior ::run [ RunTime:0.000926s ]
INFO: [ app_begin ] --END-- [ RunTime:0.001008s ]
INFO: [ view_parse ] --START--
INFO: ParseTemplate Behavior ::run [ RunTime:0.018027s ]
INFO: [ view_parse ] --END-- [ RunTime:0.018154s ]
INFO: [ view_filter ] --START--
INFO: ContentReplace Behavior ::run [ RunTime:0.000850s ]
INFO: TokenBuild Behavior ::run [ RunTime:0.000838s ]
INFO: WriteHtmlCache Behavior ::run [ RunTime:0.000723s ]
INFO: ShowRuntime Behavior ::run [ RunTime:0.000926s ]
INFO: [ view_filter ] --END-- [ RunTime:0.003574s ]
INFO: [ view_end ] --START--
INFO: ShowPageTrace Behavior ::run [ RunTime:0.001046s ]
INFO: [ view_end ] --END-- [ RunTime:0.001129s ]

