[ 2014-02-18T17:27:54+08:00 ] 61.150.43.60 /service/index.php
INFO: [ app_begin ] --START--
INFO: ReadHtmlCache Behavior ::run [ RunTime:0.011854s ]
INFO: [ app_begin ] --END-- [ RunTime:0.012050s ]
NOTIC: [8] Undefined index: username /home/4/f/fangxinworld/www/service/Home/Lib/Action/IndexAction.class.php 第 5 行.

[ 2014-02-18T17:27:55+08:00 ] 61.150.43.60 /service/index.php/User/login.html
INFO: [ route_check ] --START--
INFO: CheckRoute Behavior ::run [ RunTime:0.010527s ]
INFO: [ route_check ] --END-- [ RunTime:0.010677s ]
INFO: [ app_begin ] --START--
INFO: ReadHtmlCache Behavior ::run [ RunTime:0.001304s ]
INFO: [ app_begin ] --END-- [ RunTime:0.001425s ]
INFO: [ view_parse ] --START--
INFO: ParseTemplate Behavior ::run [ RunTime:0.083885s ]
INFO: [ view_parse ] --END-- [ RunTime:0.084002s ]
INFO: [ view_filter ] --START--
INFO: ContentReplace Behavior ::run [ RunTime:0.005287s ]
INFO: TokenBuild Behavior ::run [ RunTime:0.001555s ]
INFO: WriteHtmlCache Behavior ::run [ RunTime:0.006105s ]
INFO: ShowRuntime Behavior ::run [ RunTime:0.001578s ]
INFO: [ view_filter ] --END-- [ RunTime:0.014830s ]
INFO: [ view_end ] --START--
INFO: ShowPageTrace Behavior ::run [ RunTime:0.001844s ]
INFO: [ view_end ] --END-- [ RunTime:0.001939s ]

