[ 2014-03-12T15:15:10+08:00 ] 180.118.110.28 /service/index.php
INFO: [ app_begin ] --START--
INFO: ReadHtmlCache Behavior ::run [ RunTime:0.008944s ]
INFO: [ app_begin ] --END-- [ RunTime:0.009083s ]
NOTIC: [8] Undefined index: username /home/4/f/fangxinworld/www/service/Home/Lib/Action/IndexAction.class.php 第 5 行.

[ 2014-03-12T15:15:11+08:00 ] 180.118.110.28 /service/index.php/User/login.html
INFO: [ route_check ] --START--
INFO: CheckRoute Behavior ::run [ RunTime:0.008889s ]
INFO: [ route_check ] --END-- [ RunTime:0.009071s ]
INFO: [ app_begin ] --START--
INFO: ReadHtmlCache Behavior ::run [ RunTime:0.000973s ]
INFO: [ app_begin ] --END-- [ RunTime:0.001057s ]
INFO: [ view_parse ] --START--
INFO: ParseTemplate Behavior ::run [ RunTime:0.070618s ]
INFO: [ view_parse ] --END-- [ RunTime:0.070793s ]
INFO: [ view_filter ] --START--
INFO: ContentReplace Behavior ::run [ RunTime:0.003909s ]
INFO: TokenBuild Behavior ::run [ RunTime:0.001646s ]
INFO: WriteHtmlCache Behavior ::run [ RunTime:0.006040s ]
INFO: ShowRuntime Behavior ::run [ RunTime:0.002132s ]
INFO: [ view_filter ] --END-- [ RunTime:0.014019s ]
INFO: [ view_end ] --START--
INFO: ShowPageTrace Behavior ::run [ RunTime:0.002210s ]
INFO: [ view_end ] --END-- [ RunTime:0.002295s ]

