[ 2014-08-09T08:11:37+08:00 ] 183.95.132.141 /service/index.php
INFO: [ app_begin ] --START--
INFO: ReadHtmlCache Behavior ::run [ RunTime:0.001279s ]
INFO: [ app_begin ] --END-- [ RunTime:0.001410s ]
NOTIC: [8] Undefined index: username /home/4/f/fangxinworld/www/service/Home/Lib/Action/IndexAction.class.php 第 5 行.

[ 2014-08-09T08:11:38+08:00 ] 183.95.132.141 /service/index.php/User/login.html
INFO: [ route_check ] --START--
INFO: CheckRoute Behavior ::run [ RunTime:0.001460s ]
INFO: [ route_check ] --END-- [ RunTime:0.001603s ]
INFO: [ app_begin ] --START--
INFO: ReadHtmlCache Behavior ::run [ RunTime:0.000925s ]
INFO: [ app_begin ] --END-- [ RunTime:0.001007s ]
INFO: [ view_parse ] --START--
INFO: ParseTemplate Behavior ::run [ RunTime:0.014849s ]
INFO: [ view_parse ] --END-- [ RunTime:0.014958s ]
INFO: [ view_filter ] --START--
INFO: ContentReplace Behavior ::run [ RunTime:0.000993s ]
INFO: TokenBuild Behavior ::run [ RunTime:0.000978s ]
INFO: WriteHtmlCache Behavior ::run [ RunTime:0.000870s ]
INFO: ShowRuntime Behavior ::run [ RunTime:0.001066s ]
INFO: [ view_filter ] --END-- [ RunTime:0.004134s ]
INFO: [ view_end ] --START--
INFO: ShowPageTrace Behavior ::run [ RunTime:0.001351s ]
INFO: [ view_end ] --END-- [ RunTime:0.001449s ]

[ 2014-08-09T08:21:19+08:00 ] 183.95.132.141 /service/index.php
INFO: [ app_begin ] --START--
INFO: ReadHtmlCache Behavior ::run [ RunTime:0.001833s ]
INFO: [ app_begin ] --END-- [ RunTime:0.002019s ]
NOTIC: [8] Undefined index: username /home/4/f/fangxinworld/www/service/Home/Lib/Action/IndexAction.class.php 第 5 行.

[ 2014-08-09T08:21:20+08:00 ] 183.95.132.141 /service/index.php/User/login.html
INFO: [ route_check ] --START--
INFO: CheckRoute Behavior ::run [ RunTime:0.001425s ]
INFO: [ route_check ] --END-- [ RunTime:0.001569s ]
INFO: [ app_begin ] --START--
INFO: ReadHtmlCache Behavior ::run [ RunTime:0.000921s ]
INFO: [ app_begin ] --END-- [ RunTime:0.001003s ]
INFO: [ view_parse ] --START--
INFO: ParseTemplate Behavior ::run [ RunTime:0.014851s ]
INFO: [ view_parse ] --END-- [ RunTime:0.014943s ]
INFO: [ view_filter ] --START--
INFO: ContentReplace Behavior ::run [ RunTime:0.000981s ]
INFO: TokenBuild Behavior ::run [ RunTime:0.001043s ]
INFO: WriteHtmlCache Behavior ::run [ RunTime:0.000841s ]
INFO: ShowRuntime Behavior ::run [ RunTime:0.001046s ]
INFO: [ view_filter ] --END-- [ RunTime:0.004136s ]
INFO: [ view_end ] --START--
INFO: ShowPageTrace Behavior ::run [ RunTime:0.001353s ]
INFO: [ view_end ] --END-- [ RunTime:0.001450s ]

[ 2014-08-09T08:21:40+08:00 ] 183.95.132.141 /service/index.php/User/logincheck
INFO: [ route_check ] --START--
INFO: CheckRoute Behavior ::run [ RunTime:0.001674s ]
INFO: [ route_check ] --END-- [ RunTime:0.001830s ]
INFO: [ app_begin ] --START--
INFO: ReadHtmlCache Behavior ::run [ RunTime:0.001393s ]
INFO: [ app_begin ] --END-- [ RunTime:0.001518s ]
SQL: SHOW COLUMNS FROM `think_user` [ RunTime:0.023236s ]
SQL: SELECT * FROM `think_user` WHERE ( uname='yangzexin' ) LIMIT 1   [ RunTime:0.011738s ]
INFO: [ view_parse ] --START--
INFO: ParseTemplate Behavior ::run [ RunTime:0.017351s ]
INFO: [ view_parse ] --END-- [ RunTime:0.017495s ]
INFO: [ view_filter ] --START--
INFO: ContentReplace Behavior ::run [ RunTime:0.001049s ]
INFO: TokenBuild Behavior ::run [ RunTime:0.001082s ]
INFO: WriteHtmlCache Behavior ::run [ RunTime:0.000942s ]
INFO: ShowRuntime Behavior ::run [ RunTime:0.001239s ]
INFO: [ view_filter ] --END-- [ RunTime:0.004641s ]
INFO: [ view_end ] --START--
INFO: ShowPageTrace Behavior ::run [ RunTime:0.001501s ]
INFO: [ view_end ] --END-- [ RunTime:0.001626s ]

[ 2014-08-09T08:21:54+08:00 ] 183.95.132.141 /service/index.php/User/logincheck
INFO: [ route_check ] --START--
INFO: CheckRoute Behavior ::run [ RunTime:0.000909s ]
INFO: [ route_check ] --END-- [ RunTime:0.001004s ]
INFO: [ app_begin ] --START--
INFO: ReadHtmlCache Behavior ::run [ RunTime:0.000659s ]
INFO: [ app_begin ] --END-- [ RunTime:0.000716s ]
SQL: SHOW COLUMNS FROM `think_user` [ RunTime:0.001082s ]
SQL: SELECT * FROM `think_user` WHERE ( uname='yangzexin' ) LIMIT 1   [ RunTime:0.000687s ]
INFO: [ view_parse ] --START--
INFO: ParseTemplate Behavior ::run [ RunTime:0.012758s ]
INFO: [ view_parse ] --END-- [ RunTime:0.012861s ]
INFO: [ view_filter ] --START--
INFO: ContentReplace Behavior ::run [ RunTime:0.000755s ]
INFO: TokenBuild Behavior ::run [ RunTime:0.000837s ]
INFO: WriteHtmlCache Behavior ::run [ RunTime:0.000741s ]
INFO: ShowRuntime Behavior ::run [ RunTime:0.000971s ]
INFO: [ view_filter ] --END-- [ RunTime:0.003542s ]
INFO: [ view_end ] --START--
INFO: ShowPageTrace Behavior ::run [ RunTime:0.001126s ]
INFO: [ view_end ] --END-- [ RunTime:0.001213s ]

[ 2014-08-09T08:31:37+08:00 ] 183.95.132.141 /service/index.php
INFO: [ app_begin ] --START--
INFO: ReadHtmlCache Behavior ::run [ RunTime:0.004066s ]
INFO: [ app_begin ] --END-- [ RunTime:0.004238s ]
NOTIC: [8] Undefined index: username /home/4/f/fangxinworld/www/service/Home/Lib/Action/IndexAction.class.php 第 5 行.

[ 2014-08-09T08:31:38+08:00 ] 183.95.132.141 /service/index.php/User/login.html
INFO: [ route_check ] --START--
INFO: CheckRoute Behavior ::run [ RunTime:0.001439s ]
INFO: [ route_check ] --END-- [ RunTime:0.001573s ]
INFO: [ app_begin ] --START--
INFO: ReadHtmlCache Behavior ::run [ RunTime:0.000841s ]
INFO: [ app_begin ] --END-- [ RunTime:0.000918s ]
INFO: [ view_parse ] --START--
INFO: ParseTemplate Behavior ::run [ RunTime:0.017878s ]
INFO: [ view_parse ] --END-- [ RunTime:0.017985s ]
INFO: [ view_filter ] --START--
INFO: ContentReplace Behavior ::run [ RunTime:0.001007s ]
INFO: TokenBuild Behavior ::run [ RunTime:0.001008s ]
INFO: WriteHtmlCache Behavior ::run [ RunTime:0.000827s ]
INFO: ShowRuntime Behavior ::run [ RunTime:0.001033s ]
INFO: [ view_filter ] --END-- [ RunTime:0.004093s ]
INFO: [ view_end ] --START--
INFO: ShowPageTrace Behavior ::run [ RunTime:0.001212s ]
INFO: [ view_end ] --END-- [ RunTime:0.001288s ]

[ 2014-08-09T08:32:05+08:00 ] 183.95.132.141 /service/index.php/User/logincheck
INFO: [ route_check ] --START--
INFO: CheckRoute Behavior ::run [ RunTime:0.001241s ]
INFO: [ route_check ] --END-- [ RunTime:0.001365s ]
INFO: [ app_begin ] --START--
INFO: ReadHtmlCache Behavior ::run [ RunTime:0.000935s ]
INFO: [ app_begin ] --END-- [ RunTime:0.001016s ]
SQL: SHOW COLUMNS FROM `think_user` [ RunTime:0.018580s ]
SQL: SELECT * FROM `think_user` WHERE ( uname='765995615' ) LIMIT 1   [ RunTime:0.000653s ]
INFO: [ view_parse ] --START--
INFO: ParseTemplate Behavior ::run [ RunTime:0.013613s ]
INFO: [ view_parse ] --END-- [ RunTime:0.013763s ]
INFO: [ view_filter ] --START--
INFO: ContentReplace Behavior ::run [ RunTime:0.002381s ]
INFO: TokenBuild Behavior ::run [ RunTime:0.001569s ]
INFO: WriteHtmlCache Behavior ::run [ RunTime:0.000743s ]
INFO: ShowRuntime Behavior ::run [ RunTime:0.000886s ]
INFO: [ view_filter ] --END-- [ RunTime:0.005829s ]
INFO: [ view_end ] --START--
INFO: ShowPageTrace Behavior ::run [ RunTime:0.001069s ]
INFO: [ view_end ] --END-- [ RunTime:0.001144s ]

