[ 2014-08-15T14:58:58+08:00 ] 123.138.32.160 /service/index.php
INFO: [ app_begin ] --START--
INFO: ReadHtmlCache Behavior ::run [ RunTime:0.001715s ]
INFO: [ app_begin ] --END-- [ RunTime:0.001904s ]
NOTIC: [8] Undefined index: username /home/4/f/fangxinworld/www/service/Home/Lib/Action/IndexAction.class.php 第 5 行.

[ 2014-08-15T14:58:59+08:00 ] 123.138.32.160 /service/index.php/User/login.html
INFO: [ route_check ] --START--
INFO: CheckRoute Behavior ::run [ RunTime:0.001927s ]
INFO: [ route_check ] --END-- [ RunTime:0.002124s ]
INFO: [ app_begin ] --START--
INFO: ReadHtmlCache Behavior ::run [ RunTime:0.001306s ]
INFO: [ app_begin ] --END-- [ RunTime:0.001426s ]
INFO: [ view_parse ] --START--
INFO: ParseTemplate Behavior ::run [ RunTime:0.022270s ]
INFO: [ view_parse ] --END-- [ RunTime:0.022418s ]
INFO: [ view_filter ] --START--
INFO: ContentReplace Behavior ::run [ RunTime:0.001347s ]
INFO: TokenBuild Behavior ::run [ RunTime:0.001288s ]
INFO: WriteHtmlCache Behavior ::run [ RunTime:0.000922s ]
INFO: ShowRuntime Behavior ::run [ RunTime:0.001405s ]
INFO: [ view_filter ] --END-- [ RunTime:0.005289s ]
INFO: [ view_end ] --START--
INFO: ShowPageTrace Behavior ::run [ RunTime:0.001703s ]
INFO: [ view_end ] --END-- [ RunTime:0.001822s ]

[ 2014-08-15T17:05:37+08:00 ] 123.138.32.160 /service/index.php
INFO: [ app_begin ] --START--
INFO: ReadHtmlCache Behavior ::run [ RunTime:0.001691s ]
INFO: [ app_begin ] --END-- [ RunTime:0.001835s ]
NOTIC: [8] Undefined index: username /home/4/f/fangxinworld/www/service/Home/Lib/Action/IndexAction.class.php 第 5 行.

[ 2014-08-15T17:05:37+08:00 ] 123.138.32.160 /service/index.php
INFO: [ app_begin ] --START--
INFO: ReadHtmlCache Behavior ::run [ RunTime:0.001870s ]
INFO: [ app_begin ] --END-- [ RunTime:0.002062s ]
NOTIC: [8] Undefined index: username /home/4/f/fangxinworld/www/service/Home/Lib/Action/IndexAction.class.php 第 5 行.

[ 2014-08-15T17:05:37+08:00 ] 123.138.32.160 /service/index.php/User/login.html
INFO: [ route_check ] --START--
INFO: CheckRoute Behavior ::run [ RunTime:0.001530s ]
INFO: [ route_check ] --END-- [ RunTime:0.001678s ]
INFO: [ app_begin ] --START--
INFO: ReadHtmlCache Behavior ::run [ RunTime:0.000918s ]
INFO: [ app_begin ] --END-- [ RunTime:0.001002s ]
INFO: [ view_parse ] --START--
INFO: ParseTemplate Behavior ::run [ RunTime:0.016668s ]
INFO: [ view_parse ] --END-- [ RunTime:0.016802s ]
INFO: [ view_filter ] --START--
INFO: ContentReplace Behavior ::run [ RunTime:0.000981s ]
INFO: TokenBuild Behavior ::run [ RunTime:0.001011s ]
INFO: WriteHtmlCache Behavior ::run [ RunTime:0.000852s ]
INFO: ShowRuntime Behavior ::run [ RunTime:0.001226s ]
INFO: [ view_filter ] --END-- [ RunTime:0.004320s ]
INFO: [ view_end ] --START--
INFO: ShowPageTrace Behavior ::run [ RunTime:0.001721s ]
INFO: [ view_end ] --END-- [ RunTime:0.001843s ]

[ 2014-08-15T17:05:51+08:00 ] 123.138.32.160 /service/index.php/User/logincheck
INFO: [ route_check ] --START--
INFO: CheckRoute Behavior ::run [ RunTime:0.158313s ]
INFO: [ route_check ] --END-- [ RunTime:0.158597s ]
INFO: [ app_begin ] --START--
INFO: ReadHtmlCache Behavior ::run [ RunTime:0.135142s ]
INFO: [ app_begin ] --END-- [ RunTime:0.135269s ]
SQL: SHOW COLUMNS FROM `think_user` [ RunTime:0.020296s ]
SQL: SELECT * FROM `think_user` WHERE ( uname='yangzexin921' ) LIMIT 1   [ RunTime:0.008427s ]
INFO: [ view_parse ] --START--
INFO: ParseTemplate Behavior ::run [ RunTime:1.392906s ]
INFO: [ view_parse ] --END-- [ RunTime:1.393137s ]
INFO: [ view_filter ] --START--
INFO: ContentReplace Behavior ::run [ RunTime:0.119617s ]
INFO: TokenBuild Behavior ::run [ RunTime:0.246195s ]
INFO: WriteHtmlCache Behavior ::run [ RunTime:0.227624s ]
INFO: ShowRuntime Behavior ::run [ RunTime:0.083072s ]
INFO: [ view_filter ] --END-- [ RunTime:0.676891s ]
INFO: [ view_end ] --START--
INFO: ShowPageTrace Behavior ::run [ RunTime:0.146126s ]
INFO: [ view_end ] --END-- [ RunTime:0.146243s ]

[ 2014-08-15T17:06:00+08:00 ] 123.138.32.160 /service/index.php/User/logincheck
INFO: [ route_check ] --START--
INFO: CheckRoute Behavior ::run [ RunTime:0.538622s ]
INFO: [ route_check ] --END-- [ RunTime:0.538808s ]
INFO: [ app_begin ] --START--
INFO: ReadHtmlCache Behavior ::run [ RunTime:0.001785s ]
INFO: [ app_begin ] --END-- [ RunTime:0.001953s ]
SQL: SHOW COLUMNS FROM `think_user` [ RunTime:0.620729s ]
SQL: SELECT * FROM `think_user` WHERE ( uname='yangzexin921' ) LIMIT 1   [ RunTime:0.000339s ]
INFO: [ view_parse ] --START--
INFO: ParseTemplate Behavior ::run [ RunTime:1.184426s ]
INFO: [ view_parse ] --END-- [ RunTime:1.184640s ]
INFO: [ view_filter ] --START--
INFO: ContentReplace Behavior ::run [ RunTime:0.001300s ]
INFO: TokenBuild Behavior ::run [ RunTime:0.001302s ]
INFO: WriteHtmlCache Behavior ::run [ RunTime:0.001125s ]
INFO: ShowRuntime Behavior ::run [ RunTime:0.002059s ]
INFO: [ view_filter ] --END-- [ RunTime:0.006113s ]
INFO: [ view_end ] --START--
INFO: ShowPageTrace Behavior ::run [ RunTime:0.002389s ]
INFO: [ view_end ] --END-- [ RunTime:0.002490s ]

[ 2014-08-15T17:06:13+08:00 ] 123.138.32.160 /service/index.php/User/logincheck
INFO: [ route_check ] --START--
INFO: CheckRoute Behavior ::run [ RunTime:0.207656s ]
INFO: [ route_check ] --END-- [ RunTime:0.207802s ]
INFO: [ app_begin ] --START--
INFO: ReadHtmlCache Behavior ::run [ RunTime:0.076685s ]
INFO: [ app_begin ] --END-- [ RunTime:0.076842s ]
SQL: SHOW COLUMNS FROM `think_user` [ RunTime:0.033121s ]
SQL: SELECT * FROM `think_user` WHERE ( uname='yangzexin921' ) LIMIT 1   [ RunTime:0.031229s ]
INFO: [ view_parse ] --START--
INFO: ParseTemplate Behavior ::run [ RunTime:1.272942s ]
INFO: [ view_parse ] --END-- [ RunTime:1.273162s ]
INFO: [ view_filter ] --START--
INFO: ContentReplace Behavior ::run [ RunTime:0.090742s ]
INFO: TokenBuild Behavior ::run [ RunTime:0.090921s ]
INFO: WriteHtmlCache Behavior ::run [ RunTime:0.081647s ]
INFO: ShowRuntime Behavior ::run [ RunTime:0.072845s ]
INFO: [ view_filter ] --END-- [ RunTime:0.336492s ]
INFO: [ view_end ] --START--
INFO: ShowPageTrace Behavior ::run [ RunTime:0.057605s ]
INFO: [ view_end ] --END-- [ RunTime:0.057764s ]

