[ 2014-07-11T13:43:05+08:00 ] 111.1.90.41 /service/index.php
INFO: [ app_begin ] --START--
INFO: ReadHtmlCache Behavior ::run [ RunTime:0.001977s ]
INFO: [ app_begin ] --END-- [ RunTime:0.002101s ]
NOTIC: [8] Undefined index: username /home/4/f/fangxinworld/www/service/Home/Lib/Action/IndexAction.class.php 第 5 行.

[ 2014-07-11T13:43:06+08:00 ] 111.1.90.41 /service/index.php/User/login.html
INFO: [ route_check ] --START--
INFO: CheckRoute Behavior ::run [ RunTime:0.001949s ]
INFO: [ route_check ] --END-- [ RunTime:0.002107s ]
INFO: [ app_begin ] --START--
INFO: ReadHtmlCache Behavior ::run [ RunTime:0.001395s ]
INFO: [ app_begin ] --END-- [ RunTime:0.001518s ]
INFO: [ view_parse ] --START--
INFO: ParseTemplate Behavior ::run [ RunTime:0.017784s ]
INFO: [ view_parse ] --END-- [ RunTime:0.017906s ]
INFO: [ view_filter ] --START--
INFO: ContentReplace Behavior ::run [ RunTime:0.001236s ]
INFO: TokenBuild Behavior ::run [ RunTime:0.001345s ]
INFO: WriteHtmlCache Behavior ::run [ RunTime:0.001050s ]
INFO: ShowRuntime Behavior ::run [ RunTime:0.001356s ]
INFO: [ view_filter ] --END-- [ RunTime:0.005293s ]
INFO: [ view_end ] --START--
INFO: ShowPageTrace Behavior ::run [ RunTime:0.001435s ]
INFO: [ view_end ] --END-- [ RunTime:0.001525s ]

