[ 2014-08-25T09:38:50+08:00 ] 123.138.40.24 /service/index.php
INFO: [ app_begin ] --START--
INFO: ReadHtmlCache Behavior ::run [ RunTime:0.001914s ]
INFO: [ app_begin ] --END-- [ RunTime:0.002046s ]
NOTIC: [8] Undefined index: username /home/4/f/fangxinworld/www/service/Home/Lib/Action/IndexAction.class.php 第 5 行.

[ 2014-08-25T09:38:50+08:00 ] 123.138.40.24 /service/index.php/User/login.html
INFO: [ route_check ] --START--
INFO: CheckRoute Behavior ::run [ RunTime:0.003146s ]
INFO: [ route_check ] --END-- [ RunTime:0.003348s ]
INFO: [ app_begin ] --START--
INFO: ReadHtmlCache Behavior ::run [ RunTime:0.001641s ]
INFO: [ app_begin ] --END-- [ RunTime:0.001802s ]
INFO: [ view_parse ] --START--
INFO: ParseTemplate Behavior ::run [ RunTime:0.022679s ]
INFO: [ view_parse ] --END-- [ RunTime:0.022790s ]
INFO: [ view_filter ] --START--
INFO: ContentReplace Behavior ::run [ RunTime:0.001537s ]
INFO: TokenBuild Behavior ::run [ RunTime:0.002063s ]
INFO: WriteHtmlCache Behavior ::run [ RunTime:0.001352s ]
INFO: ShowRuntime Behavior ::run [ RunTime:0.002002s ]
INFO: [ view_filter ] --END-- [ RunTime:0.007193s ]
INFO: [ view_end ] --START--
INFO: ShowPageTrace Behavior ::run [ RunTime:0.001851s ]
INFO: [ view_end ] --END-- [ RunTime:0.001934s ]

[ 2014-08-25T11:53:55+08:00 ] 123.138.32.227 /service/index.php
INFO: [ app_begin ] --START--
INFO: ReadHtmlCache Behavior ::run [ RunTime:0.001003s ]
INFO: [ app_begin ] --END-- [ RunTime:0.001112s ]
NOTIC: [8] Undefined index: username /home/4/f/fangxinworld/www/service/Home/Lib/Action/IndexAction.class.php 第 5 行.

