[ 2014-06-01T11:56:30+08:00 ] 221.11.20.205 /service/index.php
INFO: [ app_begin ] --START--
INFO: ReadHtmlCache Behavior ::run [ RunTime:0.008833s ]
INFO: [ app_begin ] --END-- [ RunTime:0.009015s ]
NOTIC: [8] Undefined index: username /home/4/f/fangxinworld/www/service/Home/Lib/Action/IndexAction.class.php 第 5 行.

[ 2014-06-01T11:56:32+08:00 ] 221.11.20.205 /service/index.php/User/login.html
INFO: [ route_check ] --START--
INFO: CheckRoute Behavior ::run [ RunTime:0.006760s ]
INFO: [ route_check ] --END-- [ RunTime:0.006888s ]
INFO: [ app_begin ] --START--
INFO: ReadHtmlCache Behavior ::run [ RunTime:0.000879s ]
INFO: [ app_begin ] --END-- [ RunTime:0.000960s ]
INFO: [ view_parse ] --START--
INFO: ParseTemplate Behavior ::run [ RunTime:0.860527s ]
INFO: [ view_parse ] --END-- [ RunTime:0.860685s ]
INFO: [ view_filter ] --START--
INFO: ContentReplace Behavior ::run [ RunTime:0.014658s ]
INFO: TokenBuild Behavior ::run [ RunTime:0.006570s ]
INFO: WriteHtmlCache Behavior ::run [ RunTime:0.006013s ]
INFO: ShowRuntime Behavior ::run [ RunTime:0.001423s ]
INFO: [ view_filter ] --END-- [ RunTime:0.028897s ]
INFO: [ view_end ] --START--
INFO: ShowPageTrace Behavior ::run [ RunTime:0.005213s ]
INFO: [ view_end ] --END-- [ RunTime:0.005296s ]

