[ 2014-04-20T16:28:17+08:00 ] 101.227.4.23 /service/index.php
INFO: [ app_begin ] --START--
INFO: ReadHtmlCache Behavior ::run [ RunTime:0.010866s ]
INFO: [ app_begin ] --END-- [ RunTime:0.010986s ]
NOTIC: [8] Undefined index: username /home/4/f/fangxinworld/www/service/Home/Lib/Action/IndexAction.class.php 第 5 行.

[ 2014-04-20T16:28:21+08:00 ] 101.227.4.23 /service/index.php
INFO: [ app_begin ] --START--
INFO: ReadHtmlCache Behavior ::run [ RunTime:0.000959s ]
INFO: [ app_begin ] --END-- [ RunTime:0.001086s ]
NOTIC: [8] Undefined index: username /home/4/f/fangxinworld/www/service/Home/Lib/Action/IndexAction.class.php 第 5 行.

[ 2014-04-20T16:29:18+08:00 ] 101.227.4.23 /service/index.php/User/login
INFO: [ route_check ] --START--
INFO: CheckRoute Behavior ::run [ RunTime:0.009859s ]
INFO: [ route_check ] --END-- [ RunTime:0.009986s ]
INFO: [ app_begin ] --START--
INFO: ReadHtmlCache Behavior ::run [ RunTime:0.001333s ]
INFO: [ app_begin ] --END-- [ RunTime:0.001420s ]
INFO: [ view_parse ] --START--
INFO: ParseTemplate Behavior ::run [ RunTime:0.066988s ]
INFO: [ view_parse ] --END-- [ RunTime:0.067092s ]
INFO: [ view_filter ] --START--
INFO: ContentReplace Behavior ::run [ RunTime:0.006013s ]
INFO: TokenBuild Behavior ::run [ RunTime:0.007351s ]
INFO: WriteHtmlCache Behavior ::run [ RunTime:0.008297s ]
INFO: ShowRuntime Behavior ::run [ RunTime:0.001489s ]
INFO: [ view_filter ] --END-- [ RunTime:0.023380s ]
INFO: [ view_end ] --START--
INFO: ShowPageTrace Behavior ::run [ RunTime:0.009909s ]
INFO: [ view_end ] --END-- [ RunTime:0.010026s ]

