[ 2014-07-16T09:55:08+08:00 ] 66.249.67.252 /service/index.php/User/reg
INFO: [ route_check ] --START--
INFO: CheckRoute Behavior ::run [ RunTime:0.002371s ]
INFO: [ route_check ] --END-- [ RunTime:0.002495s ]
INFO: [ app_begin ] --START--
INFO: ReadHtmlCache Behavior ::run [ RunTime:0.001685s ]
INFO: [ app_begin ] --END-- [ RunTime:0.001770s ]
SQL: SHOW COLUMNS FROM `think_user` [ RunTime:0.029055s ]
SQL: SELECT * FROM `think_user`  [ RunTime:0.011842s ]
INFO: [ view_parse ] --START--
INFO: ParseTemplate Behavior ::run [ RunTime:0.021110s ]
INFO: [ view_parse ] --END-- [ RunTime:0.021254s ]
INFO: [ view_filter ] --START--
INFO: ContentReplace Behavior ::run [ RunTime:0.001566s ]
INFO: TokenBuild Behavior ::run [ RunTime:0.001605s ]
INFO: WriteHtmlCache Behavior ::run [ RunTime:0.001313s ]
INFO: ShowRuntime Behavior ::run [ RunTime:0.001495s ]
INFO: [ view_filter ] --END-- [ RunTime:0.006213s ]
INFO: [ view_end ] --START--
INFO: ShowPageTrace Behavior ::run [ RunTime:0.001688s ]
INFO: [ view_end ] --END-- [ RunTime:0.001769s ]

[ 2014-07-16T10:28:38+08:00 ] 66.249.67.231 /service/index.php/Public/verify/
INFO: [ route_check ] --START--
INFO: CheckRoute Behavior ::run [ RunTime:0.002078s ]
INFO: [ route_check ] --END-- [ RunTime:0.002249s ]
INFO: [ app_begin ] --START--
INFO: ReadHtmlCache Behavior ::run [ RunTime:0.001562s ]
INFO: [ app_begin ] --END-- [ RunTime:0.001656s ]

[ 2014-07-16T17:16:04+08:00 ] 202.120.55.116 /service/index.php
INFO: [ app_begin ] --START--
INFO: ReadHtmlCache Behavior ::run [ RunTime:0.004567s ]
INFO: [ app_begin ] --END-- [ RunTime:0.004728s ]
NOTIC: [8] Undefined index: username /home/4/f/fangxinworld/www/service/Home/Lib/Action/IndexAction.class.php 第 5 行.

[ 2014-07-16T17:16:04+08:00 ] 202.120.55.116 /service/index.php/User/login.html
INFO: [ route_check ] --START--
INFO: CheckRoute Behavior ::run [ RunTime:0.002034s ]
INFO: [ route_check ] --END-- [ RunTime:0.002254s ]
INFO: [ app_begin ] --START--
INFO: ReadHtmlCache Behavior ::run [ RunTime:0.001054s ]
INFO: [ app_begin ] --END-- [ RunTime:0.001136s ]
INFO: [ view_parse ] --START--
INFO: ParseTemplate Behavior ::run [ RunTime:0.020584s ]
INFO: [ view_parse ] --END-- [ RunTime:0.020712s ]
INFO: [ view_filter ] --START--
INFO: ContentReplace Behavior ::run [ RunTime:0.001272s ]
INFO: TokenBuild Behavior ::run [ RunTime:0.001316s ]
INFO: WriteHtmlCache Behavior ::run [ RunTime:0.001088s ]
INFO: ShowRuntime Behavior ::run [ RunTime:0.001324s ]
INFO: [ view_filter ] --END-- [ RunTime:0.005309s ]
INFO: [ view_end ] --START--
INFO: ShowPageTrace Behavior ::run [ RunTime:0.001767s ]
INFO: [ view_end ] --END-- [ RunTime:0.001894s ]

[ 2014-07-16T17:16:31+08:00 ] 202.120.55.116 /service/index.php/User/logincheck
INFO: [ route_check ] --START--
INFO: CheckRoute Behavior ::run [ RunTime:0.002858s ]
INFO: [ route_check ] --END-- [ RunTime:0.003051s ]
INFO: [ app_begin ] --START--
INFO: ReadHtmlCache Behavior ::run [ RunTime:0.001775s ]
INFO: [ app_begin ] --END-- [ RunTime:0.001882s ]
SQL: SHOW COLUMNS FROM `think_user` [ RunTime:0.032846s ]
SQL: SELECT * FROM `think_user` WHERE ( uname='liuht_ufo' ) LIMIT 1   [ RunTime:0.026616s ]
INFO: [ view_parse ] --START--
INFO: ParseTemplate Behavior ::run [ RunTime:0.013795s ]
INFO: [ view_parse ] --END-- [ RunTime:0.013900s ]
INFO: [ view_filter ] --START--
INFO: ContentReplace Behavior ::run [ RunTime:0.001505s ]
INFO: TokenBuild Behavior ::run [ RunTime:0.001044s ]
INFO: WriteHtmlCache Behavior ::run [ RunTime:0.000931s ]
INFO: ShowRuntime Behavior ::run [ RunTime:0.001193s ]
INFO: [ view_filter ] --END-- [ RunTime:0.004892s ]
INFO: [ view_end ] --START--
INFO: ShowPageTrace Behavior ::run [ RunTime:0.002478s ]
INFO: [ view_end ] --END-- [ RunTime:0.002559s ]

[ 2014-07-16T17:16:44+08:00 ] 202.120.55.116 /service/index.php/User/userAdd
INFO: [ route_check ] --START--
INFO: CheckRoute Behavior ::run [ RunTime:0.001996s ]
INFO: [ route_check ] --END-- [ RunTime:0.002165s ]
INFO: [ app_begin ] --START--
INFO: ReadHtmlCache Behavior ::run [ RunTime:0.001459s ]
INFO: [ app_begin ] --END-- [ RunTime:0.001572s ]
SQL: SHOW COLUMNS FROM `think_user` [ RunTime:0.001115s ]
SQL: INSERT INTO `think_user` (`uname`,`upasswd`,`depart`) VALUES ('liuht_ufo','4cda7fb5e798d4b4800fa4cb6486266e','技术部') [ RunTime:0.000197s ]
INFO: [ view_parse ] --START--
INFO: ParseTemplate Behavior ::run [ RunTime:0.014412s ]
INFO: [ view_parse ] --END-- [ RunTime:0.014521s ]
INFO: [ view_filter ] --START--
INFO: ContentReplace Behavior ::run [ RunTime:0.001011s ]
INFO: TokenBuild Behavior ::run [ RunTime:0.000901s ]
INFO: WriteHtmlCache Behavior ::run [ RunTime:0.000693s ]
INFO: ShowRuntime Behavior ::run [ RunTime:0.000874s ]
INFO: [ view_filter ] --END-- [ RunTime:0.003681s ]
INFO: [ view_end ] --START--
INFO: ShowPageTrace Behavior ::run [ RunTime:0.001070s ]
INFO: [ view_end ] --END-- [ RunTime:0.001143s ]

[ 2014-07-16T17:16:45+08:00 ] 202.120.55.116 /service/index.php/User/login
INFO: [ route_check ] --START--
INFO: CheckRoute Behavior ::run [ RunTime:0.001771s ]
INFO: [ route_check ] --END-- [ RunTime:0.001929s ]
INFO: [ app_begin ] --START--
INFO: ReadHtmlCache Behavior ::run [ RunTime:0.001362s ]
INFO: [ app_begin ] --END-- [ RunTime:0.001523s ]
INFO: [ view_parse ] --START--
INFO: ParseTemplate Behavior ::run [ RunTime:0.022290s ]
INFO: [ view_parse ] --END-- [ RunTime:0.022421s ]
INFO: [ view_filter ] --START--
INFO: ContentReplace Behavior ::run [ RunTime:0.000840s ]
INFO: TokenBuild Behavior ::run [ RunTime:0.001008s ]
INFO: WriteHtmlCache Behavior ::run [ RunTime:0.001074s ]
INFO: ShowRuntime Behavior ::run [ RunTime:0.001288s ]
INFO: [ view_filter ] --END-- [ RunTime:0.004523s ]
INFO: [ view_end ] --START--
INFO: ShowPageTrace Behavior ::run [ RunTime:0.001638s ]
INFO: [ view_end ] --END-- [ RunTime:0.001764s ]

[ 2014-07-16T17:16:51+08:00 ] 202.120.55.116 /service/index.php/User/logincheck
INFO: [ route_check ] --START--
INFO: CheckRoute Behavior ::run [ RunTime:0.001336s ]
INFO: [ route_check ] --END-- [ RunTime:0.001465s ]
INFO: [ app_begin ] --START--
INFO: ReadHtmlCache Behavior ::run [ RunTime:0.001367s ]
INFO: [ app_begin ] --END-- [ RunTime:0.001470s ]
SQL: SHOW COLUMNS FROM `think_user` [ RunTime:0.001493s ]
SQL: SELECT * FROM `think_user` WHERE ( uname='liuht_ufo' ) LIMIT 1   [ RunTime:0.000284s ]

[ 2014-07-16T17:16:51+08:00 ] 202.120.55.116 /service/index.php/Index/index.html
INFO: [ route_check ] --START--
INFO: CheckRoute Behavior ::run [ RunTime:0.001288s ]
INFO: [ route_check ] --END-- [ RunTime:0.001418s ]
INFO: [ app_begin ] --START--
INFO: ReadHtmlCache Behavior ::run [ RunTime:0.000945s ]
INFO: [ app_begin ] --END-- [ RunTime:0.001028s ]
INFO: [ view_parse ] --START--
INFO: ParseTemplate Behavior ::run [ RunTime:0.016184s ]
INFO: [ view_parse ] --END-- [ RunTime:0.016299s ]
INFO: [ view_filter ] --START--
INFO: ContentReplace Behavior ::run [ RunTime:0.000780s ]
INFO: TokenBuild Behavior ::run [ RunTime:0.000891s ]
INFO: WriteHtmlCache Behavior ::run [ RunTime:0.000751s ]
INFO: ShowRuntime Behavior ::run [ RunTime:0.000892s ]
INFO: [ view_filter ] --END-- [ RunTime:0.003537s ]
INFO: [ view_end ] --START--
INFO: ShowPageTrace Behavior ::run [ RunTime:0.001078s ]
INFO: [ view_end ] --END-- [ RunTime:0.001159s ]

[ 2014-07-16T17:16:52+08:00 ] 202.120.55.116 /service/index.php/Index/top.html
INFO: [ route_check ] --START--
INFO: CheckRoute Behavior ::run [ RunTime:0.001319s ]
INFO: [ route_check ] --END-- [ RunTime:0.001442s ]
INFO: [ app_begin ] --START--
INFO: ReadHtmlCache Behavior ::run [ RunTime:0.001039s ]
INFO: [ app_begin ] --END-- [ RunTime:0.001120s ]
NOTIC: [8] Constant THEME_NAME already defined /home/4/f/fangxinworld/www/service/ThinkPHP/Lib/Core/View.class.php 第 221 行.
NOTIC: [8] Constant THEME_PATH already defined /home/4/f/fangxinworld/www/service/ThinkPHP/Lib/Core/View.class.php 第 172 行.
NOTIC: [8] Constant APP_TMPL_PATH already defined /home/4/f/fangxinworld/www/service/ThinkPHP/Lib/Core/View.class.php 第 173 行.
INFO: [ view_parse ] --START--
INFO: ParseTemplate Behavior ::run [ RunTime:0.012698s ]
INFO: [ view_parse ] --END-- [ RunTime:0.012866s ]
INFO: [ view_filter ] --START--
INFO: ContentReplace Behavior ::run [ RunTime:0.001370s ]
INFO: TokenBuild Behavior ::run [ RunTime:0.001365s ]
INFO: WriteHtmlCache Behavior ::run [ RunTime:0.001044s ]
INFO: ShowRuntime Behavior ::run [ RunTime:0.001287s ]
INFO: [ view_filter ] --END-- [ RunTime:0.005423s ]
INFO: [ view_end ] --START--
INFO: ShowPageTrace Behavior ::run [ RunTime:0.001514s ]
INFO: [ view_end ] --END-- [ RunTime:0.001637s ]

[ 2014-07-16T17:16:52+08:00 ] 202.120.55.116 /service/index.php/Index/left.html
INFO: [ route_check ] --START--
INFO: CheckRoute Behavior ::run [ RunTime:0.001344s ]
INFO: [ route_check ] --END-- [ RunTime:0.001478s ]
INFO: [ app_begin ] --START--
INFO: ReadHtmlCache Behavior ::run [ RunTime:0.001009s ]
INFO: [ app_begin ] --END-- [ RunTime:0.001092s ]
NOTIC: [8] Constant THEME_NAME already defined /home/4/f/fangxinworld/www/service/ThinkPHP/Lib/Core/View.class.php 第 221 行.
NOTIC: [8] Constant THEME_PATH already defined /home/4/f/fangxinworld/www/service/ThinkPHP/Lib/Core/View.class.php 第 172 行.
NOTIC: [8] Constant APP_TMPL_PATH already defined /home/4/f/fangxinworld/www/service/ThinkPHP/Lib/Core/View.class.php 第 173 行.
INFO: [ view_parse ] --START--
INFO: ParseTemplate Behavior ::run [ RunTime:0.019420s ]
INFO: [ view_parse ] --END-- [ RunTime:0.019566s ]
INFO: [ view_filter ] --START--
INFO: ContentReplace Behavior ::run [ RunTime:0.001932s ]
INFO: TokenBuild Behavior ::run [ RunTime:0.000811s ]
INFO: WriteHtmlCache Behavior ::run [ RunTime:0.000654s ]
INFO: ShowRuntime Behavior ::run [ RunTime:0.000872s ]
INFO: [ view_filter ] --END-- [ RunTime:0.004518s ]
INFO: [ view_end ] --START--
INFO: ShowPageTrace Behavior ::run [ RunTime:0.001021s ]
INFO: [ view_end ] --END-- [ RunTime:0.001100s ]

[ 2014-07-16T17:16:52+08:00 ] 202.120.55.116 /service/index.php/Apply/applyTip.html
INFO: [ route_check ] --START--
INFO: CheckRoute Behavior ::run [ RunTime:0.001930s ]
INFO: [ route_check ] --END-- [ RunTime:0.002085s ]
INFO: [ app_begin ] --START--
INFO: ReadHtmlCache Behavior ::run [ RunTime:0.001033s ]
INFO: [ app_begin ] --END-- [ RunTime:0.001116s ]
NOTIC: [8] Constant THEME_NAME already defined /home/4/f/fangxinworld/www/service/ThinkPHP/Lib/Core/View.class.php 第 221 行.
NOTIC: [8] Constant THEME_PATH already defined /home/4/f/fangxinworld/www/service/ThinkPHP/Lib/Core/View.class.php 第 172 行.
NOTIC: [8] Constant APP_TMPL_PATH already defined /home/4/f/fangxinworld/www/service/ThinkPHP/Lib/Core/View.class.php 第 173 行.
INFO: [ view_parse ] --START--
INFO: ParseTemplate Behavior ::run [ RunTime:0.013823s ]
INFO: [ view_parse ] --END-- [ RunTime:0.013938s ]
INFO: [ view_filter ] --START--
INFO: ContentReplace Behavior ::run [ RunTime:0.000787s ]
INFO: TokenBuild Behavior ::run [ RunTime:0.000803s ]
INFO: WriteHtmlCache Behavior ::run [ RunTime:0.000669s ]
INFO: ShowRuntime Behavior ::run [ RunTime:0.000853s ]
INFO: [ view_filter ] --END-- [ RunTime:0.003333s ]
INFO: [ view_end ] --START--
INFO: ShowPageTrace Behavior ::run [ RunTime:0.001121s ]
INFO: [ view_end ] --END-- [ RunTime:0.001201s ]

[ 2014-07-16T17:17:00+08:00 ] 202.120.55.116 /service/index.php/Apply/applyTip
INFO: [ route_check ] --START--
INFO: CheckRoute Behavior ::run [ RunTime:0.001928s ]
INFO: [ route_check ] --END-- [ RunTime:0.002114s ]
INFO: [ app_begin ] --START--
INFO: ReadHtmlCache Behavior ::run [ RunTime:0.001184s ]
INFO: [ app_begin ] --END-- [ RunTime:0.001327s ]
NOTIC: [8] Constant THEME_NAME already defined /home/4/f/fangxinworld/www/service/ThinkPHP/Lib/Core/View.class.php 第 221 行.
NOTIC: [8] Constant THEME_PATH already defined /home/4/f/fangxinworld/www/service/ThinkPHP/Lib/Core/View.class.php 第 172 行.
NOTIC: [8] Constant APP_TMPL_PATH already defined /home/4/f/fangxinworld/www/service/ThinkPHP/Lib/Core/View.class.php 第 173 行.
INFO: [ view_parse ] --START--
INFO: ParseTemplate Behavior ::run [ RunTime:0.011938s ]
INFO: [ view_parse ] --END-- [ RunTime:0.012051s ]
INFO: [ view_filter ] --START--
INFO: ContentReplace Behavior ::run [ RunTime:0.000901s ]
INFO: TokenBuild Behavior ::run [ RunTime:0.000897s ]
INFO: WriteHtmlCache Behavior ::run [ RunTime:0.000932s ]
INFO: ShowRuntime Behavior ::run [ RunTime:0.001010s ]
INFO: [ view_filter ] --END-- [ RunTime:0.003961s ]
INFO: [ view_end ] --START--
INFO: ShowPageTrace Behavior ::run [ RunTime:0.001170s ]
INFO: [ view_end ] --END-- [ RunTime:0.001250s ]

[ 2014-07-16T17:17:02+08:00 ] 202.120.55.116 /service/index.php/User/infoManage/id/44
INFO: [ route_check ] --START--
INFO: CheckRoute Behavior ::run [ RunTime:0.002196s ]
INFO: [ route_check ] --END-- [ RunTime:0.002393s ]
INFO: [ app_begin ] --START--
INFO: ReadHtmlCache Behavior ::run [ RunTime:0.001503s ]
INFO: [ app_begin ] --END-- [ RunTime:0.001661s ]
SQL: SHOW COLUMNS FROM `think_user` [ RunTime:0.001566s ]
SQL: SELECT * FROM `think_user` WHERE ( id=44 ) LIMIT 1   [ RunTime:0.001519s ]
INFO: [ view_parse ] --START--
INFO: ParseTemplate Behavior ::run [ RunTime:0.015516s ]
INFO: [ view_parse ] --END-- [ RunTime:0.015642s ]
INFO: [ view_filter ] --START--
INFO: ContentReplace Behavior ::run [ RunTime:0.000807s ]
INFO: TokenBuild Behavior ::run [ RunTime:0.000796s ]
INFO: WriteHtmlCache Behavior ::run [ RunTime:0.000682s ]
INFO: ShowRuntime Behavior ::run [ RunTime:0.000912s ]
INFO: [ view_filter ] --END-- [ RunTime:0.003414s ]
INFO: [ view_end ] --START--
INFO: ShowPageTrace Behavior ::run [ RunTime:0.001421s ]
INFO: [ view_end ] --END-- [ RunTime:0.001526s ]

[ 2014-07-16T17:17:07+08:00 ] 202.120.55.116 /service/index.php/Tech/workList
INFO: [ route_check ] --START--
INFO: CheckRoute Behavior ::run [ RunTime:0.002086s ]
INFO: [ route_check ] --END-- [ RunTime:0.002276s ]
INFO: [ app_begin ] --START--
INFO: ReadHtmlCache Behavior ::run [ RunTime:0.001569s ]
INFO: [ app_begin ] --END-- [ RunTime:0.001694s ]
SQL: SHOW COLUMNS FROM `think_apply` [ RunTime:0.010701s ]
SQL: SELECT COUNT(*) AS tp_count FROM `think_apply` WHERE ( `status` = 1 ) AND ( `assignstatus` = 1 ) AND ( `techreponsor` = 'liuht_ufo' ) LIMIT 1   [ RunTime:0.002172s ]
SQL: SELECT * FROM `think_apply` WHERE ( `status` = 1 ) AND ( `assignstatus` = 1 ) AND ( `techreponsor` = 'liuht_ufo' ) ORDER BY aid desc LIMIT 0,6   [ RunTime:0.002196s ]
INFO: [ view_parse ] --START--
INFO: ParseTemplate Behavior ::run [ RunTime:0.019853s ]
INFO: [ view_parse ] --END-- [ RunTime:0.020027s ]
INFO: [ view_filter ] --START--
INFO: ContentReplace Behavior ::run [ RunTime:0.001129s ]
INFO: TokenBuild Behavior ::run [ RunTime:0.001123s ]
INFO: WriteHtmlCache Behavior ::run [ RunTime:0.000926s ]
INFO: ShowRuntime Behavior ::run [ RunTime:0.001258s ]
INFO: [ view_filter ] --END-- [ RunTime:0.004773s ]
INFO: [ view_end ] --START--
INFO: ShowPageTrace Behavior ::run [ RunTime:0.001559s ]
INFO: [ view_end ] --END-- [ RunTime:0.001685s ]

[ 2014-07-16T17:17:13+08:00 ] 202.120.55.116 /service/index.php/Apply/applyTip
INFO: [ route_check ] --START--
INFO: CheckRoute Behavior ::run [ RunTime:0.001261s ]
INFO: [ route_check ] --END-- [ RunTime:0.001391s ]
INFO: [ app_begin ] --START--
INFO: ReadHtmlCache Behavior ::run [ RunTime:0.001041s ]
INFO: [ app_begin ] --END-- [ RunTime:0.001124s ]
NOTIC: [8] Constant THEME_NAME already defined /home/4/f/fangxinworld/www/service/ThinkPHP/Lib/Core/View.class.php 第 221 行.
NOTIC: [8] Constant THEME_PATH already defined /home/4/f/fangxinworld/www/service/ThinkPHP/Lib/Core/View.class.php 第 172 行.
NOTIC: [8] Constant APP_TMPL_PATH already defined /home/4/f/fangxinworld/www/service/ThinkPHP/Lib/Core/View.class.php 第 173 行.
INFO: [ view_parse ] --START--
INFO: ParseTemplate Behavior ::run [ RunTime:0.011085s ]
INFO: [ view_parse ] --END-- [ RunTime:0.011188s ]
INFO: [ view_filter ] --START--
INFO: ContentReplace Behavior ::run [ RunTime:0.000908s ]
INFO: TokenBuild Behavior ::run [ RunTime:0.000833s ]
INFO: WriteHtmlCache Behavior ::run [ RunTime:0.000673s ]
INFO: ShowRuntime Behavior ::run [ RunTime:0.000887s ]
INFO: [ view_filter ] --END-- [ RunTime:0.003517s ]
INFO: [ view_end ] --START--
INFO: ShowPageTrace Behavior ::run [ RunTime:0.001066s ]
INFO: [ view_end ] --END-- [ RunTime:0.001145s ]

[ 2014-07-16T17:17:23+08:00 ] 202.120.55.116 /service/index.php/User/infoManage/id/44
INFO: [ route_check ] --START--
INFO: CheckRoute Behavior ::run [ RunTime:0.001439s ]
INFO: [ route_check ] --END-- [ RunTime:0.001569s ]
INFO: [ app_begin ] --START--
INFO: ReadHtmlCache Behavior ::run [ RunTime:0.001162s ]
INFO: [ app_begin ] --END-- [ RunTime:0.001240s ]
SQL: SHOW COLUMNS FROM `think_user` [ RunTime:0.001465s ]
SQL: SELECT * FROM `think_user` WHERE ( id=44 ) LIMIT 1   [ RunTime:0.000280s ]
INFO: [ view_parse ] --START--
INFO: ParseTemplate Behavior ::run [ RunTime:0.016794s ]
INFO: [ view_parse ] --END-- [ RunTime:0.016894s ]
INFO: [ view_filter ] --START--
INFO: ContentReplace Behavior ::run [ RunTime:0.000721s ]
INFO: TokenBuild Behavior ::run [ RunTime:0.000719s ]
INFO: WriteHtmlCache Behavior ::run [ RunTime:0.000637s ]
INFO: ShowRuntime Behavior ::run [ RunTime:0.000828s ]
INFO: [ view_filter ] --END-- [ RunTime:0.003109s ]
INFO: [ view_end ] --START--
INFO: ShowPageTrace Behavior ::run [ RunTime:0.001063s ]
INFO: [ view_end ] --END-- [ RunTime:0.001151s ]

[ 2014-07-16T17:17:27+08:00 ] 202.120.55.116 /service/index.php/Tech/workList
INFO: [ route_check ] --START--
INFO: CheckRoute Behavior ::run [ RunTime:0.001695s ]
INFO: [ route_check ] --END-- [ RunTime:0.001858s ]
INFO: [ app_begin ] --START--
INFO: ReadHtmlCache Behavior ::run [ RunTime:0.000975s ]
INFO: [ app_begin ] --END-- [ RunTime:0.001058s ]
SQL: SHOW COLUMNS FROM `think_apply` [ RunTime:0.002843s ]
SQL: SELECT COUNT(*) AS tp_count FROM `think_apply` WHERE ( `status` = 1 ) AND ( `assignstatus` = 1 ) AND ( `techreponsor` = 'liuht_ufo' ) LIMIT 1   [ RunTime:0.002610s ]
SQL: SELECT * FROM `think_apply` WHERE ( `status` = 1 ) AND ( `assignstatus` = 1 ) AND ( `techreponsor` = 'liuht_ufo' ) ORDER BY aid desc LIMIT 0,6   [ RunTime:0.001341s ]
INFO: [ view_parse ] --START--
INFO: ParseTemplate Behavior ::run [ RunTime:0.021932s ]
INFO: [ view_parse ] --END-- [ RunTime:0.022073s ]
INFO: [ view_filter ] --START--
INFO: ContentReplace Behavior ::run [ RunTime:0.000918s ]
INFO: TokenBuild Behavior ::run [ RunTime:0.000812s ]
INFO: WriteHtmlCache Behavior ::run [ RunTime:0.000741s ]
INFO: ShowRuntime Behavior ::run [ RunTime:0.000922s ]
INFO: [ view_filter ] --END-- [ RunTime:0.003625s ]
INFO: [ view_end ] --START--
INFO: ShowPageTrace Behavior ::run [ RunTime:0.001089s ]
INFO: [ view_end ] --END-- [ RunTime:0.001187s ]

