[ 2014-06-02T10:12:42+08:00 ] 66.249.78.149 /service/index.php
INFO: [ app_begin ] --START--
INFO: ReadHtmlCache Behavior ::run [ RunTime:0.005739s ]
INFO: [ app_begin ] --END-- [ RunTime:0.005926s ]
NOTIC: [8] Undefined index: username /home/4/f/fangxinworld/www/service/Home/Lib/Action/IndexAction.class.php 第 5 行.

[ 2014-06-02T10:12:43+08:00 ] 66.249.78.149 /service/index.php/User/login.html
INFO: [ route_check ] --START--
INFO: CheckRoute Behavior ::run [ RunTime:0.001346s ]
INFO: [ route_check ] --END-- [ RunTime:0.001471s ]
INFO: [ app_begin ] --START--
INFO: ReadHtmlCache Behavior ::run [ RunTime:0.000873s ]
INFO: [ app_begin ] --END-- [ RunTime:0.000954s ]
INFO: [ view_parse ] --START--
INFO: ParseTemplate Behavior ::run [ RunTime:0.062159s ]
INFO: [ view_parse ] --END-- [ RunTime:0.062250s ]
INFO: [ view_filter ] --START--
INFO: ContentReplace Behavior ::run [ RunTime:0.001043s ]
INFO: TokenBuild Behavior ::run [ RunTime:0.000999s ]
INFO: WriteHtmlCache Behavior ::run [ RunTime:0.000877s ]
INFO: ShowRuntime Behavior ::run [ RunTime:0.000988s ]
INFO: [ view_filter ] --END-- [ RunTime:0.004129s ]
INFO: [ view_end ] --START--
INFO: ShowPageTrace Behavior ::run [ RunTime:0.001123s ]
INFO: [ view_end ] --END-- [ RunTime:0.001204s ]

