[ 2014-07-28T13:01:39+08:00 ] 222.240.152.229 /service/index.php
INFO: [ app_begin ] --START--
INFO: ReadHtmlCache Behavior ::run [ RunTime:0.002387s ]
INFO: [ app_begin ] --END-- [ RunTime:0.002584s ]
NOTIC: [8] Undefined index: username /home/4/f/fangxinworld/www/service/Home/Lib/Action/IndexAction.class.php 第 5 行.

[ 2014-07-28T13:01:39+08:00 ] 222.240.152.229 /service/index.php/User/login.html
INFO: [ route_check ] --START--
INFO: CheckRoute Behavior ::run [ RunTime:0.002329s ]
INFO: [ route_check ] --END-- [ RunTime:0.002462s ]
INFO: [ app_begin ] --START--
INFO: ReadHtmlCache Behavior ::run [ RunTime:0.000973s ]
INFO: [ app_begin ] --END-- [ RunTime:0.001055s ]
INFO: [ view_parse ] --START--
INFO: ParseTemplate Behavior ::run [ RunTime:0.022223s ]
INFO: [ view_parse ] --END-- [ RunTime:0.022341s ]
INFO: [ view_filter ] --START--
INFO: ContentReplace Behavior ::run [ RunTime:0.001398s ]
INFO: TokenBuild Behavior ::run [ RunTime:0.002273s ]
INFO: WriteHtmlCache Behavior ::run [ RunTime:0.001205s ]
INFO: ShowRuntime Behavior ::run [ RunTime:0.001713s ]
INFO: [ view_filter ] --END-- [ RunTime:0.006865s ]
INFO: [ view_end ] --START--
INFO: ShowPageTrace Behavior ::run [ RunTime:0.002211s ]
INFO: [ view_end ] --END-- [ RunTime:0.002334s ]

[ 2014-07-28T13:03:45+08:00 ] 222.240.152.229 /service/index.php
INFO: [ app_begin ] --START--
INFO: ReadHtmlCache Behavior ::run [ RunTime:0.002213s ]
INFO: [ app_begin ] --END-- [ RunTime:0.002386s ]
NOTIC: [8] Undefined index: username /home/4/f/fangxinworld/www/service/Home/Lib/Action/IndexAction.class.php 第 5 行.

[ 2014-07-28T13:03:46+08:00 ] 222.240.152.229 /service/index.php/User/login.html
INFO: [ route_check ] --START--
INFO: CheckRoute Behavior ::run [ RunTime:0.002225s ]
INFO: [ route_check ] --END-- [ RunTime:0.002410s ]
INFO: [ app_begin ] --START--
INFO: ReadHtmlCache Behavior ::run [ RunTime:0.001440s ]
INFO: [ app_begin ] --END-- [ RunTime:0.001563s ]
INFO: [ view_parse ] --START--
INFO: ParseTemplate Behavior ::run [ RunTime:0.018529s ]
INFO: [ view_parse ] --END-- [ RunTime:0.018667s ]
INFO: [ view_filter ] --START--
INFO: ContentReplace Behavior ::run [ RunTime:0.001342s ]
INFO: TokenBuild Behavior ::run [ RunTime:0.001417s ]
INFO: WriteHtmlCache Behavior ::run [ RunTime:0.002313s ]
INFO: ShowRuntime Behavior ::run [ RunTime:0.001557s ]
INFO: [ view_filter ] --END-- [ RunTime:0.006970s ]
INFO: [ view_end ] --START--
INFO: ShowPageTrace Behavior ::run [ RunTime:0.001658s ]
INFO: [ view_end ] --END-- [ RunTime:0.001771s ]

