[ 2014-09-11T09:37:31+08:00 ] 115.231.168.10 /service/index.php
INFO: [ app_begin ] --START--
INFO: ReadHtmlCache Behavior ::run [ RunTime:0.002442s ]
INFO: [ app_begin ] --END-- [ RunTime:0.002611s ]
NOTIC: [8] Undefined index: username /home/4/f/fangxinworld/www/service/Home/Lib/Action/IndexAction.class.php 第 5 行.

[ 2014-09-11T09:37:32+08:00 ] 115.231.168.10 /service/index.php/User/login.html
INFO: [ route_check ] --START--
INFO: CheckRoute Behavior ::run [ RunTime:0.001938s ]
INFO: [ route_check ] --END-- [ RunTime:0.002117s ]
INFO: [ app_begin ] --START--
INFO: ReadHtmlCache Behavior ::run [ RunTime:0.001276s ]
INFO: [ app_begin ] --END-- [ RunTime:0.001366s ]
INFO: [ view_parse ] --START--
INFO: ParseTemplate Behavior ::run [ RunTime:0.026262s ]
INFO: [ view_parse ] --END-- [ RunTime:0.026420s ]
INFO: [ view_filter ] --START--
INFO: ContentReplace Behavior ::run [ RunTime:0.001347s ]
INFO: TokenBuild Behavior ::run [ RunTime:0.002255s ]
INFO: WriteHtmlCache Behavior ::run [ RunTime:0.002790s ]
INFO: ShowRuntime Behavior ::run [ RunTime:0.003639s ]
INFO: [ view_filter ] --END-- [ RunTime:0.010357s ]
INFO: [ view_end ] --START--
INFO: ShowPageTrace Behavior ::run [ RunTime:0.005592s ]
INFO: [ view_end ] --END-- [ RunTime:0.005717s ]

[ 2014-09-11T09:37:47+08:00 ] 115.231.168.10 /service/index.php
INFO: [ app_begin ] --START--
INFO: ReadHtmlCache Behavior ::run [ RunTime:0.000977s ]
INFO: [ app_begin ] --END-- [ RunTime:0.001097s ]
NOTIC: [8] Undefined index: username /home/4/f/fangxinworld/www/service/Home/Lib/Action/IndexAction.class.php 第 5 行.

[ 2014-09-11T09:37:50+08:00 ] 115.231.168.10 /service/index.php/User/login.html
INFO: [ route_check ] --START--
INFO: CheckRoute Behavior ::run [ RunTime:0.001355s ]
INFO: [ route_check ] --END-- [ RunTime:0.001498s ]
INFO: [ app_begin ] --START--
INFO: ReadHtmlCache Behavior ::run [ RunTime:0.001242s ]
INFO: [ app_begin ] --END-- [ RunTime:0.001353s ]
INFO: [ view_parse ] --START--
INFO: ParseTemplate Behavior ::run [ RunTime:0.019601s ]
INFO: [ view_parse ] --END-- [ RunTime:0.019724s ]
INFO: [ view_filter ] --START--
INFO: ContentReplace Behavior ::run [ RunTime:0.000912s ]
INFO: TokenBuild Behavior ::run [ RunTime:0.000901s ]
INFO: WriteHtmlCache Behavior ::run [ RunTime:0.000803s ]
INFO: ShowRuntime Behavior ::run [ RunTime:0.000883s ]
INFO: [ view_filter ] --END-- [ RunTime:0.003729s ]
INFO: [ view_end ] --START--
INFO: ShowPageTrace Behavior ::run [ RunTime:0.001043s ]
INFO: [ view_end ] --END-- [ RunTime:0.001123s ]

[ 2014-09-11T09:38:01+08:00 ] 115.231.168.10 /service/index.php/User/logincheck
INFO: [ route_check ] --START--
INFO: CheckRoute Behavior ::run [ RunTime:0.001285s ]
INFO: [ route_check ] --END-- [ RunTime:0.001408s ]
INFO: [ app_begin ] --START--
INFO: ReadHtmlCache Behavior ::run [ RunTime:0.001057s ]
INFO: [ app_begin ] --END-- [ RunTime:0.001146s ]
SQL: SHOW COLUMNS FROM `think_user` [ RunTime:0.162097s ]
SQL: SELECT * FROM `think_user` WHERE ( uname='gentaiwh' ) LIMIT 1   [ RunTime:0.004673s ]
INFO: [ view_parse ] --START--
INFO: ParseTemplate Behavior ::run [ RunTime:0.014860s ]
INFO: [ view_parse ] --END-- [ RunTime:0.014969s ]
INFO: [ view_filter ] --START--
INFO: ContentReplace Behavior ::run [ RunTime:0.000800s ]
INFO: TokenBuild Behavior ::run [ RunTime:0.000828s ]
INFO: WriteHtmlCache Behavior ::run [ RunTime:0.000682s ]
INFO: ShowRuntime Behavior ::run [ RunTime:0.000885s ]
INFO: [ view_filter ] --END-- [ RunTime:0.003416s ]
INFO: [ view_end ] --START--
INFO: ShowPageTrace Behavior ::run [ RunTime:0.001483s ]
INFO: [ view_end ] --END-- [ RunTime:0.001622s ]

[ 2014-09-11T09:38:11+08:00 ] 115.231.168.10 /service/index.php/User/logincheck
INFO: [ route_check ] --START--
INFO: CheckRoute Behavior ::run [ RunTime:0.001297s ]
INFO: [ route_check ] --END-- [ RunTime:0.001429s ]
INFO: [ app_begin ] --START--
INFO: ReadHtmlCache Behavior ::run [ RunTime:0.000984s ]
INFO: [ app_begin ] --END-- [ RunTime:0.001066s ]
SQL: SHOW COLUMNS FROM `think_user` [ RunTime:0.053968s ]
SQL: SELECT * FROM `think_user` WHERE ( uname='gentaiwh' ) LIMIT 1   [ RunTime:0.000260s ]
INFO: [ view_parse ] --START--
INFO: ParseTemplate Behavior ::run [ RunTime:0.012034s ]
INFO: [ view_parse ] --END-- [ RunTime:0.012134s ]
INFO: [ view_filter ] --START--
INFO: ContentReplace Behavior ::run [ RunTime:0.000760s ]
INFO: TokenBuild Behavior ::run [ RunTime:0.000859s ]
INFO: WriteHtmlCache Behavior ::run [ RunTime:0.000810s ]
INFO: ShowRuntime Behavior ::run [ RunTime:0.002961s ]
INFO: [ view_filter ] --END-- [ RunTime:0.005670s ]
INFO: [ view_end ] --START--
INFO: ShowPageTrace Behavior ::run [ RunTime:0.002854s ]
INFO: [ view_end ] --END-- [ RunTime:0.002981s ]

[ 2014-09-11T09:40:13+08:00 ] 115.231.168.10 /service/index.php
INFO: [ app_begin ] --START--
INFO: ReadHtmlCache Behavior ::run [ RunTime:0.001015s ]
INFO: [ app_begin ] --END-- [ RunTime:0.001109s ]
NOTIC: [8] Undefined index: username /home/4/f/fangxinworld/www/service/Home/Lib/Action/IndexAction.class.php 第 5 行.

[ 2014-09-11T09:40:14+08:00 ] 115.231.168.10 /service/index.php/User/login.html
INFO: [ route_check ] --START--
INFO: CheckRoute Behavior ::run [ RunTime:0.001496s ]
INFO: [ route_check ] --END-- [ RunTime:0.001615s ]
INFO: [ app_begin ] --START--
INFO: ReadHtmlCache Behavior ::run [ RunTime:0.001123s ]
INFO: [ app_begin ] --END-- [ RunTime:0.001201s ]
INFO: [ view_parse ] --START--
INFO: ParseTemplate Behavior ::run [ RunTime:0.016381s ]
INFO: [ view_parse ] --END-- [ RunTime:0.016528s ]
INFO: [ view_filter ] --START--
INFO: ContentReplace Behavior ::run [ RunTime:0.001192s ]
INFO: TokenBuild Behavior ::run [ RunTime:0.000952s ]
INFO: WriteHtmlCache Behavior ::run [ RunTime:0.000812s ]
INFO: ShowRuntime Behavior ::run [ RunTime:0.001021s ]
INFO: [ view_filter ] --END-- [ RunTime:0.004187s ]
INFO: [ view_end ] --START--
INFO: ShowPageTrace Behavior ::run [ RunTime:0.001144s ]
INFO: [ view_end ] --END-- [ RunTime:0.001219s ]

[ 2014-09-11T09:40:23+08:00 ] 115.231.168.10 /service/index.php/User/logincheck
INFO: [ route_check ] --START--
INFO: CheckRoute Behavior ::run [ RunTime:0.001456s ]
INFO: [ route_check ] --END-- [ RunTime:0.001602s ]
INFO: [ app_begin ] --START--
INFO: ReadHtmlCache Behavior ::run [ RunTime:0.000826s ]
INFO: [ app_begin ] --END-- [ RunTime:0.000891s ]
SQL: SHOW COLUMNS FROM `think_user` [ RunTime:0.002701s ]
SQL: SELECT * FROM `think_user` WHERE ( uname='gentailyl' ) LIMIT 1   [ RunTime:0.000343s ]
INFO: [ view_parse ] --START--
INFO: ParseTemplate Behavior ::run [ RunTime:0.014794s ]
INFO: [ view_parse ] --END-- [ RunTime:0.014919s ]
INFO: [ view_filter ] --START--
INFO: ContentReplace Behavior ::run [ RunTime:0.000839s ]
INFO: TokenBuild Behavior ::run [ RunTime:0.000863s ]
INFO: WriteHtmlCache Behavior ::run [ RunTime:0.000664s ]
INFO: ShowRuntime Behavior ::run [ RunTime:0.000873s ]
INFO: [ view_filter ] --END-- [ RunTime:0.003456s ]
INFO: [ view_end ] --START--
INFO: ShowPageTrace Behavior ::run [ RunTime:0.001080s ]
INFO: [ view_end ] --END-- [ RunTime:0.001160s ]

[ 2014-09-11T09:40:32+08:00 ] 115.231.168.10 /service/index.php/User/logincheck
INFO: [ route_check ] --START--
INFO: CheckRoute Behavior ::run [ RunTime:0.001229s ]
INFO: [ route_check ] --END-- [ RunTime:0.001348s ]
INFO: [ app_begin ] --START--
INFO: ReadHtmlCache Behavior ::run [ RunTime:0.000901s ]
INFO: [ app_begin ] --END-- [ RunTime:0.000977s ]
SQL: SHOW COLUMNS FROM `think_user` [ RunTime:0.001819s ]
SQL: SELECT * FROM `think_user` WHERE ( uname='gentailyl' ) LIMIT 1   [ RunTime:0.000163s ]
INFO: [ view_parse ] --START--
INFO: ParseTemplate Behavior ::run [ RunTime:0.013946s ]
INFO: [ view_parse ] --END-- [ RunTime:0.014048s ]
INFO: [ view_filter ] --START--
INFO: ContentReplace Behavior ::run [ RunTime:0.001005s ]
INFO: TokenBuild Behavior ::run [ RunTime:0.000993s ]
INFO: WriteHtmlCache Behavior ::run [ RunTime:0.000921s ]
INFO: ShowRuntime Behavior ::run [ RunTime:0.001162s ]
INFO: [ view_filter ] --END-- [ RunTime:0.004380s ]
INFO: [ view_end ] --START--
INFO: ShowPageTrace Behavior ::run [ RunTime:0.001397s ]
INFO: [ view_end ] --END-- [ RunTime:0.001503s ]

[ 2014-09-11T10:32:34+08:00 ] 117.144.166.106 /service/index.php
INFO: [ app_begin ] --START--
INFO: ReadHtmlCache Behavior ::run [ RunTime:0.001709s ]
INFO: [ app_begin ] --END-- [ RunTime:0.001906s ]
NOTIC: [8] Undefined index: username /home/4/f/fangxinworld/www/service/Home/Lib/Action/IndexAction.class.php 第 5 行.

[ 2014-09-11T10:32:34+08:00 ] 117.144.166.106 /service/index.php/User/login.html
INFO: [ route_check ] --START--
INFO: CheckRoute Behavior ::run [ RunTime:0.001636s ]
INFO: [ route_check ] --END-- [ RunTime:0.001759s ]
INFO: [ app_begin ] --START--
INFO: ReadHtmlCache Behavior ::run [ RunTime:0.000953s ]
INFO: [ app_begin ] --END-- [ RunTime:0.001034s ]
INFO: [ view_parse ] --START--
INFO: ParseTemplate Behavior ::run [ RunTime:0.018461s ]
INFO: [ view_parse ] --END-- [ RunTime:0.018553s ]
INFO: [ view_filter ] --START--
INFO: ContentReplace Behavior ::run [ RunTime:0.001049s ]
INFO: TokenBuild Behavior ::run [ RunTime:0.001044s ]
INFO: WriteHtmlCache Behavior ::run [ RunTime:0.001589s ]
INFO: ShowRuntime Behavior ::run [ RunTime:0.004862s ]
INFO: [ view_filter ] --END-- [ RunTime:0.008826s ]
INFO: [ view_end ] --START--
INFO: ShowPageTrace Behavior ::run [ RunTime:0.001497s ]
INFO: [ view_end ] --END-- [ RunTime:0.001585s ]

[ 2014-09-11T11:11:19+08:00 ] 125.76.184.237 /service/index.php
INFO: [ app_begin ] --START--
INFO: ReadHtmlCache Behavior ::run [ RunTime:0.001349s ]
INFO: [ app_begin ] --END-- [ RunTime:0.001475s ]
NOTIC: [8] Undefined index: username /home/4/f/fangxinworld/www/service/Home/Lib/Action/IndexAction.class.php 第 5 行.

[ 2014-09-11T11:11:20+08:00 ] 125.76.184.237 /service/index.php/User/login.html
INFO: [ route_check ] --START--
INFO: CheckRoute Behavior ::run [ RunTime:0.003156s ]
INFO: [ route_check ] --END-- [ RunTime:0.003312s ]
INFO: [ app_begin ] --START--
INFO: ReadHtmlCache Behavior ::run [ RunTime:0.001307s ]
INFO: [ app_begin ] --END-- [ RunTime:0.001424s ]
INFO: [ view_parse ] --START--
INFO: ParseTemplate Behavior ::run [ RunTime:0.019922s ]
INFO: [ view_parse ] --END-- [ RunTime:0.020065s ]
INFO: [ view_filter ] --START--
INFO: ContentReplace Behavior ::run [ RunTime:0.001284s ]
INFO: TokenBuild Behavior ::run [ RunTime:0.001770s ]
INFO: WriteHtmlCache Behavior ::run [ RunTime:0.000958s ]
INFO: ShowRuntime Behavior ::run [ RunTime:0.001009s ]
INFO: [ view_filter ] --END-- [ RunTime:0.005295s ]
INFO: [ view_end ] --START--
INFO: ShowPageTrace Behavior ::run [ RunTime:0.001280s ]
INFO: [ view_end ] --END-- [ RunTime:0.001355s ]

[ 2014-09-11T11:11:34+08:00 ] 125.76.184.237 /service/index.php
INFO: [ app_begin ] --START--
INFO: ReadHtmlCache Behavior ::run [ RunTime:0.001004s ]
INFO: [ app_begin ] --END-- [ RunTime:0.001120s ]
NOTIC: [8] Undefined index: username /home/4/f/fangxinworld/www/service/Home/Lib/Action/IndexAction.class.php 第 5 行.

[ 2014-09-11T11:11:34+08:00 ] 125.76.184.237 /service/index.php/User/login.html
INFO: [ route_check ] --START--
INFO: CheckRoute Behavior ::run [ RunTime:0.001220s ]
INFO: [ route_check ] --END-- [ RunTime:0.001338s ]
INFO: [ app_begin ] --START--
INFO: ReadHtmlCache Behavior ::run [ RunTime:0.000868s ]
INFO: [ app_begin ] --END-- [ RunTime:0.000944s ]
INFO: [ view_parse ] --START--
INFO: ParseTemplate Behavior ::run [ RunTime:0.020377s ]
INFO: [ view_parse ] --END-- [ RunTime:0.020483s ]
INFO: [ view_filter ] --START--
INFO: ContentReplace Behavior ::run [ RunTime:0.000772s ]
INFO: TokenBuild Behavior ::run [ RunTime:0.000733s ]
INFO: WriteHtmlCache Behavior ::run [ RunTime:0.000616s ]
INFO: ShowRuntime Behavior ::run [ RunTime:0.000789s ]
INFO: [ view_filter ] --END-- [ RunTime:0.003119s ]
INFO: [ view_end ] --START--
INFO: ShowPageTrace Behavior ::run [ RunTime:0.000969s ]
INFO: [ view_end ] --END-- [ RunTime:0.001044s ]

[ 2014-09-11T11:13:14+08:00 ] 125.76.184.237 /service/index.php
INFO: [ app_begin ] --START--
INFO: ReadHtmlCache Behavior ::run [ RunTime:0.001147s ]
INFO: [ app_begin ] --END-- [ RunTime:0.001261s ]
NOTIC: [8] Undefined index: username /home/4/f/fangxinworld/www/service/Home/Lib/Action/IndexAction.class.php 第 5 行.

[ 2014-09-11T11:13:14+08:00 ] 125.76.184.237 /service/index.php/User/login.html
INFO: [ route_check ] --START--
INFO: CheckRoute Behavior ::run [ RunTime:0.001405s ]
INFO: [ route_check ] --END-- [ RunTime:0.001527s ]
INFO: [ app_begin ] --START--
INFO: ReadHtmlCache Behavior ::run [ RunTime:0.000743s ]
INFO: [ app_begin ] --END-- [ RunTime:0.000807s ]
INFO: [ view_parse ] --START--
INFO: ParseTemplate Behavior ::run [ RunTime:0.017874s ]
INFO: [ view_parse ] --END-- [ RunTime:0.018018s ]
INFO: [ view_filter ] --START--
INFO: ContentReplace Behavior ::run [ RunTime:0.001067s ]
INFO: TokenBuild Behavior ::run [ RunTime:0.001132s ]
INFO: WriteHtmlCache Behavior ::run [ RunTime:0.001621s ]
INFO: ShowRuntime Behavior ::run [ RunTime:0.001157s ]
INFO: [ view_filter ] --END-- [ RunTime:0.005217s ]
INFO: [ view_end ] --START--
INFO: ShowPageTrace Behavior ::run [ RunTime:0.001234s ]
INFO: [ view_end ] --END-- [ RunTime:0.001299s ]

[ 2014-09-11T11:13:17+08:00 ] 123.138.40.75 /service/index.php
INFO: [ app_begin ] --START--
INFO: ReadHtmlCache Behavior ::run [ RunTime:0.000984s ]
INFO: [ app_begin ] --END-- [ RunTime:0.001123s ]
NOTIC: [8] Undefined index: username /home/4/f/fangxinworld/www/service/Home/Lib/Action/IndexAction.class.php 第 5 行.

[ 2014-09-11T11:13:18+08:00 ] 123.138.40.75 /service/index.php/User/login.html
INFO: [ route_check ] --START--
INFO: CheckRoute Behavior ::run [ RunTime:0.001850s ]
INFO: [ route_check ] --END-- [ RunTime:0.002052s ]
INFO: [ app_begin ] --START--
INFO: ReadHtmlCache Behavior ::run [ RunTime:0.001417s ]
INFO: [ app_begin ] --END-- [ RunTime:0.001546s ]
INFO: [ view_parse ] --START--
INFO: ParseTemplate Behavior ::run [ RunTime:0.019255s ]
INFO: [ view_parse ] --END-- [ RunTime:0.019375s ]
INFO: [ view_filter ] --START--
INFO: ContentReplace Behavior ::run [ RunTime:0.000918s ]
INFO: TokenBuild Behavior ::run [ RunTime:0.000899s ]
INFO: WriteHtmlCache Behavior ::run [ RunTime:0.000766s ]
INFO: ShowRuntime Behavior ::run [ RunTime:0.000926s ]
INFO: [ view_filter ] --END-- [ RunTime:0.003737s ]
INFO: [ view_end ] --START--
INFO: ShowPageTrace Behavior ::run [ RunTime:0.001636s ]
INFO: [ view_end ] --END-- [ RunTime:0.001740s ]

[ 2014-09-11T11:14:35+08:00 ] 123.138.40.75 /service/index.php
INFO: [ app_begin ] --START--
INFO: ReadHtmlCache Behavior ::run [ RunTime:0.001793s ]
INFO: [ app_begin ] --END-- [ RunTime:0.001979s ]
NOTIC: [8] Undefined index: username /home/4/f/fangxinworld/www/service/Home/Lib/Action/IndexAction.class.php 第 5 行.

[ 2014-09-11T11:14:36+08:00 ] 123.138.40.75 /service/index.php/User/login.html
INFO: [ route_check ] --START--
INFO: CheckRoute Behavior ::run [ RunTime:0.001985s ]
INFO: [ route_check ] --END-- [ RunTime:0.002177s ]
INFO: [ app_begin ] --START--
INFO: ReadHtmlCache Behavior ::run [ RunTime:0.001270s ]
INFO: [ app_begin ] --END-- [ RunTime:0.001407s ]
INFO: [ view_parse ] --START--
INFO: ParseTemplate Behavior ::run [ RunTime:0.015012s ]
INFO: [ view_parse ] --END-- [ RunTime:0.015137s ]
INFO: [ view_filter ] --START--
INFO: ContentReplace Behavior ::run [ RunTime:0.001385s ]
INFO: TokenBuild Behavior ::run [ RunTime:0.001365s ]
INFO: WriteHtmlCache Behavior ::run [ RunTime:0.001161s ]
INFO: ShowRuntime Behavior ::run [ RunTime:0.001528s ]
INFO: [ view_filter ] --END-- [ RunTime:0.005788s ]
INFO: [ view_end ] --START--
INFO: ShowPageTrace Behavior ::run [ RunTime:0.001763s ]
INFO: [ view_end ] --END-- [ RunTime:0.001891s ]

