[ 2014-08-17T17:06:46+08:00 ] 66.249.78.214 /service/index.php
INFO: [ app_begin ] --START--
INFO: ReadHtmlCache Behavior ::run [ RunTime:0.001884s ]
INFO: [ app_begin ] --END-- [ RunTime:0.002069s ]
NOTIC: [8] Undefined index: username /home/4/f/fangxinworld/www/service/Home/Lib/Action/IndexAction.class.php 第 5 行.

[ 2014-08-17T17:06:54+08:00 ] 66.249.78.200 /service/index.php/User/login.html
INFO: [ route_check ] --START--
INFO: CheckRoute Behavior ::run [ RunTime:0.001409s ]
INFO: [ route_check ] --END-- [ RunTime:0.001582s ]
INFO: [ app_begin ] --START--
INFO: ReadHtmlCache Behavior ::run [ RunTime:0.000893s ]
INFO: [ app_begin ] --END-- [ RunTime:0.000980s ]
INFO: [ view_parse ] --START--
INFO: ParseTemplate Behavior ::run [ RunTime:0.024309s ]
INFO: [ view_parse ] --END-- [ RunTime:0.024425s ]
INFO: [ view_filter ] --START--
INFO: ContentReplace Behavior ::run [ RunTime:0.000941s ]
INFO: TokenBuild Behavior ::run [ RunTime:0.000952s ]
INFO: WriteHtmlCache Behavior ::run [ RunTime:0.000804s ]
INFO: ShowRuntime Behavior ::run [ RunTime:0.001036s ]
INFO: [ view_filter ] --END-- [ RunTime:0.003943s ]
INFO: [ view_end ] --START--
INFO: ShowPageTrace Behavior ::run [ RunTime:0.001171s ]
INFO: [ view_end ] --END-- [ RunTime:0.001247s ]

