[ 2014-03-30T20:40:44+08:00 ] 218.94.136.166 /service/index.php
INFO: [ app_begin ] --START--
INFO: ReadHtmlCache Behavior ::run [ RunTime:0.011290s ]
INFO: [ app_begin ] --END-- [ RunTime:0.011498s ]
NOTIC: [8] Undefined index: username /home/4/f/fangxinworld/www/service/Home/Lib/Action/IndexAction.class.php 第 5 行.

[ 2014-03-30T20:40:44+08:00 ] 218.94.136.166 /service/index.php/User/login.html
INFO: [ route_check ] --START--
INFO: CheckRoute Behavior ::run [ RunTime:0.008485s ]
INFO: [ route_check ] --END-- [ RunTime:0.008680s ]
INFO: [ app_begin ] --START--
INFO: ReadHtmlCache Behavior ::run [ RunTime:0.000966s ]
INFO: [ app_begin ] --END-- [ RunTime:0.001047s ]
INFO: [ view_parse ] --START--
INFO: ParseTemplate Behavior ::run [ RunTime:0.054743s ]
INFO: [ view_parse ] --END-- [ RunTime:0.054871s ]
INFO: [ view_filter ] --START--
INFO: ContentReplace Behavior ::run [ RunTime:0.005356s ]
INFO: TokenBuild Behavior ::run [ RunTime:0.001586s ]
INFO: WriteHtmlCache Behavior ::run [ RunTime:0.006035s ]
INFO: ShowRuntime Behavior ::run [ RunTime:0.002027s ]
INFO: [ view_filter ] --END-- [ RunTime:0.015249s ]
INFO: [ view_end ] --START--
INFO: ShowPageTrace Behavior ::run [ RunTime:0.001773s ]
INFO: [ view_end ] --END-- [ RunTime:0.001851s ]

