[ 2014-07-09T10:32:10+08:00 ] 112.65.124.201 /service/index.php
INFO: [ app_begin ] --START--
INFO: ReadHtmlCache Behavior ::run [ RunTime:0.002582s ]
INFO: [ app_begin ] --END-- [ RunTime:0.002711s ]
NOTIC: [8] Undefined index: username /home/4/f/fangxinworld/www/service/Home/Lib/Action/IndexAction.class.php 第 5 行.

[ 2014-07-09T10:32:11+08:00 ] 112.65.124.201 /service/index.php/User/login.html
INFO: [ route_check ] --START--
INFO: CheckRoute Behavior ::run [ RunTime:0.003001s ]
INFO: [ route_check ] --END-- [ RunTime:0.003134s ]
INFO: [ app_begin ] --START--
INFO: ReadHtmlCache Behavior ::run [ RunTime:0.001285s ]
INFO: [ app_begin ] --END-- [ RunTime:0.001369s ]
INFO: [ view_parse ] --START--
INFO: ParseTemplate Behavior ::run [ RunTime:0.023155s ]
INFO: [ view_parse ] --END-- [ RunTime:0.023263s ]
INFO: [ view_filter ] --START--
INFO: ContentReplace Behavior ::run [ RunTime:0.001398s ]
INFO: TokenBuild Behavior ::run [ RunTime:0.001382s ]
INFO: WriteHtmlCache Behavior ::run [ RunTime:0.001269s ]
INFO: ShowRuntime Behavior ::run [ RunTime:0.001487s ]
INFO: [ view_filter ] --END-- [ RunTime:0.005760s ]
INFO: [ view_end ] --START--
INFO: ShowPageTrace Behavior ::run [ RunTime:0.001732s ]
INFO: [ view_end ] --END-- [ RunTime:0.001822s ]

[ 2014-07-09T16:42:11+08:00 ] 218.30.103.214 /service/index.php/User/login.html
INFO: [ route_check ] --START--
INFO: CheckRoute Behavior ::run [ RunTime:0.002200s ]
INFO: [ route_check ] --END-- [ RunTime:0.002377s ]
INFO: [ app_begin ] --START--
INFO: ReadHtmlCache Behavior ::run [ RunTime:0.001557s ]
INFO: [ app_begin ] --END-- [ RunTime:0.001680s ]
INFO: [ view_parse ] --START--
INFO: ParseTemplate Behavior ::run [ RunTime:0.017405s ]
INFO: [ view_parse ] --END-- [ RunTime:0.017514s ]
INFO: [ view_filter ] --START--
INFO: ContentReplace Behavior ::run [ RunTime:0.001384s ]
INFO: TokenBuild Behavior ::run [ RunTime:0.001333s ]
INFO: WriteHtmlCache Behavior ::run [ RunTime:0.001028s ]
INFO: ShowRuntime Behavior ::run [ RunTime:0.001477s ]
INFO: [ view_filter ] --END-- [ RunTime:0.005544s ]
INFO: [ view_end ] --START--
INFO: ShowPageTrace Behavior ::run [ RunTime:0.001686s ]
INFO: [ view_end ] --END-- [ RunTime:0.001809s ]

