[ 2014-03-26T02:05:23+08:00 ] 66.249.74.28 /service/index.php
INFO: [ app_begin ] --START--
INFO: ReadHtmlCache Behavior ::run [ RunTime:0.001791s ]
INFO: [ app_begin ] --END-- [ RunTime:0.001961s ]
NOTIC: [8] Undefined index: username /home/4/f/fangxinworld/www/service/Home/Lib/Action/IndexAction.class.php 第 5 行.

[ 2014-03-26T02:05:26+08:00 ] 66.249.74.36 /service/index.php/User/login.html
INFO: [ route_check ] --START--
INFO: CheckRoute Behavior ::run [ RunTime:0.001412s ]
INFO: [ route_check ] --END-- [ RunTime:0.001538s ]
INFO: [ app_begin ] --START--
INFO: ReadHtmlCache Behavior ::run [ RunTime:0.000919s ]
INFO: [ app_begin ] --END-- [ RunTime:0.001008s ]
INFO: [ view_parse ] --START--
INFO: ParseTemplate Behavior ::run [ RunTime:0.022989s ]
INFO: [ view_parse ] --END-- [ RunTime:0.023081s ]
INFO: [ view_filter ] --START--
INFO: ContentReplace Behavior ::run [ RunTime:0.001121s ]
INFO: TokenBuild Behavior ::run [ RunTime:0.000997s ]
INFO: WriteHtmlCache Behavior ::run [ RunTime:0.000824s ]
INFO: ShowRuntime Behavior ::run [ RunTime:0.001054s ]
INFO: [ view_filter ] --END-- [ RunTime:0.004221s ]
INFO: [ view_end ] --START--
INFO: ShowPageTrace Behavior ::run [ RunTime:0.001382s ]
INFO: [ view_end ] --END-- [ RunTime:0.001479s ]

[ 2014-03-26T10:37:31+08:00 ] 218.75.16.101 /service/index.php
INFO: [ app_begin ] --START--
INFO: ReadHtmlCache Behavior ::run [ RunTime:0.001205s ]
INFO: [ app_begin ] --END-- [ RunTime:0.001335s ]
NOTIC: [8] Undefined index: username /home/4/f/fangxinworld/www/service/Home/Lib/Action/IndexAction.class.php 第 5 行.

[ 2014-03-26T10:37:32+08:00 ] 218.75.16.101 /service/index.php/User/login.html
INFO: [ route_check ] --START--
INFO: CheckRoute Behavior ::run [ RunTime:0.001382s ]
INFO: [ route_check ] --END-- [ RunTime:0.001507s ]
INFO: [ app_begin ] --START--
INFO: ReadHtmlCache Behavior ::run [ RunTime:0.000889s ]
INFO: [ app_begin ] --END-- [ RunTime:0.000970s ]
INFO: [ view_parse ] --START--
INFO: ParseTemplate Behavior ::run [ RunTime:0.022922s ]
INFO: [ view_parse ] --END-- [ RunTime:0.023038s ]
INFO: [ view_filter ] --START--
INFO: ContentReplace Behavior ::run [ RunTime:0.000997s ]
INFO: TokenBuild Behavior ::run [ RunTime:0.000942s ]
INFO: WriteHtmlCache Behavior ::run [ RunTime:0.000793s ]
INFO: ShowRuntime Behavior ::run [ RunTime:0.001231s ]
INFO: [ view_filter ] --END-- [ RunTime:0.004209s ]
INFO: [ view_end ] --START--
INFO: ShowPageTrace Behavior ::run [ RunTime:0.001516s ]
INFO: [ view_end ] --END-- [ RunTime:0.001629s ]

[ 2014-03-26T10:37:36+08:00 ] 119.147.146.189 /service/index.php/user/login.html
INFO: [ route_check ] --START--
INFO: CheckRoute Behavior ::run [ RunTime:0.001237s ]
INFO: [ route_check ] --END-- [ RunTime:0.001369s ]
INFO: [ app_begin ] --START--
INFO: ReadHtmlCache Behavior ::run [ RunTime:0.000920s ]
INFO: [ app_begin ] --END-- [ RunTime:0.001033s ]
ERR: 无法加载模块:user

[ 2014-03-26T11:07:35+08:00 ] 112.64.235.248 /service/index.php/User/login.html
INFO: [ route_check ] --START--
INFO: CheckRoute Behavior ::run [ RunTime:0.001618s ]
INFO: [ route_check ] --END-- [ RunTime:0.001757s ]
INFO: [ app_begin ] --START--
INFO: ReadHtmlCache Behavior ::run [ RunTime:0.001123s ]
INFO: [ app_begin ] --END-- [ RunTime:0.001207s ]
INFO: [ view_parse ] --START--
INFO: ParseTemplate Behavior ::run [ RunTime:0.026103s ]
INFO: [ view_parse ] --END-- [ RunTime:0.026237s ]
INFO: [ view_filter ] --START--
INFO: ContentReplace Behavior ::run [ RunTime:0.001032s ]
INFO: TokenBuild Behavior ::run [ RunTime:0.000945s ]
INFO: WriteHtmlCache Behavior ::run [ RunTime:0.000932s ]
INFO: ShowRuntime Behavior ::run [ RunTime:0.001714s ]
INFO: [ view_filter ] --END-- [ RunTime:0.004926s ]
INFO: [ view_end ] --START--
INFO: ShowPageTrace Behavior ::run [ RunTime:0.001767s ]
INFO: [ view_end ] --END-- [ RunTime:0.001919s ]

