[ 2014-08-02T13:21:38+08:00 ] 66.249.78.242 /service/index.php/User/reg
INFO: [ route_check ] --START--
INFO: CheckRoute Behavior ::run [ RunTime:0.003035s ]
INFO: [ route_check ] --END-- [ RunTime:0.003227s ]
INFO: [ app_begin ] --START--
INFO: ReadHtmlCache Behavior ::run [ RunTime:0.001576s ]
INFO: [ app_begin ] --END-- [ RunTime:0.001663s ]
SQL: SHOW COLUMNS FROM `think_user` [ RunTime:2.226552s ]
SQL: SELECT * FROM `think_user`  [ RunTime:0.024320s ]
INFO: [ view_parse ] --START--
INFO: ParseTemplate Behavior ::run [ RunTime:0.027647s ]
INFO: [ view_parse ] --END-- [ RunTime:0.027807s ]
INFO: [ view_filter ] --START--
INFO: ContentReplace Behavior ::run [ RunTime:0.002849s ]
INFO: TokenBuild Behavior ::run [ RunTime:0.002841s ]
INFO: WriteHtmlCache Behavior ::run [ RunTime:0.001663s ]
INFO: ShowRuntime Behavior ::run [ RunTime:0.001934s ]
INFO: [ view_filter ] --END-- [ RunTime:0.009627s ]
INFO: [ view_end ] --START--
INFO: ShowPageTrace Behavior ::run [ RunTime:0.002180s ]
INFO: [ view_end ] --END-- [ RunTime:0.002306s ]

