[ 2014-09-06T04:40:58+08:00 ] 208.115.113.92 /service/index.php/User/login.html
INFO: [ route_check ] --START--
INFO: CheckRoute Behavior ::run [ RunTime:0.002906s ]
INFO: [ route_check ] --END-- [ RunTime:0.003073s ]
INFO: [ app_begin ] --START--
INFO: ReadHtmlCache Behavior ::run [ RunTime:0.004830s ]
INFO: [ app_begin ] --END-- [ RunTime:0.004916s ]
INFO: [ view_parse ] --START--
INFO: ParseTemplate Behavior ::run [ RunTime:0.024059s ]
INFO: [ view_parse ] --END-- [ RunTime:0.024181s ]
INFO: [ view_filter ] --START--
INFO: ContentReplace Behavior ::run [ RunTime:0.001821s ]
INFO: TokenBuild Behavior ::run [ RunTime:0.001843s ]
INFO: WriteHtmlCache Behavior ::run [ RunTime:0.001585s ]
INFO: ShowRuntime Behavior ::run [ RunTime:0.001831s ]
INFO: [ view_filter ] --END-- [ RunTime:0.007422s ]
INFO: [ view_end ] --START--
INFO: ShowPageTrace Behavior ::run [ RunTime:0.002194s ]
INFO: [ view_end ] --END-- [ RunTime:0.002318s ]

[ 2014-09-06T10:47:13+08:00 ] 208.115.113.82 /service/index.php
INFO: [ app_begin ] --START--
INFO: ReadHtmlCache Behavior ::run [ RunTime:0.001794s ]
INFO: [ app_begin ] --END-- [ RunTime:0.002001s ]
NOTIC: [8] Undefined index: username /home/4/f/fangxinworld/www/service/Home/Lib/Action/IndexAction.class.php 第 5 行.

