[ 2014-04-24T09:30:27+08:00 ] 66.249.78.149 /service/index.php
INFO: [ app_begin ] --START--
INFO: ReadHtmlCache Behavior ::run [ RunTime:0.001521s ]
INFO: [ app_begin ] --END-- [ RunTime:0.001665s ]
NOTIC: [8] Undefined index: username /home/4/f/fangxinworld/www/service/Home/Lib/Action/IndexAction.class.php 第 5 行.

[ 2014-04-24T09:30:28+08:00 ] 66.249.78.149 /service/index.php/User/login.html
INFO: [ route_check ] --START--
INFO: CheckRoute Behavior ::run [ RunTime:0.007750s ]
INFO: [ route_check ] --END-- [ RunTime:0.007958s ]
INFO: [ app_begin ] --START--
INFO: ReadHtmlCache Behavior ::run [ RunTime:0.001347s ]
INFO: [ app_begin ] --END-- [ RunTime:0.001475s ]
INFO: [ view_parse ] --START--
INFO: ParseTemplate Behavior ::run [ RunTime:0.040530s ]
INFO: [ view_parse ] --END-- [ RunTime:0.040660s ]
INFO: [ view_filter ] --START--
INFO: ContentReplace Behavior ::run [ RunTime:0.000953s ]
INFO: TokenBuild Behavior ::run [ RunTime:0.000973s ]
INFO: WriteHtmlCache Behavior ::run [ RunTime:0.000787s ]
INFO: ShowRuntime Behavior ::run [ RunTime:0.000990s ]
INFO: [ view_filter ] --END-- [ RunTime:0.003932s ]
INFO: [ view_end ] --START--
INFO: ShowPageTrace Behavior ::run [ RunTime:0.001293s ]
INFO: [ view_end ] --END-- [ RunTime:0.001389s ]

[ 2014-04-24T20:18:42+08:00 ] 202.120.55.116 /service/index.php
INFO: [ app_begin ] --START--
INFO: ReadHtmlCache Behavior ::run [ RunTime:0.002173s ]
INFO: [ app_begin ] --END-- [ RunTime:0.002315s ]
NOTIC: [8] Undefined index: username /home/4/f/fangxinworld/www/service/Home/Lib/Action/IndexAction.class.php 第 5 行.

[ 2014-04-24T20:18:42+08:00 ] 202.120.55.116 /service/index.php/User/login.html
INFO: [ route_check ] --START--
INFO: CheckRoute Behavior ::run [ RunTime:0.001458s ]
INFO: [ route_check ] --END-- [ RunTime:0.001588s ]
INFO: [ app_begin ] --START--
INFO: ReadHtmlCache Behavior ::run [ RunTime:0.000885s ]
INFO: [ app_begin ] --END-- [ RunTime:0.000972s ]
INFO: [ view_parse ] --START--
INFO: ParseTemplate Behavior ::run [ RunTime:0.050002s ]
INFO: [ view_parse ] --END-- [ RunTime:0.050129s ]
INFO: [ view_filter ] --START--
INFO: ContentReplace Behavior ::run [ RunTime:0.001196s ]
INFO: TokenBuild Behavior ::run [ RunTime:0.001025s ]
INFO: WriteHtmlCache Behavior ::run [ RunTime:0.000872s ]
INFO: ShowRuntime Behavior ::run [ RunTime:0.001463s ]
INFO: [ view_filter ] --END-- [ RunTime:0.004796s ]
INFO: [ view_end ] --START--
INFO: ShowPageTrace Behavior ::run [ RunTime:0.001537s ]
INFO: [ view_end ] --END-- [ RunTime:0.001634s ]

