[ 2014-09-05T10:00:11+08:00 ] 222.205.12.10 /service/index.php
INFO: [ app_begin ] --START--
INFO: ReadHtmlCache Behavior ::run [ RunTime:0.002415s ]
INFO: [ app_begin ] --END-- [ RunTime:0.002551s ]
NOTIC: [8] Undefined index: username /home/4/f/fangxinworld/www/service/Home/Lib/Action/IndexAction.class.php 第 5 行.

[ 2014-09-05T10:00:12+08:00 ] 222.205.12.10 /service/index.php/User/login.html
INFO: [ route_check ] --START--
INFO: CheckRoute Behavior ::run [ RunTime:0.002183s ]
INFO: [ route_check ] --END-- [ RunTime:0.002305s ]
INFO: [ app_begin ] --START--
INFO: ReadHtmlCache Behavior ::run [ RunTime:0.000946s ]
INFO: [ app_begin ] --END-- [ RunTime:0.001028s ]
INFO: [ view_parse ] --START--
INFO: ParseTemplate Behavior ::run [ RunTime:0.019048s ]
INFO: [ view_parse ] --END-- [ RunTime:0.019139s ]
INFO: [ view_filter ] --START--
INFO: ContentReplace Behavior ::run [ RunTime:0.002083s ]
INFO: TokenBuild Behavior ::run [ RunTime:0.002153s ]
INFO: WriteHtmlCache Behavior ::run [ RunTime:0.001247s ]
INFO: ShowRuntime Behavior ::run [ RunTime:0.001712s ]
INFO: [ view_filter ] --END-- [ RunTime:0.007447s ]
INFO: [ view_end ] --START--
INFO: ShowPageTrace Behavior ::run [ RunTime:0.001632s ]
INFO: [ view_end ] --END-- [ RunTime:0.001715s ]

[ 2014-09-05T10:16:45+08:00 ] 101.226.33.218 /service/index.php/User/login.html
INFO: [ route_check ] --START--
INFO: CheckRoute Behavior ::run [ RunTime:0.002442s ]
INFO: [ route_check ] --END-- [ RunTime:0.002589s ]
INFO: [ app_begin ] --START--
INFO: ReadHtmlCache Behavior ::run [ RunTime:0.001205s ]
INFO: [ app_begin ] --END-- [ RunTime:0.001294s ]
INFO: [ view_parse ] --START--
INFO: ParseTemplate Behavior ::run [ RunTime:0.015178s ]
INFO: [ view_parse ] --END-- [ RunTime:0.015273s ]
INFO: [ view_filter ] --START--
INFO: ContentReplace Behavior ::run [ RunTime:0.000963s ]
INFO: TokenBuild Behavior ::run [ RunTime:0.000969s ]
INFO: WriteHtmlCache Behavior ::run [ RunTime:0.000972s ]
INFO: ShowRuntime Behavior ::run [ RunTime:0.001124s ]
INFO: [ view_filter ] --END-- [ RunTime:0.004255s ]
INFO: [ view_end ] --START--
INFO: ShowPageTrace Behavior ::run [ RunTime:0.001218s ]
INFO: [ view_end ] --END-- [ RunTime:0.001299s ]

[ 2014-09-05T10:17:20+08:00 ] 112.64.235.89 /service/index.php
INFO: [ app_begin ] --START--
INFO: ReadHtmlCache Behavior ::run [ RunTime:0.004854s ]
INFO: [ app_begin ] --END-- [ RunTime:0.005051s ]
NOTIC: [8] Undefined index: username /home/4/f/fangxinworld/www/service/Home/Lib/Action/IndexAction.class.php 第 5 行.

[ 2014-09-05T10:17:21+08:00 ] 112.64.235.89 /service/index.php/User/login.html
INFO: [ route_check ] --START--
INFO: CheckRoute Behavior ::run [ RunTime:0.001488s ]
INFO: [ route_check ] --END-- [ RunTime:0.001627s ]
INFO: [ app_begin ] --START--
INFO: ReadHtmlCache Behavior ::run [ RunTime:0.001022s ]
INFO: [ app_begin ] --END-- [ RunTime:0.001105s ]
INFO: [ view_parse ] --START--
INFO: ParseTemplate Behavior ::run [ RunTime:0.019312s ]
INFO: [ view_parse ] --END-- [ RunTime:0.019429s ]
INFO: [ view_filter ] --START--
INFO: ContentReplace Behavior ::run [ RunTime:0.001630s ]
INFO: TokenBuild Behavior ::run [ RunTime:0.002410s ]
INFO: WriteHtmlCache Behavior ::run [ RunTime:0.001604s ]
INFO: ShowRuntime Behavior ::run [ RunTime:0.001349s ]
INFO: [ view_filter ] --END-- [ RunTime:0.007272s ]
INFO: [ view_end ] --START--
INFO: ShowPageTrace Behavior ::run [ RunTime:0.001709s ]
INFO: [ view_end ] --END-- [ RunTime:0.001832s ]

