[ 2014-05-10T09:43:50+08:00 ] 60.213.232.43 /service/index.php
INFO: [ app_begin ] --START--
INFO: ReadHtmlCache Behavior ::run [ RunTime:0.007294s ]
INFO: [ app_begin ] --END-- [ RunTime:0.007428s ]
NOTIC: [8] Undefined index: username /home/4/f/fangxinworld/www/service/Home/Lib/Action/IndexAction.class.php 第 5 行.

[ 2014-05-10T09:43:51+08:00 ] 60.213.232.43 /service/index.php/User/login.html
INFO: [ route_check ] --START--
INFO: CheckRoute Behavior ::run [ RunTime:0.007957s ]
INFO: [ route_check ] --END-- [ RunTime:0.008154s ]
INFO: [ app_begin ] --START--
INFO: ReadHtmlCache Behavior ::run [ RunTime:0.001002s ]
INFO: [ app_begin ] --END-- [ RunTime:0.001091s ]
INFO: [ view_parse ] --START--
INFO: ParseTemplate Behavior ::run [ RunTime:0.334714s ]
INFO: [ view_parse ] --END-- [ RunTime:0.334878s ]
INFO: [ view_filter ] --START--
INFO: ContentReplace Behavior ::run [ RunTime:0.018270s ]
INFO: TokenBuild Behavior ::run [ RunTime:0.002019s ]
INFO: WriteHtmlCache Behavior ::run [ RunTime:0.009011s ]
INFO: ShowRuntime Behavior ::run [ RunTime:0.001520s ]
INFO: [ view_filter ] --END-- [ RunTime:0.031100s ]
INFO: [ view_end ] --START--
INFO: ShowPageTrace Behavior ::run [ RunTime:0.001706s ]
INFO: [ view_end ] --END-- [ RunTime:0.001788s ]

