[ 2014-03-20T04:26:49+08:00 ] 66.249.78.188 /service/index.php/User/reg
INFO: [ route_check ] --START--
INFO: CheckRoute Behavior ::run [ RunTime:0.012661s ]
INFO: [ route_check ] --END-- [ RunTime:0.012869s ]
INFO: [ app_begin ] --START--
INFO: ReadHtmlCache Behavior ::run [ RunTime:0.007163s ]
INFO: [ app_begin ] --END-- [ RunTime:0.007292s ]
SQL: SHOW COLUMNS FROM `think_user` [ RunTime:0.045192s ]
SQL: SELECT * FROM `think_user`  [ RunTime:0.014038s ]
INFO: [ view_parse ] --START--
INFO: ParseTemplate Behavior ::run [ RunTime:0.050966s ]
INFO: [ view_parse ] --END-- [ RunTime:0.051082s ]
INFO: [ view_filter ] --START--
INFO: ContentReplace Behavior ::run [ RunTime:0.002965s ]
INFO: TokenBuild Behavior ::run [ RunTime:0.001545s ]
INFO: WriteHtmlCache Behavior ::run [ RunTime:0.006169s ]
INFO: ShowRuntime Behavior ::run [ RunTime:0.001576s ]
INFO: [ view_filter ] --END-- [ RunTime:0.012459s ]
INFO: [ view_end ] --START--
INFO: ShowPageTrace Behavior ::run [ RunTime:0.010663s ]
INFO: [ view_end ] --END-- [ RunTime:0.010746s ]

