[ 2014-02-11T08:23:25+08:00 ] 36.46.47.176 /service/index.php
INFO: [ app_begin ] --START--
INFO: ReadHtmlCache Behavior ::run [ RunTime:0.008693s ]
INFO: [ app_begin ] --END-- [ RunTime:0.008852s ]
NOTIC: [8] Undefined index: username /home/4/f/fangxinworld/www/service/Home/Lib/Action/IndexAction.class.php 第 5 行.

[ 2014-02-11T08:23:26+08:00 ] 36.46.47.176 /service/index.php/User/login.html
INFO: [ route_check ] --START--
INFO: CheckRoute Behavior ::run [ RunTime:0.051220s ]
INFO: [ route_check ] --END-- [ RunTime:0.051369s ]
INFO: [ app_begin ] --START--
INFO: ReadHtmlCache Behavior ::run [ RunTime:0.001247s ]
INFO: [ app_begin ] --END-- [ RunTime:0.001357s ]
INFO: [ view_parse ] --START--
INFO: ParseTemplate Behavior ::run [ RunTime:0.066728s ]
INFO: [ view_parse ] --END-- [ RunTime:0.066851s ]
INFO: [ view_filter ] --START--
INFO: ContentReplace Behavior ::run [ RunTime:0.003657s ]
INFO: TokenBuild Behavior ::run [ RunTime:0.001395s ]
INFO: WriteHtmlCache Behavior ::run [ RunTime:0.006359s ]
INFO: ShowRuntime Behavior ::run [ RunTime:0.001691s ]
INFO: [ view_filter ] --END-- [ RunTime:0.013351s ]
INFO: [ view_end ] --START--
INFO: ShowPageTrace Behavior ::run [ RunTime:0.002219s ]
INFO: [ view_end ] --END-- [ RunTime:0.002344s ]

