[ 2014-06-14T13:57:30+08:00 ] 1.85.188.25 /service/index.php
INFO: [ app_begin ] --START--
INFO: ReadHtmlCache Behavior ::run [ RunTime:0.002308s ]
INFO: [ app_begin ] --END-- [ RunTime:0.002482s ]
NOTIC: [8] Undefined index: username /home/4/f/fangxinworld/www/service/Home/Lib/Action/IndexAction.class.php 第 5 行.

[ 2014-06-14T13:57:31+08:00 ] 1.85.188.25 /service/index.php/User/login.html
INFO: [ route_check ] --START--
INFO: CheckRoute Behavior ::run [ RunTime:0.002433s ]
INFO: [ route_check ] --END-- [ RunTime:0.002560s ]
INFO: [ app_begin ] --START--
INFO: ReadHtmlCache Behavior ::run [ RunTime:0.000949s ]
INFO: [ app_begin ] --END-- [ RunTime:0.001030s ]
INFO: [ view_parse ] --START--
INFO: ParseTemplate Behavior ::run [ RunTime:0.022526s ]
INFO: [ view_parse ] --END-- [ RunTime:0.022642s ]
INFO: [ view_filter ] --START--
INFO: ContentReplace Behavior ::run [ RunTime:0.001432s ]
INFO: TokenBuild Behavior ::run [ RunTime:0.001849s ]
INFO: WriteHtmlCache Behavior ::run [ RunTime:0.001169s ]
INFO: ShowRuntime Behavior ::run [ RunTime:0.001356s ]
INFO: [ view_filter ] --END-- [ RunTime:0.006032s ]
INFO: [ view_end ] --START--
INFO: ShowPageTrace Behavior ::run [ RunTime:0.001611s ]
INFO: [ view_end ] --END-- [ RunTime:0.001692s ]

[ 2014-06-14T14:41:28+08:00 ] 218.30.103.214 /service/index.php
INFO: [ app_begin ] --START--
INFO: ReadHtmlCache Behavior ::run [ RunTime:0.001708s ]
INFO: [ app_begin ] --END-- [ RunTime:0.001896s ]
NOTIC: [8] Undefined index: username /home/4/f/fangxinworld/www/service/Home/Lib/Action/IndexAction.class.php 第 5 行.

[ 2014-06-14T14:42:01+08:00 ] 218.30.103.214 /service/index.php/User/login.html
INFO: [ route_check ] --START--
INFO: CheckRoute Behavior ::run [ RunTime:0.002220s ]
INFO: [ route_check ] --END-- [ RunTime:0.002449s ]
INFO: [ app_begin ] --START--
INFO: ReadHtmlCache Behavior ::run [ RunTime:0.001557s ]
INFO: [ app_begin ] --END-- [ RunTime:0.001682s ]
INFO: [ view_parse ] --START--
INFO: ParseTemplate Behavior ::run [ RunTime:0.025785s ]
INFO: [ view_parse ] --END-- [ RunTime:0.025969s ]
INFO: [ view_filter ] --START--
INFO: ContentReplace Behavior ::run [ RunTime:0.001386s ]
INFO: TokenBuild Behavior ::run [ RunTime:0.001345s ]
INFO: WriteHtmlCache Behavior ::run [ RunTime:0.001141s ]
INFO: ShowRuntime Behavior ::run [ RunTime:0.001500s ]
INFO: [ view_filter ] --END-- [ RunTime:0.005747s ]
INFO: [ view_end ] --START--
INFO: ShowPageTrace Behavior ::run [ RunTime:0.001682s ]
INFO: [ view_end ] --END-- [ RunTime:0.001808s ]

[ 2014-06-14T18:43:37+08:00 ] 218.30.103.214 /service/index.php/User/login.html
INFO: [ route_check ] --START--
INFO: CheckRoute Behavior ::run [ RunTime:0.008454s ]
INFO: [ route_check ] --END-- [ RunTime:0.008705s ]
INFO: [ app_begin ] --START--
INFO: ReadHtmlCache Behavior ::run [ RunTime:0.002429s ]
INFO: [ app_begin ] --END-- [ RunTime:0.002629s ]
INFO: [ view_parse ] --START--
INFO: ParseTemplate Behavior ::run [ RunTime:0.020375s ]
INFO: [ view_parse ] --END-- [ RunTime:0.020581s ]
INFO: [ view_filter ] --START--
INFO: ContentReplace Behavior ::run [ RunTime:0.001482s ]
INFO: TokenBuild Behavior ::run [ RunTime:0.001522s ]
INFO: WriteHtmlCache Behavior ::run [ RunTime:0.001272s ]
INFO: ShowRuntime Behavior ::run [ RunTime:0.001527s ]
INFO: [ view_filter ] --END-- [ RunTime:0.006155s ]
INFO: [ view_end ] --START--
INFO: ShowPageTrace Behavior ::run [ RunTime:0.004902s ]
INFO: [ view_end ] --END-- [ RunTime:0.005048s ]

