[ 2014-07-01T22:32:16+08:00 ] 202.120.44.217 /service/index.php
INFO: [ app_begin ] --START--
INFO: ReadHtmlCache Behavior ::run [ RunTime:0.002869s ]
INFO: [ app_begin ] --END-- [ RunTime:0.003052s ]
NOTIC: [8] Undefined index: username /home/4/f/fangxinworld/www/service/Home/Lib/Action/IndexAction.class.php 第 5 行.

[ 2014-07-01T22:32:16+08:00 ] 202.120.44.217 /service/index.php/User/login.html
INFO: [ route_check ] --START--
INFO: CheckRoute Behavior ::run [ RunTime:0.002553s ]
INFO: [ route_check ] --END-- [ RunTime:0.002721s ]
INFO: [ app_begin ] --START--
INFO: ReadHtmlCache Behavior ::run [ RunTime:0.001330s ]
INFO: [ app_begin ] --END-- [ RunTime:0.001437s ]
INFO: [ view_parse ] --START--
INFO: ParseTemplate Behavior ::run [ RunTime:0.020919s ]
INFO: [ view_parse ] --END-- [ RunTime:0.021024s ]
INFO: [ view_filter ] --START--
INFO: ContentReplace Behavior ::run [ RunTime:0.001522s ]
INFO: TokenBuild Behavior ::run [ RunTime:0.001807s ]
INFO: WriteHtmlCache Behavior ::run [ RunTime:0.001257s ]
INFO: ShowRuntime Behavior ::run [ RunTime:0.001382s ]
INFO: [ view_filter ] --END-- [ RunTime:0.006193s ]
INFO: [ view_end ] --START--
INFO: ShowPageTrace Behavior ::run [ RunTime:0.001673s ]
INFO: [ view_end ] --END-- [ RunTime:0.001768s ]

