[ 2014-01-22T08:20:41+08:00 ] 192.168.0.2 /service/index.php
INFO: [ app_begin ] --START--
INFO: ReadHtmlCache Behavior ::run [ RunTime:0.000071s ]
INFO: [ app_begin ] --END-- [ RunTime:0.000126s ]
NOTIC: [8] Undefined index: username /var/www/html/service/Home/Lib/Action/IndexAction.class.php 第 5 行.

[ 2014-01-22T08:20:42+08:00 ] 192.168.0.2 /service/index.php/User/login.html
INFO: [ route_check ] --START--
INFO: CheckRoute Behavior ::run [ RunTime:0.000210s ]
INFO: [ route_check ] --END-- [ RunTime:0.000344s ]
INFO: [ app_begin ] --START--
INFO: ReadHtmlCache Behavior ::run [ RunTime:0.000173s ]
INFO: [ app_begin ] --END-- [ RunTime:0.000290s ]
INFO: [ view_parse ] --START--
INFO: ParseTemplate Behavior ::run [ RunTime:0.005714s ]
INFO: [ view_parse ] --END-- [ RunTime:0.005885s ]
INFO: [ view_filter ] --START--
INFO: ContentReplace Behavior ::run [ RunTime:0.000090s ]
INFO: TokenBuild Behavior ::run [ RunTime:0.000083s ]
INFO: WriteHtmlCache Behavior ::run [ RunTime:0.000040s ]
INFO: ShowRuntime Behavior ::run [ RunTime:0.000075s ]
INFO: [ view_filter ] --END-- [ RunTime:0.000397s ]
INFO: [ view_end ] --START--
INFO: ShowPageTrace Behavior ::run [ RunTime:0.000062s ]
INFO: [ view_end ] --END-- [ RunTime:0.000101s ]

[ 2014-01-22T08:38:48+08:00 ] 192.168.0.17 /service/index.php
INFO: [ app_begin ] --START--
INFO: ReadHtmlCache Behavior ::run [ RunTime:0.000183s ]
INFO: [ app_begin ] --END-- [ RunTime:0.000396s ]
NOTIC: [8] Undefined index: username /var/www/html/service/Home/Lib/Action/IndexAction.class.php 第 5 行.

[ 2014-01-22T08:38:48+08:00 ] 192.168.0.17 /service/index.php/User/login.html
INFO: [ route_check ] --START--
INFO: CheckRoute Behavior ::run [ RunTime:0.000179s ]
INFO: [ route_check ] --END-- [ RunTime:0.000313s ]
INFO: [ app_begin ] --START--
INFO: ReadHtmlCache Behavior ::run [ RunTime:0.000181s ]
INFO: [ app_begin ] --END-- [ RunTime:0.000337s ]
INFO: [ view_parse ] --START--
INFO: ParseTemplate Behavior ::run [ RunTime:0.007138s ]
INFO: [ view_parse ] --END-- [ RunTime:0.007294s ]
INFO: [ view_filter ] --START--
INFO: ContentReplace Behavior ::run [ RunTime:0.000251s ]
INFO: TokenBuild Behavior ::run [ RunTime:0.000187s ]
INFO: WriteHtmlCache Behavior ::run [ RunTime:0.000107s ]
INFO: ShowRuntime Behavior ::run [ RunTime:0.000239s ]
INFO: [ view_filter ] --END-- [ RunTime:0.001054s ]
INFO: [ view_end ] --START--
INFO: ShowPageTrace Behavior ::run [ RunTime:0.000062s ]
INFO: [ view_end ] --END-- [ RunTime:0.000101s ]

[ 2014-01-22T13:18:18+08:00 ] 123.138.32.160 /service/index.php
INFO: [ app_begin ] --START--
INFO: ReadHtmlCache Behavior ::run [ RunTime:0.001777s ]
INFO: [ app_begin ] --END-- [ RunTime:0.001952s ]
NOTIC: [8] Undefined index: username /home/4/f/fangxinworld/www/service/Home/Lib/Action/IndexAction.class.php 第 5 行.

[ 2014-01-22T13:18:19+08:00 ] 123.138.32.160 /service/index.php/User/login.html
INFO: [ route_check ] --START--
INFO: CheckRoute Behavior ::run [ RunTime:0.001349s ]
INFO: [ route_check ] --END-- [ RunTime:0.001475s ]
INFO: [ app_begin ] --START--
INFO: ReadHtmlCache Behavior ::run [ RunTime:0.000876s ]
INFO: [ app_begin ] --END-- [ RunTime:0.000957s ]
INFO: [ view_parse ] --START--
INFO: ParseTemplate Behavior ::run [ RunTime:0.181662s ]
INFO: [ view_parse ] --END-- [ RunTime:0.181777s ]
INFO: [ view_filter ] --START--
INFO: ContentReplace Behavior ::run [ RunTime:0.001164s ]
INFO: TokenBuild Behavior ::run [ RunTime:0.000999s ]
INFO: WriteHtmlCache Behavior ::run [ RunTime:0.000819s ]
INFO: ShowRuntime Behavior ::run [ RunTime:0.001217s ]
INFO: [ view_filter ] --END-- [ RunTime:0.004465s ]
INFO: [ view_end ] --START--
INFO: ShowPageTrace Behavior ::run [ RunTime:0.001700s ]
INFO: [ view_end ] --END-- [ RunTime:0.001825s ]

[ 2014-01-22T13:18:25+08:00 ] 123.138.32.160 /service/index.php/User/login.html
INFO: [ route_check ] --START--
INFO: CheckRoute Behavior ::run [ RunTime:0.001319s ]
INFO: [ route_check ] --END-- [ RunTime:0.001459s ]
INFO: [ app_begin ] --START--
INFO: ReadHtmlCache Behavior ::run [ RunTime:0.001199s ]
INFO: [ app_begin ] --END-- [ RunTime:0.001319s ]
INFO: [ view_parse ] --START--
INFO: ParseTemplate Behavior ::run [ RunTime:0.019851s ]
INFO: [ view_parse ] --END-- [ RunTime:0.019977s ]
INFO: [ view_filter ] --START--
INFO: ContentReplace Behavior ::run [ RunTime:0.000992s ]
INFO: TokenBuild Behavior ::run [ RunTime:0.001052s ]
INFO: WriteHtmlCache Behavior ::run [ RunTime:0.000821s ]
INFO: ShowRuntime Behavior ::run [ RunTime:0.001177s ]
INFO: [ view_filter ] --END-- [ RunTime:0.004390s ]
INFO: [ view_end ] --START--
INFO: ShowPageTrace Behavior ::run [ RunTime:0.001501s ]
INFO: [ view_end ] --END-- [ RunTime:0.001624s ]

[ 2014-01-22T13:19:39+08:00 ] 123.138.32.160 /service/index.php/User/login.html
INFO: [ route_check ] --START--
INFO: CheckRoute Behavior ::run [ RunTime:0.001568s ]
INFO: [ route_check ] --END-- [ RunTime:0.001695s ]
INFO: [ app_begin ] --START--
INFO: ReadHtmlCache Behavior ::run [ RunTime:0.001351s ]
INFO: [ app_begin ] --END-- [ RunTime:0.001472s ]
INFO: [ view_parse ] --START--
INFO: ParseTemplate Behavior ::run [ RunTime:0.023868s ]
INFO: [ view_parse ] --END-- [ RunTime:0.024000s ]
INFO: [ view_filter ] --START--
INFO: ContentReplace Behavior ::run [ RunTime:0.001073s ]
INFO: TokenBuild Behavior ::run [ RunTime:0.001146s ]
INFO: WriteHtmlCache Behavior ::run [ RunTime:0.000844s ]
INFO: ShowRuntime Behavior ::run [ RunTime:0.001036s ]
INFO: [ view_filter ] --END-- [ RunTime:0.004358s ]
INFO: [ view_end ] --START--
INFO: ShowPageTrace Behavior ::run [ RunTime:0.001972s ]
INFO: [ view_end ] --END-- [ RunTime:0.002093s ]

[ 2014-01-22T13:58:44+08:00 ] 123.138.32.160 /service/index.php
INFO: [ app_begin ] --START--
INFO: ReadHtmlCache Behavior ::run [ RunTime:0.001681s ]
INFO: [ app_begin ] --END-- [ RunTime:0.001873s ]
NOTIC: [8] Undefined index: username /home/4/f/fangxinworld/www/service/Home/Lib/Action/IndexAction.class.php 第 5 行.

[ 2014-01-22T13:58:45+08:00 ] 123.138.32.160 /service/index.php/User/login.html
INFO: [ route_check ] --START--
INFO: CheckRoute Behavior ::run [ RunTime:0.001369s ]
INFO: [ route_check ] --END-- [ RunTime:0.001507s ]
INFO: [ app_begin ] --START--
INFO: ReadHtmlCache Behavior ::run [ RunTime:0.000865s ]
INFO: [ app_begin ] --END-- [ RunTime:0.000946s ]
INFO: [ view_parse ] --START--
INFO: ParseTemplate Behavior ::run [ RunTime:0.039285s ]
INFO: [ view_parse ] --END-- [ RunTime:0.039502s ]
INFO: [ view_filter ] --START--
INFO: ContentReplace Behavior ::run [ RunTime:0.001159s ]
INFO: TokenBuild Behavior ::run [ RunTime:0.001131s ]
INFO: WriteHtmlCache Behavior ::run [ RunTime:0.000807s ]
INFO: ShowRuntime Behavior ::run [ RunTime:0.001017s ]
INFO: [ view_filter ] --END-- [ RunTime:0.004347s ]
INFO: [ view_end ] --START--
INFO: ShowPageTrace Behavior ::run [ RunTime:0.001210s ]
INFO: [ view_end ] --END-- [ RunTime:0.001308s ]

