[ 2014-08-31T21:38:34+08:00 ] 113.141.187.183 /service/index.php
INFO: [ app_begin ] --START--
INFO: ReadHtmlCache Behavior ::run [ RunTime:0.002432s ]
INFO: [ app_begin ] --END-- [ RunTime:0.002563s ]
NOTIC: [8] Undefined index: username /home/4/f/fangxinworld/www/service/Home/Lib/Action/IndexAction.class.php 第 5 行.

[ 2014-08-31T21:38:35+08:00 ] 113.141.187.183 /service/index.php/User/login.html
INFO: [ route_check ] --START--
INFO: CheckRoute Behavior ::run [ RunTime:0.003077s ]
INFO: [ route_check ] --END-- [ RunTime:0.003216s ]
INFO: [ app_begin ] --START--
INFO: ReadHtmlCache Behavior ::run [ RunTime:0.001166s ]
INFO: [ app_begin ] --END-- [ RunTime:0.001274s ]
INFO: [ view_parse ] --START--
INFO: ParseTemplate Behavior ::run [ RunTime:0.022271s ]
INFO: [ view_parse ] --END-- [ RunTime:0.022368s ]
INFO: [ view_filter ] --START--
INFO: ContentReplace Behavior ::run [ RunTime:0.001864s ]
INFO: TokenBuild Behavior ::run [ RunTime:0.001443s ]
INFO: WriteHtmlCache Behavior ::run [ RunTime:0.001242s ]
INFO: ShowRuntime Behavior ::run [ RunTime:0.001435s ]
INFO: [ view_filter ] --END-- [ RunTime:0.006219s ]
INFO: [ view_end ] --START--
INFO: ShowPageTrace Behavior ::run [ RunTime:0.001613s ]
INFO: [ view_end ] --END-- [ RunTime:0.001694s ]

[ 2014-08-31T21:39:08+08:00 ] 113.141.187.183 /service/index.php
INFO: [ app_begin ] --START--
INFO: ReadHtmlCache Behavior ::run [ RunTime:0.001263s ]
INFO: [ app_begin ] --END-- [ RunTime:0.001408s ]
NOTIC: [8] Undefined index: username /home/4/f/fangxinworld/www/service/Home/Lib/Action/IndexAction.class.php 第 5 行.

[ 2014-08-31T21:39:09+08:00 ] 113.141.187.183 /service/index.php/User/login.html
INFO: [ route_check ] --START--
INFO: CheckRoute Behavior ::run [ RunTime:0.002309s ]
INFO: [ route_check ] --END-- [ RunTime:0.002501s ]
INFO: [ app_begin ] --START--
INFO: ReadHtmlCache Behavior ::run [ RunTime:0.001035s ]
INFO: [ app_begin ] --END-- [ RunTime:0.001118s ]
INFO: [ view_parse ] --START--
INFO: ParseTemplate Behavior ::run [ RunTime:0.019040s ]
INFO: [ view_parse ] --END-- [ RunTime:0.019182s ]
INFO: [ view_filter ] --START--
INFO: ContentReplace Behavior ::run [ RunTime:0.001385s ]
INFO: TokenBuild Behavior ::run [ RunTime:0.001364s ]
INFO: WriteHtmlCache Behavior ::run [ RunTime:0.001162s ]
INFO: ShowRuntime Behavior ::run [ RunTime:0.001479s ]
INFO: [ view_filter ] --END-- [ RunTime:0.005742s ]
INFO: [ view_end ] --START--
INFO: ShowPageTrace Behavior ::run [ RunTime:0.001535s ]
INFO: [ view_end ] --END-- [ RunTime:0.001662s ]

