[ 2014-08-16T08:17:49+08:00 ] 123.138.17.53 /service/index.php
INFO: [ app_begin ] --START--
INFO: ReadHtmlCache Behavior ::run [ RunTime:0.001328s ]
INFO: [ app_begin ] --END-- [ RunTime:0.001461s ]
NOTIC: [8] Undefined index: username /home/4/f/fangxinworld/www/service/Home/Lib/Action/IndexAction.class.php 第 5 行.

[ 2014-08-16T08:17:50+08:00 ] 123.138.17.53 /service/index.php/User/login.html
INFO: [ route_check ] --START--
INFO: CheckRoute Behavior ::run [ RunTime:0.001520s ]
INFO: [ route_check ] --END-- [ RunTime:0.001653s ]
INFO: [ app_begin ] --START--
INFO: ReadHtmlCache Behavior ::run [ RunTime:0.000999s ]
INFO: [ app_begin ] --END-- [ RunTime:0.001082s ]
INFO: [ view_parse ] --START--
INFO: ParseTemplate Behavior ::run [ RunTime:0.019202s ]
INFO: [ view_parse ] --END-- [ RunTime:0.019343s ]
INFO: [ view_filter ] --START--
INFO: ContentReplace Behavior ::run [ RunTime:0.001288s ]
INFO: TokenBuild Behavior ::run [ RunTime:0.001355s ]
INFO: WriteHtmlCache Behavior ::run [ RunTime:0.001204s ]
INFO: ShowRuntime Behavior ::run [ RunTime:0.001496s ]
INFO: [ view_filter ] --END-- [ RunTime:0.005691s ]
INFO: [ view_end ] --START--
INFO: ShowPageTrace Behavior ::run [ RunTime:0.001782s ]
INFO: [ view_end ] --END-- [ RunTime:0.001899s ]

