[ 2014-03-24T15:18:01+08:00 ] 202.197.224.247 /service/index.php
INFO: [ app_begin ] --START--
INFO: ReadHtmlCache Behavior ::run [ RunTime:0.010301s ]
INFO: [ app_begin ] --END-- [ RunTime:0.010475s ]
NOTIC: [8] Undefined index: username /home/4/f/fangxinworld/www/service/Home/Lib/Action/IndexAction.class.php 第 5 行.

[ 2014-03-24T15:18:01+08:00 ] 202.197.224.247 /service/index.php/User/login.html
INFO: [ route_check ] --START--
INFO: CheckRoute Behavior ::run [ RunTime:0.006810s ]
INFO: [ route_check ] --END-- [ RunTime:0.006997s ]
INFO: [ app_begin ] --START--
INFO: ReadHtmlCache Behavior ::run [ RunTime:0.000876s ]
INFO: [ app_begin ] --END-- [ RunTime:0.000971s ]
INFO: [ view_parse ] --START--
INFO: ParseTemplate Behavior ::run [ RunTime:0.100514s ]
INFO: [ view_parse ] --END-- [ RunTime:0.100662s ]
INFO: [ view_filter ] --START--
INFO: ContentReplace Behavior ::run [ RunTime:0.009184s ]
INFO: TokenBuild Behavior ::run [ RunTime:0.001516s ]
INFO: WriteHtmlCache Behavior ::run [ RunTime:0.006134s ]
INFO: ShowRuntime Behavior ::run [ RunTime:0.001609s ]
INFO: [ view_filter ] --END-- [ RunTime:0.018685s ]
INFO: [ view_end ] --START--
INFO: ShowPageTrace Behavior ::run [ RunTime:0.002177s ]
INFO: [ view_end ] --END-- [ RunTime:0.002310s ]

[ 2014-03-24T16:24:40+08:00 ] 115.24.32.74 /service/index.php
INFO: [ app_begin ] --START--
INFO: ReadHtmlCache Behavior ::run [ RunTime:0.001981s ]
INFO: [ app_begin ] --END-- [ RunTime:0.002138s ]
NOTIC: [8] Undefined index: username /home/4/f/fangxinworld/www/service/Home/Lib/Action/IndexAction.class.php 第 5 行.

[ 2014-03-24T16:24:41+08:00 ] 115.24.32.74 /service/index.php/User/login.html
INFO: [ route_check ] --START--
INFO: CheckRoute Behavior ::run [ RunTime:0.001453s ]
INFO: [ route_check ] --END-- [ RunTime:0.001571s ]
INFO: [ app_begin ] --START--
INFO: ReadHtmlCache Behavior ::run [ RunTime:0.000894s ]
INFO: [ app_begin ] --END-- [ RunTime:0.000975s ]
INFO: [ view_parse ] --START--
INFO: ParseTemplate Behavior ::run [ RunTime:0.055384s ]
INFO: [ view_parse ] --END-- [ RunTime:0.055583s ]
INFO: [ view_filter ] --START--
INFO: ContentReplace Behavior ::run [ RunTime:0.001564s ]
INFO: TokenBuild Behavior ::run [ RunTime:0.001369s ]
INFO: WriteHtmlCache Behavior ::run [ RunTime:0.001176s ]
INFO: ShowRuntime Behavior ::run [ RunTime:0.001463s ]
INFO: [ view_filter ] --END-- [ RunTime:0.005922s ]
INFO: [ view_end ] --START--
INFO: ShowPageTrace Behavior ::run [ RunTime:0.001816s ]
INFO: [ view_end ] --END-- [ RunTime:0.001956s ]

