[ 2014-03-17T09:47:23+08:00 ] 221.178.188.194 /service/index.php
INFO: [ app_begin ] --START--
INFO: ReadHtmlCache Behavior ::run [ RunTime:0.014803s ]
INFO: [ app_begin ] --END-- [ RunTime:0.014926s ]
NOTIC: [8] Undefined index: username /home/4/f/fangxinworld/www/service/Home/Lib/Action/IndexAction.class.php 第 5 行.

[ 2014-03-17T09:47:23+08:00 ] 221.178.188.194 /service/index.php/User/login.html
INFO: [ route_check ] --START--
INFO: CheckRoute Behavior ::run [ RunTime:0.024830s ]
INFO: [ route_check ] --END-- [ RunTime:0.024979s ]
INFO: [ app_begin ] --START--
INFO: ReadHtmlCache Behavior ::run [ RunTime:0.000910s ]
INFO: [ app_begin ] --END-- [ RunTime:0.000994s ]
INFO: [ view_parse ] --START--
INFO: ParseTemplate Behavior ::run [ RunTime:0.089825s ]
INFO: [ view_parse ] --END-- [ RunTime:0.089935s ]
INFO: [ view_filter ] --START--
INFO: ContentReplace Behavior ::run [ RunTime:0.004311s ]
INFO: TokenBuild Behavior ::run [ RunTime:0.001459s ]
INFO: WriteHtmlCache Behavior ::run [ RunTime:0.002215s ]
INFO: ShowRuntime Behavior ::run [ RunTime:0.001416s ]
INFO: [ view_filter ] --END-- [ RunTime:0.009633s ]
INFO: [ view_end ] --START--
INFO: ShowPageTrace Behavior ::run [ RunTime:0.001759s ]
INFO: [ view_end ] --END-- [ RunTime:0.001860s ]

