[ 2014-02-08T14:18:38+08:00 ] 123.138.40.77 /service/index.php
INFO: [ app_begin ] --START--
INFO: ReadHtmlCache Behavior ::run [ RunTime:0.007647s ]
INFO: [ app_begin ] --END-- [ RunTime:0.007791s ]
NOTIC: [8] Undefined index: username /home/4/f/fangxinworld/www/service/Home/Lib/Action/IndexAction.class.php 第 5 行.

[ 2014-02-08T14:18:39+08:00 ] 123.138.40.77 /service/index.php/User/login.html
INFO: [ route_check ] --START--
INFO: CheckRoute Behavior ::run [ RunTime:0.010452s ]
INFO: [ route_check ] --END-- [ RunTime:0.010609s ]
INFO: [ app_begin ] --START--
INFO: ReadHtmlCache Behavior ::run [ RunTime:0.000930s ]
INFO: [ app_begin ] --END-- [ RunTime:0.001012s ]
INFO: [ view_parse ] --START--
INFO: ParseTemplate Behavior ::run [ RunTime:0.060098s ]
INFO: [ view_parse ] --END-- [ RunTime:0.060234s ]
INFO: [ view_filter ] --START--
INFO: ContentReplace Behavior ::run [ RunTime:0.001481s ]
INFO: TokenBuild Behavior ::run [ RunTime:0.001632s ]
INFO: WriteHtmlCache Behavior ::run [ RunTime:0.006665s ]
INFO: ShowRuntime Behavior ::run [ RunTime:0.001455s ]
INFO: [ view_filter ] --END-- [ RunTime:0.011495s ]
INFO: [ view_end ] --START--
INFO: ShowPageTrace Behavior ::run [ RunTime:0.001418s ]
INFO: [ view_end ] --END-- [ RunTime:0.001490s ]

