[ 2014-05-05T13:19:36+08:00 ] 1.86.8.14 /service/index.php
INFO: [ app_begin ] --START--
INFO: ReadHtmlCache Behavior ::run [ RunTime:0.010958s ]
INFO: [ app_begin ] --END-- [ RunTime:0.011097s ]
NOTIC: [8] Undefined index: username /home/4/f/fangxinworld/www/service/Home/Lib/Action/IndexAction.class.php 第 5 行.

[ 2014-05-05T13:19:36+08:00 ] 1.86.8.14 /service/index.php/User/login.html
INFO: [ route_check ] --START--
INFO: CheckRoute Behavior ::run [ RunTime:0.008585s ]
INFO: [ route_check ] --END-- [ RunTime:0.008713s ]
INFO: [ app_begin ] --START--
INFO: ReadHtmlCache Behavior ::run [ RunTime:0.000843s ]
INFO: [ app_begin ] --END-- [ RunTime:0.000918s ]
INFO: [ view_parse ] --START--
INFO: ParseTemplate Behavior ::run [ RunTime:0.059926s ]
INFO: [ view_parse ] --END-- [ RunTime:0.060061s ]
INFO: [ view_filter ] --START--
INFO: ContentReplace Behavior ::run [ RunTime:0.003104s ]
INFO: TokenBuild Behavior ::run [ RunTime:0.001365s ]
INFO: WriteHtmlCache Behavior ::run [ RunTime:0.006346s ]
INFO: ShowRuntime Behavior ::run [ RunTime:0.001439s ]
INFO: [ view_filter ] --END-- [ RunTime:0.012476s ]
INFO: [ view_end ] --START--
INFO: ShowPageTrace Behavior ::run [ RunTime:0.001562s ]
INFO: [ view_end ] --END-- [ RunTime:0.001639s ]

