[ 2014-10-15T14:10:01+08:00 ] 66.249.67.77 /service/index.php
INFO: [ app_begin ] --START--
INFO: ReadHtmlCache Behavior ::run [ RunTime:0.003744s ]
INFO: [ app_begin ] --END-- [ RunTime:0.003908s ]
NOTIC: [8] Undefined index: username /home/4/f/fangxinworld/www/service/Home/Lib/Action/IndexAction.class.php 第 5 行.

[ 2014-10-15T14:10:02+08:00 ] 66.249.67.93 /service/index.php/User/login.html
INFO: [ route_check ] --START--
INFO: CheckRoute Behavior ::run [ RunTime:0.002480s ]
INFO: [ route_check ] --END-- [ RunTime:0.002622s ]
INFO: [ app_begin ] --START--
INFO: ReadHtmlCache Behavior ::run [ RunTime:0.000974s ]
INFO: [ app_begin ] --END-- [ RunTime:0.001059s ]
INFO: [ view_parse ] --START--
INFO: ParseTemplate Behavior ::run [ RunTime:0.023826s ]
INFO: [ view_parse ] --END-- [ RunTime:0.023946s ]
INFO: [ view_filter ] --START--
INFO: ContentReplace Behavior ::run [ RunTime:0.002093s ]
INFO: TokenBuild Behavior ::run [ RunTime:0.002042s ]
INFO: WriteHtmlCache Behavior ::run [ RunTime:0.001465s ]
INFO: ShowRuntime Behavior ::run [ RunTime:0.002189s ]
INFO: [ view_filter ] --END-- [ RunTime:0.008083s ]
INFO: [ view_end ] --START--
INFO: ShowPageTrace Behavior ::run [ RunTime:0.002276s ]
INFO: [ view_end ] --END-- [ RunTime:0.002408s ]

