[ 2014-11-27T01:01:33+08:00 ] 66.249.78.200 /service/index.php
INFO: [ app_begin ] --START--
INFO: ReadHtmlCache Behavior ::run [ RunTime:0.002447s ]
INFO: [ app_begin ] --END-- [ RunTime:0.002634s ]
NOTIC: [8] Undefined index: username /home/4/f/fangxinworld/www/service/Home/Lib/Action/IndexAction.class.php 第 5 行.

[ 2014-11-27T01:01:33+08:00 ] 66.249.78.214 /service/index.php/User/login.html
INFO: [ route_check ] --START--
INFO: CheckRoute Behavior ::run [ RunTime:0.002895s ]
INFO: [ route_check ] --END-- [ RunTime:0.003064s ]
INFO: [ app_begin ] --START--
INFO: ReadHtmlCache Behavior ::run [ RunTime:0.001274s ]
INFO: [ app_begin ] --END-- [ RunTime:0.001389s ]
INFO: [ view_parse ] --START--
INFO: ParseTemplate Behavior ::run [ RunTime:0.020316s ]
INFO: [ view_parse ] --END-- [ RunTime:0.020434s ]
INFO: [ view_filter ] --START--
INFO: ContentReplace Behavior ::run [ RunTime:0.001551s ]
INFO: TokenBuild Behavior ::run [ RunTime:0.001954s ]
INFO: WriteHtmlCache Behavior ::run [ RunTime:0.001241s ]
INFO: ShowRuntime Behavior ::run [ RunTime:0.001382s ]
INFO: [ view_filter ] --END-- [ RunTime:0.006357s ]
INFO: [ view_end ] --START--
INFO: ShowPageTrace Behavior ::run [ RunTime:0.001615s ]
INFO: [ view_end ] --END-- [ RunTime:0.001696s ]

