[ 2014-12-06T05:10:20+08:00 ] 66.249.67.93 /service/index.php/User/reg
INFO: [ route_check ] --START--
INFO: CheckRoute Behavior ::run [ RunTime:0.004102s ]
INFO: [ route_check ] --END-- [ RunTime:0.004308s ]
INFO: [ app_begin ] --START--
INFO: ReadHtmlCache Behavior ::run [ RunTime:0.002410s ]
INFO: [ app_begin ] --END-- [ RunTime:0.002518s ]
SQL: SHOW COLUMNS FROM `think_user` [ RunTime:0.015347s ]
SQL: SELECT * FROM `think_user`  [ RunTime:0.083579s ]
INFO: [ view_parse ] --START--
INFO: ParseTemplate Behavior ::run [ RunTime:0.028774s ]
INFO: [ view_parse ] --END-- [ RunTime:0.028889s ]
INFO: [ view_filter ] --START--
INFO: ContentReplace Behavior ::run [ RunTime:0.006943s ]
INFO: TokenBuild Behavior ::run [ RunTime:0.001629s ]
INFO: WriteHtmlCache Behavior ::run [ RunTime:0.001428s ]
INFO: ShowRuntime Behavior ::run [ RunTime:0.001523s ]
INFO: [ view_filter ] --END-- [ RunTime:0.011752s ]
INFO: [ view_end ] --START--
INFO: ShowPageTrace Behavior ::run [ RunTime:0.001748s ]
INFO: [ view_end ] --END-- [ RunTime:0.001846s ]

