[ 2014-12-26T04:59:24+08:00 ] 66.249.67.85 /service/index.php
INFO: [ app_begin ] --START--
INFO: ReadHtmlCache Behavior ::run [ RunTime:0.002074s ]
INFO: [ app_begin ] --END-- [ RunTime:0.002202s ]
NOTIC: [8] Undefined index: username /home/4/f/fangxinworld/www/service/Home/Lib/Action/IndexAction.class.php 第 5 行.

[ 2014-12-26T04:59:29+08:00 ] 66.249.67.85 /service/index.php/User/login.html
INFO: [ route_check ] --START--
INFO: CheckRoute Behavior ::run [ RunTime:0.002795s ]
INFO: [ route_check ] --END-- [ RunTime:0.002932s ]
INFO: [ app_begin ] --START--
INFO: ReadHtmlCache Behavior ::run [ RunTime:0.000954s ]
INFO: [ app_begin ] --END-- [ RunTime:0.001038s ]
INFO: [ view_parse ] --START--
INFO: ParseTemplate Behavior ::run [ RunTime:0.037906s ]
INFO: [ view_parse ] --END-- [ RunTime:0.038031s ]
INFO: [ view_filter ] --START--
INFO: ContentReplace Behavior ::run [ RunTime:0.004944s ]
INFO: TokenBuild Behavior ::run [ RunTime:0.001425s ]
INFO: WriteHtmlCache Behavior ::run [ RunTime:0.001225s ]
INFO: ShowRuntime Behavior ::run [ RunTime:0.001491s ]
INFO: [ view_filter ] --END-- [ RunTime:0.009312s ]
INFO: [ view_end ] --START--
INFO: ShowPageTrace Behavior ::run [ RunTime:0.001666s ]
INFO: [ view_end ] --END-- [ RunTime:0.001749s ]

