[ 2014-11-29T21:47:00+08:00 ] 66.249.67.77 /service/index.php/User/reg
INFO: [ route_check ] --START--
INFO: CheckRoute Behavior ::run [ RunTime:0.003539s ]
INFO: [ route_check ] --END-- [ RunTime:0.003715s ]
INFO: [ app_begin ] --START--
INFO: ReadHtmlCache Behavior ::run [ RunTime:0.001915s ]
INFO: [ app_begin ] --END-- [ RunTime:0.002046s ]
SQL: SHOW COLUMNS FROM `think_user` [ RunTime:0.016922s ]
SQL: SELECT * FROM `think_user`  [ RunTime:0.002320s ]
INFO: [ view_parse ] --START--
INFO: ParseTemplate Behavior ::run [ RunTime:0.026372s ]
INFO: [ view_parse ] --END-- [ RunTime:0.026503s ]
INFO: [ view_filter ] --START--
INFO: ContentReplace Behavior ::run [ RunTime:0.002178s ]
INFO: TokenBuild Behavior ::run [ RunTime:0.001686s ]
INFO: WriteHtmlCache Behavior ::run [ RunTime:0.001690s ]
INFO: ShowRuntime Behavior ::run [ RunTime:0.002503s ]
INFO: [ view_filter ] --END-- [ RunTime:0.008380s ]
INFO: [ view_end ] --START--
INFO: ShowPageTrace Behavior ::run [ RunTime:0.002134s ]
INFO: [ view_end ] --END-- [ RunTime:0.002261s ]

