[ 2014-10-07T00:39:49+08:00 ] 208.115.113.92 /service/index.php/User/login.html
INFO: [ route_check ] --START--
INFO: CheckRoute Behavior ::run [ RunTime:0.002248s ]
INFO: [ route_check ] --END-- [ RunTime:0.002397s ]
INFO: [ app_begin ] --START--
INFO: ReadHtmlCache Behavior ::run [ RunTime:0.001518s ]
INFO: [ app_begin ] --END-- [ RunTime:0.001607s ]
INFO: [ view_parse ] --START--
INFO: ParseTemplate Behavior ::run [ RunTime:0.018957s ]
INFO: [ view_parse ] --END-- [ RunTime:0.019054s ]
INFO: [ view_filter ] --START--
INFO: ContentReplace Behavior ::run [ RunTime:0.001439s ]
INFO: TokenBuild Behavior ::run [ RunTime:0.001839s ]
INFO: WriteHtmlCache Behavior ::run [ RunTime:0.001247s ]
INFO: ShowRuntime Behavior ::run [ RunTime:0.001459s ]
INFO: [ view_filter ] --END-- [ RunTime:0.006211s ]
INFO: [ view_end ] --START--
INFO: ShowPageTrace Behavior ::run [ RunTime:0.001926s ]
INFO: [ view_end ] --END-- [ RunTime:0.002036s ]

[ 2014-10-07T02:46:10+08:00 ] 208.115.113.82 /service/index.php
INFO: [ app_begin ] --START--
INFO: ReadHtmlCache Behavior ::run [ RunTime:0.002059s ]
INFO: [ app_begin ] --END-- [ RunTime:0.002244s ]
NOTIC: [8] Undefined index: username /home/4/f/fangxinworld/www/service/Home/Lib/Action/IndexAction.class.php 第 5 行.

