[ 2014-10-23T09:04:57+08:00 ] 66.249.64.69 /service/index.php
INFO: [ app_begin ] --START--
INFO: ReadHtmlCache Behavior ::run [ RunTime:0.002443s ]
INFO: [ app_begin ] --END-- [ RunTime:0.002578s ]
NOTIC: [8] Undefined index: username /home/4/f/fangxinworld/www/service/Home/Lib/Action/IndexAction.class.php 第 5 行.

[ 2014-10-23T09:05:12+08:00 ] 66.249.64.65 /service/index.php/User/login.html
INFO: [ route_check ] --START--
INFO: CheckRoute Behavior ::run [ RunTime:0.002526s ]
INFO: [ route_check ] --END-- [ RunTime:0.002660s ]
INFO: [ app_begin ] --START--
INFO: ReadHtmlCache Behavior ::run [ RunTime:0.001229s ]
INFO: [ app_begin ] --END-- [ RunTime:0.001315s ]
INFO: [ view_parse ] --START--
INFO: ParseTemplate Behavior ::run [ RunTime:0.020434s ]
INFO: [ view_parse ] --END-- [ RunTime:0.020528s ]
INFO: [ view_filter ] --START--
INFO: ContentReplace Behavior ::run [ RunTime:0.001924s ]
INFO: TokenBuild Behavior ::run [ RunTime:0.002077s ]
INFO: WriteHtmlCache Behavior ::run [ RunTime:0.001590s ]
INFO: ShowRuntime Behavior ::run [ RunTime:0.001643s ]
INFO: [ view_filter ] --END-- [ RunTime:0.007508s ]
INFO: [ view_end ] --START--
INFO: ShowPageTrace Behavior ::run [ RunTime:0.001709s ]
INFO: [ view_end ] --END-- [ RunTime:0.001815s ]

[ 2014-10-23T14:42:29+08:00 ] 208.115.113.82 /service/index.php
INFO: [ app_begin ] --START--
INFO: ReadHtmlCache Behavior ::run [ RunTime:0.001270s ]
INFO: [ app_begin ] --END-- [ RunTime:0.001401s ]
NOTIC: [8] Undefined index: username /home/4/f/fangxinworld/www/service/Home/Lib/Action/IndexAction.class.php 第 5 行.

