[ 2015-01-23T19:33:46+08:00 ] 218.30.103.112 /service/index.php
INFO: [ app_begin ] --START--
INFO: ReadHtmlCache Behavior ::run [ RunTime:0.002644s ]
INFO: [ app_begin ] --END-- [ RunTime:0.002829s ]
NOTIC: [8] Undefined index: username /home/4/f/fangxinworld/www/service/Home/Lib/Action/IndexAction.class.php 第 5 行.

[ 2015-01-23T19:34:50+08:00 ] 218.30.103.112 /service/index.php/User/login.html
INFO: [ route_check ] --START--
INFO: CheckRoute Behavior ::run [ RunTime:0.003017s ]
INFO: [ route_check ] --END-- [ RunTime:0.003150s ]
INFO: [ app_begin ] --START--
INFO: ReadHtmlCache Behavior ::run [ RunTime:0.001111s ]
INFO: [ app_begin ] --END-- [ RunTime:0.001196s ]
INFO: [ view_parse ] --START--
INFO: ParseTemplate Behavior ::run [ RunTime:0.019160s ]
INFO: [ view_parse ] --END-- [ RunTime:0.019255s ]
INFO: [ view_filter ] --START--
INFO: ContentReplace Behavior ::run [ RunTime:0.001489s ]
INFO: TokenBuild Behavior ::run [ RunTime:0.001501s ]
INFO: WriteHtmlCache Behavior ::run [ RunTime:0.001347s ]
INFO: ShowRuntime Behavior ::run [ RunTime:0.001447s ]
INFO: [ view_filter ] --END-- [ RunTime:0.006011s ]
INFO: [ view_end ] --START--
INFO: ShowPageTrace Behavior ::run [ RunTime:0.001649s ]
INFO: [ view_end ] --END-- [ RunTime:0.001731s ]

