[ 2015-02-09T17:12:55+08:00 ] 123.138.245.132 /service/
INFO: [ app_begin ] --START--
INFO: ReadHtmlCache Behavior ::run [ RunTime:0.001993s ]
INFO: [ app_begin ] --END-- [ RunTime:0.002125s ]
NOTIC: [8] Undefined index: username /home/4/f/fangxinworld/www/service/Home/Lib/Action/IndexAction.class.php 第 5 行.

[ 2015-02-09T17:12:57+08:00 ] 123.138.245.132 /service/index.php/User/login.html
INFO: [ route_check ] --START--
INFO: CheckRoute Behavior ::run [ RunTime:0.002596s ]
INFO: [ route_check ] --END-- [ RunTime:0.002725s ]
INFO: [ app_begin ] --START--
INFO: ReadHtmlCache Behavior ::run [ RunTime:0.000866s ]
INFO: [ app_begin ] --END-- [ RunTime:0.000947s ]
INFO: [ view_parse ] --START--
INFO: ParseTemplate Behavior ::run [ RunTime:0.021527s ]
INFO: [ view_parse ] --END-- [ RunTime:0.021641s ]
INFO: [ view_filter ] --START--
INFO: ContentReplace Behavior ::run [ RunTime:0.002095s ]
INFO: TokenBuild Behavior ::run [ RunTime:0.002078s ]
INFO: WriteHtmlCache Behavior ::run [ RunTime:0.001569s ]
INFO: ShowRuntime Behavior ::run [ RunTime:0.001822s ]
INFO: [ view_filter ] --END-- [ RunTime:0.007872s ]
INFO: [ view_end ] --START--
INFO: ShowPageTrace Behavior ::run [ RunTime:0.001799s ]
INFO: [ view_end ] --END-- [ RunTime:0.001894s ]

[ 2015-02-09T17:13:11+08:00 ] 123.138.245.132 /service/index.php/User/logincheck
INFO: [ route_check ] --START--
INFO: CheckRoute Behavior ::run [ RunTime:0.001557s ]
INFO: [ route_check ] --END-- [ RunTime:0.001704s ]
INFO: [ app_begin ] --START--
INFO: ReadHtmlCache Behavior ::run [ RunTime:0.001484s ]
INFO: [ app_begin ] --END-- [ RunTime:0.001652s ]
SQL: SHOW COLUMNS FROM `think_user` [ RunTime:0.002269s ]
SQL: SELECT * FROM `think_user` WHERE ( uname='gentaibjs' ) LIMIT 1   [ RunTime:0.006690s ]
INFO: [ view_parse ] --START--
INFO: ParseTemplate Behavior ::run [ RunTime:0.016207s ]
INFO: [ view_parse ] --END-- [ RunTime:0.016310s ]
INFO: [ view_filter ] --START--
INFO: ContentReplace Behavior ::run [ RunTime:0.000901s ]
INFO: TokenBuild Behavior ::run [ RunTime:0.000972s ]
INFO: WriteHtmlCache Behavior ::run [ RunTime:0.000842s ]
INFO: ShowRuntime Behavior ::run [ RunTime:0.001582s ]
INFO: [ view_filter ] --END-- [ RunTime:0.004538s ]
INFO: [ view_end ] --START--
INFO: ShowPageTrace Behavior ::run [ RunTime:0.001739s ]
INFO: [ view_end ] --END-- [ RunTime:0.001862s ]

[ 2015-02-09T17:13:25+08:00 ] 123.138.245.132 /service/index.php/User/logincheck
INFO: [ route_check ] --START--
INFO: CheckRoute Behavior ::run [ RunTime:0.001920s ]
INFO: [ route_check ] --END-- [ RunTime:0.002062s ]
INFO: [ app_begin ] --START--
INFO: ReadHtmlCache Behavior ::run [ RunTime:0.001312s ]
INFO: [ app_begin ] --END-- [ RunTime:0.001408s ]
SQL: SHOW COLUMNS FROM `think_user` [ RunTime:0.001607s ]
SQL: SELECT * FROM `think_user` WHERE ( uname='bjstry' ) LIMIT 1   [ RunTime:0.000358s ]

[ 2015-02-09T17:13:26+08:00 ] 123.138.245.132 /service/index.php/Index/index.html
INFO: [ route_check ] --START--
INFO: CheckRoute Behavior ::run [ RunTime:0.002171s ]
INFO: [ route_check ] --END-- [ RunTime:0.002455s ]
INFO: [ app_begin ] --START--
INFO: ReadHtmlCache Behavior ::run [ RunTime:0.001365s ]
INFO: [ app_begin ] --END-- [ RunTime:0.001507s ]
INFO: [ view_parse ] --START--
INFO: ParseTemplate Behavior ::run [ RunTime:0.012409s ]
INFO: [ view_parse ] --END-- [ RunTime:0.012539s ]
INFO: [ view_filter ] --START--
INFO: ContentReplace Behavior ::run [ RunTime:0.000940s ]
INFO: TokenBuild Behavior ::run [ RunTime:0.000989s ]
INFO: WriteHtmlCache Behavior ::run [ RunTime:0.000732s ]
INFO: ShowRuntime Behavior ::run [ RunTime:0.001045s ]
INFO: [ view_filter ] --END-- [ RunTime:0.003923s ]
INFO: [ view_end ] --START--
INFO: ShowPageTrace Behavior ::run [ RunTime:0.001656s ]
INFO: [ view_end ] --END-- [ RunTime:0.001764s ]

[ 2015-02-09T17:13:27+08:00 ] 123.138.245.132 /service/index.php/Index/top.html
INFO: [ route_check ] --START--
INFO: CheckRoute Behavior ::run [ RunTime:0.001154s ]
INFO: [ route_check ] --END-- [ RunTime:0.001288s ]
INFO: [ app_begin ] --START--
INFO: ReadHtmlCache Behavior ::run [ RunTime:0.000857s ]
INFO: [ app_begin ] --END-- [ RunTime:0.000934s ]
NOTIC: [8] Constant THEME_NAME already defined /home/4/f/fangxinworld/www/service/ThinkPHP/Lib/Core/View.class.php 第 221 行.
NOTIC: [8] Constant THEME_PATH already defined /home/4/f/fangxinworld/www/service/ThinkPHP/Lib/Core/View.class.php 第 172 行.
NOTIC: [8] Constant APP_TMPL_PATH already defined /home/4/f/fangxinworld/www/service/ThinkPHP/Lib/Core/View.class.php 第 173 行.
INFO: [ view_parse ] --START--
INFO: ParseTemplate Behavior ::run [ RunTime:0.015978s ]
INFO: [ view_parse ] --END-- [ RunTime:0.016088s ]
INFO: [ view_filter ] --START--
INFO: ContentReplace Behavior ::run [ RunTime:0.000668s ]
INFO: TokenBuild Behavior ::run [ RunTime:0.000839s ]
INFO: WriteHtmlCache Behavior ::run [ RunTime:0.000955s ]
INFO: ShowRuntime Behavior ::run [ RunTime:0.001201s ]
INFO: [ view_filter ] --END-- [ RunTime:0.003969s ]
INFO: [ view_end ] --START--
INFO: ShowPageTrace Behavior ::run [ RunTime:0.001417s ]
INFO: [ view_end ] --END-- [ RunTime:0.001574s ]

[ 2015-02-09T17:13:28+08:00 ] 123.138.245.132 /service/index.php/Apply/applyTip.html
INFO: [ route_check ] --START--
INFO: CheckRoute Behavior ::run [ RunTime:0.001643s ]
INFO: [ route_check ] --END-- [ RunTime:0.001813s ]
INFO: [ app_begin ] --START--
INFO: ReadHtmlCache Behavior ::run [ RunTime:0.001291s ]
INFO: [ app_begin ] --END-- [ RunTime:0.001407s ]
NOTIC: [8] Constant THEME_NAME already defined /home/4/f/fangxinworld/www/service/ThinkPHP/Lib/Core/View.class.php 第 221 行.
NOTIC: [8] Constant THEME_PATH already defined /home/4/f/fangxinworld/www/service/ThinkPHP/Lib/Core/View.class.php 第 172 行.
NOTIC: [8] Constant APP_TMPL_PATH already defined /home/4/f/fangxinworld/www/service/ThinkPHP/Lib/Core/View.class.php 第 173 行.
INFO: [ view_parse ] --START--
INFO: ParseTemplate Behavior ::run [ RunTime:0.015826s ]
INFO: [ view_parse ] --END-- [ RunTime:0.015985s ]
INFO: [ view_filter ] --START--
INFO: ContentReplace Behavior ::run [ RunTime:0.001001s ]
INFO: TokenBuild Behavior ::run [ RunTime:0.000975s ]
INFO: WriteHtmlCache Behavior ::run [ RunTime:0.000812s ]
INFO: ShowRuntime Behavior ::run [ RunTime:0.001137s ]
INFO: [ view_filter ] --END-- [ RunTime:0.004241s ]
INFO: [ view_end ] --START--
INFO: ShowPageTrace Behavior ::run [ RunTime:0.001434s ]
INFO: [ view_end ] --END-- [ RunTime:0.001550s ]

[ 2015-02-09T17:13:28+08:00 ] 123.138.245.132 /service/index.php/Index/left.html
INFO: [ route_check ] --START--
INFO: CheckRoute Behavior ::run [ RunTime:0.001319s ]
INFO: [ route_check ] --END-- [ RunTime:0.001456s ]
INFO: [ app_begin ] --START--
INFO: ReadHtmlCache Behavior ::run [ RunTime:0.001262s ]
INFO: [ app_begin ] --END-- [ RunTime:0.001416s ]
NOTIC: [8] Constant THEME_NAME already defined /home/4/f/fangxinworld/www/service/ThinkPHP/Lib/Core/View.class.php 第 221 行.
NOTIC: [8] Constant THEME_PATH already defined /home/4/f/fangxinworld/www/service/ThinkPHP/Lib/Core/View.class.php 第 172 行.
NOTIC: [8] Constant APP_TMPL_PATH already defined /home/4/f/fangxinworld/www/service/ThinkPHP/Lib/Core/View.class.php 第 173 行.
INFO: [ view_parse ] --START--
INFO: ParseTemplate Behavior ::run [ RunTime:0.016022s ]
INFO: [ view_parse ] --END-- [ RunTime:0.016198s ]
INFO: [ view_filter ] --START--
INFO: ContentReplace Behavior ::run [ RunTime:0.000958s ]
INFO: TokenBuild Behavior ::run [ RunTime:0.001009s ]
INFO: WriteHtmlCache Behavior ::run [ RunTime:0.000799s ]
INFO: ShowRuntime Behavior ::run [ RunTime:0.001182s ]
INFO: [ view_filter ] --END-- [ RunTime:0.004269s ]
INFO: [ view_end ] --START--
INFO: ShowPageTrace Behavior ::run [ RunTime:0.002424s ]
INFO: [ view_end ] --END-- [ RunTime:0.002556s ]

[ 2015-02-09T17:13:46+08:00 ] 123.138.245.132 /service/index.php/Tech/workList
INFO: [ route_check ] --START--
INFO: CheckRoute Behavior ::run [ RunTime:0.001238s ]
INFO: [ route_check ] --END-- [ RunTime:0.001358s ]
INFO: [ app_begin ] --START--
INFO: ReadHtmlCache Behavior ::run [ RunTime:0.000957s ]
INFO: [ app_begin ] --END-- [ RunTime:0.001036s ]
SQL: SHOW COLUMNS FROM `think_apply` [ RunTime:0.001496s ]
SQL: SELECT COUNT(*) AS tp_count FROM `think_apply` WHERE ( `status` = 1 ) AND ( `assignstatus` = 1 ) AND ( `techreponsor` = 'bjstry' ) LIMIT 1   [ RunTime:0.000371s ]
SQL: SELECT * FROM `think_apply` WHERE ( `status` = 1 ) AND ( `assignstatus` = 1 ) AND ( `techreponsor` = 'bjstry' ) ORDER BY aid desc LIMIT 0,6   [ RunTime:0.000863s ]
INFO: [ view_parse ] --START--
INFO: ParseTemplate Behavior ::run [ RunTime:0.018269s ]
INFO: [ view_parse ] --END-- [ RunTime:0.018357s ]
INFO: [ view_filter ] --START--
INFO: ContentReplace Behavior ::run [ RunTime:0.000793s ]
INFO: TokenBuild Behavior ::run [ RunTime:0.000796s ]
INFO: WriteHtmlCache Behavior ::run [ RunTime:0.000749s ]
INFO: ShowRuntime Behavior ::run [ RunTime:0.000869s ]
INFO: [ view_filter ] --END-- [ RunTime:0.003413s ]
INFO: [ view_end ] --START--
INFO: ShowPageTrace Behavior ::run [ RunTime:0.001016s ]
INFO: [ view_end ] --END-- [ RunTime:0.001092s ]

[ 2015-02-09T17:13:54+08:00 ] 123.138.245.132 /service/index.php/Tech/workList
INFO: [ route_check ] --START--
INFO: CheckRoute Behavior ::run [ RunTime:0.002066s ]
INFO: [ route_check ] --END-- [ RunTime:0.002260s ]
INFO: [ app_begin ] --START--
INFO: ReadHtmlCache Behavior ::run [ RunTime:0.001433s ]
INFO: [ app_begin ] --END-- [ RunTime:0.001555s ]
SQL: SHOW COLUMNS FROM `think_apply` [ RunTime:0.001352s ]
SQL: SELECT COUNT(*) AS tp_count FROM `think_apply` WHERE ( `status` = 1 ) AND ( `assignstatus` = 1 ) AND ( `techreponsor` = 'bjstry' ) LIMIT 1   [ RunTime:0.000158s ]
SQL: SELECT * FROM `think_apply` WHERE ( `status` = 1 ) AND ( `assignstatus` = 1 ) AND ( `techreponsor` = 'bjstry' ) ORDER BY aid desc LIMIT 0,6   [ RunTime:0.000203s ]
INFO: [ view_parse ] --START--
INFO: ParseTemplate Behavior ::run [ RunTime:0.017956s ]
INFO: [ view_parse ] --END-- [ RunTime:0.018143s ]
INFO: [ view_filter ] --START--
INFO: ContentReplace Behavior ::run [ RunTime:0.001210s ]
INFO: TokenBuild Behavior ::run [ RunTime:0.001255s ]
INFO: WriteHtmlCache Behavior ::run [ RunTime:0.000926s ]
INFO: ShowRuntime Behavior ::run [ RunTime:0.001334s ]
INFO: [ view_filter ] --END-- [ RunTime:0.005096s ]
INFO: [ view_end ] --START--
INFO: ShowPageTrace Behavior ::run [ RunTime:0.001665s ]
INFO: [ view_end ] --END-- [ RunTime:0.001780s ]

[ 2015-02-09T17:14:04+08:00 ] 123.138.245.132 /service/index.php/Tech/workList
INFO: [ route_check ] --START--
INFO: CheckRoute Behavior ::run [ RunTime:0.001217s ]
INFO: [ route_check ] --END-- [ RunTime:0.001348s ]
INFO: [ app_begin ] --START--
INFO: ReadHtmlCache Behavior ::run [ RunTime:0.000895s ]
INFO: [ app_begin ] --END-- [ RunTime:0.000978s ]
SQL: SHOW COLUMNS FROM `think_apply` [ RunTime:0.001892s ]
SQL: SELECT COUNT(*) AS tp_count FROM `think_apply` WHERE ( `status` = 1 ) AND ( `assignstatus` = 1 ) AND ( `techreponsor` = 'bjstry' ) LIMIT 1   [ RunTime:0.002288s ]
SQL: SELECT * FROM `think_apply` WHERE ( `status` = 1 ) AND ( `assignstatus` = 1 ) AND ( `techreponsor` = 'bjstry' ) ORDER BY aid desc LIMIT 0,6   [ RunTime:0.002135s ]
INFO: [ view_parse ] --START--
INFO: ParseTemplate Behavior ::run [ RunTime:0.013631s ]
INFO: [ view_parse ] --END-- [ RunTime:0.013726s ]
INFO: [ view_filter ] --START--
INFO: ContentReplace Behavior ::run [ RunTime:0.000947s ]
INFO: TokenBuild Behavior ::run [ RunTime:0.001114s ]
INFO: WriteHtmlCache Behavior ::run [ RunTime:0.000863s ]
INFO: ShowRuntime Behavior ::run [ RunTime:0.001204s ]
INFO: [ view_filter ] --END-- [ RunTime:0.004485s ]
INFO: [ view_end ] --START--
INFO: ShowPageTrace Behavior ::run [ RunTime:0.001483s ]
INFO: [ view_end ] --END-- [ RunTime:0.001612s ]

[ 2015-02-09T17:14:11+08:00 ] 123.138.245.132 /service/index.php/User/infoManage/id/45
INFO: [ route_check ] --START--
INFO: CheckRoute Behavior ::run [ RunTime:0.001847s ]
INFO: [ route_check ] --END-- [ RunTime:0.002047s ]
INFO: [ app_begin ] --START--
INFO: ReadHtmlCache Behavior ::run [ RunTime:0.001384s ]
INFO: [ app_begin ] --END-- [ RunTime:0.001510s ]
SQL: SHOW COLUMNS FROM `think_user` [ RunTime:0.001471s ]
SQL: SELECT * FROM `think_user` WHERE ( id=45 ) LIMIT 1   [ RunTime:0.000258s ]
INFO: [ view_parse ] --START--
INFO: ParseTemplate Behavior ::run [ RunTime:0.016750s ]
INFO: [ view_parse ] --END-- [ RunTime:0.016913s ]
INFO: [ view_filter ] --START--
INFO: ContentReplace Behavior ::run [ RunTime:0.000987s ]
INFO: TokenBuild Behavior ::run [ RunTime:0.001031s ]
INFO: WriteHtmlCache Behavior ::run [ RunTime:0.000870s ]
INFO: ShowRuntime Behavior ::run [ RunTime:0.001099s ]
INFO: [ view_filter ] --END-- [ RunTime:0.004289s ]
INFO: [ view_end ] --START--
INFO: ShowPageTrace Behavior ::run [ RunTime:0.001386s ]
INFO: [ view_end ] --END-- [ RunTime:0.001505s ]

[ 2015-02-09T17:50:40+08:00 ] 0.0.0.0 /service/
INFO: [ app_begin ] --START--
INFO: ReadHtmlCache Behavior ::run [ RunTime:0.001377s ]
INFO: [ app_begin ] --END-- [ RunTime:0.001605s ]
NOTIC: [8] Undefined index: username /home/jinsong/Documents/doc/project/service/Home/Lib/Action/IndexAction.class.php 第 5 行.

[ 2015-02-09T17:50:40+08:00 ] 0.0.0.0 /service/index.php/User/login.html
INFO: [ route_check ] --START--
INFO: CheckRoute Behavior ::run [ RunTime:0.002368s ]
INFO: [ route_check ] --END-- [ RunTime:0.002643s ]
INFO: [ app_begin ] --START--
INFO: ReadHtmlCache Behavior ::run [ RunTime:0.000271s ]
INFO: [ app_begin ] --END-- [ RunTime:0.000417s ]
INFO: [ view_parse ] --START--
INFO: ParseTemplate Behavior ::run [ RunTime:0.008228s ]
INFO: [ view_parse ] --END-- [ RunTime:0.008363s ]
INFO: [ view_filter ] --START--
INFO: ContentReplace Behavior ::run [ RunTime:0.000307s ]
INFO: TokenBuild Behavior ::run [ RunTime:0.000252s ]
INFO: WriteHtmlCache Behavior ::run [ RunTime:0.000133s ]
INFO: ShowRuntime Behavior ::run [ RunTime:0.000362s ]
INFO: [ view_filter ] --END-- [ RunTime:0.001171s ]
INFO: [ view_end ] --START--
INFO: ShowPageTrace Behavior ::run [ RunTime:0.000490s ]
INFO: [ view_end ] --END-- [ RunTime:0.000542s ]

