[ 2015-01-28T05:46:55+08:00 ] 66.249.64.69 /service/index.php/User/reg
INFO: [ route_check ] --START--
INFO: CheckRoute Behavior ::run [ RunTime:0.003224s ]
INFO: [ route_check ] --END-- [ RunTime:0.003363s ]
INFO: [ app_begin ] --START--
INFO: ReadHtmlCache Behavior ::run [ RunTime:0.001473s ]
INFO: [ app_begin ] --END-- [ RunTime:0.001559s ]
SQL: SHOW COLUMNS FROM `think_user` [ RunTime:0.019004s ]
SQL: SELECT * FROM `think_user`  [ RunTime:0.006074s ]
INFO: [ view_parse ] --START--
INFO: ParseTemplate Behavior ::run [ RunTime:0.018282s ]
INFO: [ view_parse ] --END-- [ RunTime:0.018389s ]
INFO: [ view_filter ] --START--
INFO: ContentReplace Behavior ::run [ RunTime:0.001796s ]
INFO: TokenBuild Behavior ::run [ RunTime:0.001751s ]
INFO: WriteHtmlCache Behavior ::run [ RunTime:0.001240s ]
INFO: ShowRuntime Behavior ::run [ RunTime:0.001352s ]
INFO: [ view_filter ] --END-- [ RunTime:0.006360s ]
INFO: [ view_end ] --START--
INFO: ShowPageTrace Behavior ::run [ RunTime:0.005987s ]
INFO: [ view_end ] --END-- [ RunTime:0.006069s ]

[ 2015-01-28T18:55:45+08:00 ] 66.249.64.73 /service/index.php/Public/verify/
INFO: [ route_check ] --START--
INFO: CheckRoute Behavior ::run [ RunTime:0.001775s ]
INFO: [ route_check ] --END-- [ RunTime:0.001903s ]
INFO: [ app_begin ] --START--
INFO: ReadHtmlCache Behavior ::run [ RunTime:0.002379s ]
INFO: [ app_begin ] --END-- [ RunTime:0.002477s ]

