[ 2015-02-07T12:57:42+08:00 ] 218.30.103.214 /service/index.php
INFO: [ app_begin ] --START--
INFO: ReadHtmlCache Behavior ::run [ RunTime:0.002608s ]
INFO: [ app_begin ] --END-- [ RunTime:0.002788s ]
NOTIC: [8] Undefined index: username /home/4/f/fangxinworld/www/service/Home/Lib/Action/IndexAction.class.php 第 5 行.

[ 2015-02-07T12:58:24+08:00 ] 218.30.103.214 /service/index.php/User/login.html
INFO: [ route_check ] --START--
INFO: CheckRoute Behavior ::run [ RunTime:0.002552s ]
INFO: [ route_check ] --END-- [ RunTime:0.002678s ]
INFO: [ app_begin ] --START--
INFO: ReadHtmlCache Behavior ::run [ RunTime:0.001247s ]
INFO: [ app_begin ] --END-- [ RunTime:0.001336s ]
INFO: [ view_parse ] --START--
INFO: ParseTemplate Behavior ::run [ RunTime:0.021162s ]
INFO: [ view_parse ] --END-- [ RunTime:0.021277s ]
INFO: [ view_filter ] --START--
INFO: ContentReplace Behavior ::run [ RunTime:0.001729s ]
INFO: TokenBuild Behavior ::run [ RunTime:0.001339s ]
INFO: WriteHtmlCache Behavior ::run [ RunTime:0.001159s ]
INFO: ShowRuntime Behavior ::run [ RunTime:0.001372s ]
INFO: [ view_filter ] --END-- [ RunTime:0.005836s ]
INFO: [ view_end ] --START--
INFO: ShowPageTrace Behavior ::run [ RunTime:0.001699s ]
INFO: [ view_end ] --END-- [ RunTime:0.001796s ]

