[ 2015-02-28T15:42:29+08:00 ] 0.0.0.0 /service/
INFO: [ app_begin ] --START--
INFO: ReadHtmlCache Behavior ::run [ RunTime:0.001839s ]
INFO: [ app_begin ] --END-- [ RunTime:0.002120s ]
NOTIC: [8] Undefined index: username /home/jinsong/Documents/doc/project/service/Home/Lib/Action/IndexAction.class.php 第 4 行.

[ 2015-02-28T15:42:29+08:00 ] 0.0.0.0 /service/index.php/User/login.html
INFO: [ route_check ] --START--
INFO: CheckRoute Behavior ::run [ RunTime:0.034377s ]
INFO: [ route_check ] --END-- [ RunTime:0.034653s ]
INFO: [ app_begin ] --START--
INFO: ReadHtmlCache Behavior ::run [ RunTime:0.000271s ]
INFO: [ app_begin ] --END-- [ RunTime:0.000397s ]
INFO: [ view_parse ] --START--
INFO: ParseTemplate Behavior ::run [ RunTime:0.039642s ]
INFO: [ view_parse ] --END-- [ RunTime:0.039880s ]
INFO: [ view_filter ] --START--
INFO: ContentReplace Behavior ::run [ RunTime:0.001340s ]
INFO: TokenBuild Behavior ::run [ RunTime:0.001146s ]
INFO: WriteHtmlCache Behavior ::run [ RunTime:0.000594s ]
INFO: ShowRuntime Behavior ::run [ RunTime:0.001066s ]
INFO: [ view_filter ] --END-- [ RunTime:0.004590s ]
INFO: [ view_end ] --START--
INFO: ShowPageTrace Behavior ::run [ RunTime:0.014627s ]
INFO: [ view_end ] --END-- [ RunTime:0.014825s ]

